#! /c/Source/iverilog-install/bin/vvp
:ivl_version "12.0 (devel)" "(s20150603-1539-g2693dd32b)";
:ivl_delay_selection "TYPICAL";
:vpi_time_precision + 0;
:vpi_module "C:\iverilog\lib\ivl\system.vpi";
:vpi_module "C:\iverilog\lib\ivl\vhdl_sys.vpi";
:vpi_module "C:\iverilog\lib\ivl\vhdl_textio.vpi";
:vpi_module "C:\iverilog\lib\ivl\v2005_math.vpi";
:vpi_module "C:\iverilog\lib\ivl\va_math.vpi";
S_0000021826f12ce0 .scope module, "ALU" "ALU" 2 1;
 .timescale 0 0;
    .port_info 0 /INPUT 32 "operand_A";
    .port_info 1 /INPUT 32 "operand_B";
    .port_info 2 /INPUT 4 "alu_control";
    .port_info 3 /OUTPUT 32 "result";
    .port_info 4 /OUTPUT 1 "z_flag";
    .port_info 5 /OUTPUT 1 "n_flag";
L_0000021826f94858 .functor BUFT 1, C4<00000000000000000000000000000000>, C4<0>, C4<0>, C4<0>;
v0000021826efa4e0_0 .net/2u *"_ivl_0", 31 0, L_0000021826f94858;  1 drivers
L_0000021826f948e8 .functor BUFT 1, C4<00000000000000000000000000000001>, C4<0>, C4<0>, C4<0>;
v0000021826efbda0_0 .net/2u *"_ivl_10", 31 0, L_0000021826f948e8;  1 drivers
v0000021826f12e70_0 .net *"_ivl_5", 0 0, L_0000021826fec960;  1 drivers
v0000021826f12f10_0 .net *"_ivl_6", 31 0, L_0000021826fecb40;  1 drivers
L_0000021826f948a0 .functor BUFT 1, C4<0000000000000000000000000000000>, C4<0>, C4<0>, C4<0>;
v0000021826f12fb0_0 .net *"_ivl_9", 30 0, L_0000021826f948a0;  1 drivers
o0000021826f4a0c8 .functor BUFZ 4, C4<zzzz>; HiZ drive
v0000021826f13050_0 .net "alu_control", 3 0, o0000021826f4a0c8;  0 drivers
v0000021826f440c0_0 .net "n_flag", 0 0, L_0000021826fecdc0;  1 drivers
o0000021826f4a128 .functor BUFZ 32, C4<zzzzzzzzzzzzzzzzzzzzzzzzzzzzzzzz>; HiZ drive
v0000021826f44160_0 .net "operand_A", 31 0, o0000021826f4a128;  0 drivers
o0000021826f4a158 .functor BUFZ 32, C4<zzzzzzzzzzzzzzzzzzzzzzzzzzzzzzzz>; HiZ drive
v0000021826f44200_0 .net "operand_B", 31 0, o0000021826f4a158;  0 drivers
v0000021826f442a0_0 .var "result", 31 0;
v0000021826f44340_0 .net "z_flag", 0 0, L_0000021826f443e0;  1 drivers
E_0000021826f36480 .event anyedge, v0000021826f13050_0, v0000021826f44160_0, v0000021826f44200_0;
L_0000021826f443e0 .cmp/eq 32, v0000021826f442a0_0, L_0000021826f94858;
L_0000021826fec960 .part v0000021826f442a0_0, 31, 1;
L_0000021826fecb40 .concat [ 1 31 0 0], L_0000021826fec960, L_0000021826f948a0;
L_0000021826fecdc0 .cmp/eq 32, L_0000021826fecb40, L_0000021826f948e8;
    .scope S_0000021826f12ce0;
T_0 ;
    %wait E_0000021826f36480;
    %load/vec4 v0000021826f13050_0;
    %dup/vec4;
    %pushi/vec4 0, 0, 4;
    %cmp/u;
    %jmp/1 T_0.0, 6;
    %dup/vec4;
    %pushi/vec4 1, 0, 4;
    %cmp/u;
    %jmp/1 T_0.1, 6;
    %dup/vec4;
    %pushi/vec4 2, 0, 4;
    %cmp/u;
    %jmp/1 T_0.2, 6;
    %dup/vec4;
    %pushi/vec4 3, 0, 4;
    %cmp/u;
    %jmp/1 T_0.3, 6;
    %dup/vec4;
    %pushi/vec4 4, 0, 4;
    %cmp/u;
    %jmp/1 T_0.4, 6;
    %dup/vec4;
    %pushi/vec4 5, 0, 4;
    %cmp/u;
    %jmp/1 T_0.5, 6;
    %dup/vec4;
    %pushi/vec4 6, 0, 4;
    %cmp/u;
    %jmp/1 T_0.6, 6;
    %dup/vec4;
    %pushi/vec4 7, 0, 4;
    %cmp/u;
    %jmp/1 T_0.7, 6;
    %dup/vec4;
    %pushi/vec4 8, 0, 4;
    %cmp/u;
    %jmp/1 T_0.8, 6;
    %dup/vec4;
    %pushi/vec4 9, 0, 4;
    %cmp/u;
    %jmp/1 T_0.9, 6;
    %dup/vec4;
    %pushi/vec4 10, 0, 4;
    %cmp/u;
    %jmp/1 T_0.10, 6;
    %dup/vec4;
    %pushi/vec4 11, 0, 4;
    %cmp/u;
    %jmp/1 T_0.11, 6;
    %dup/vec4;
    %pushi/vec4 12, 0, 4;
    %cmp/u;
    %jmp/1 T_0.12, 6;
    %pushi/vec4 4294967295, 4294967295, 32;
    %store/vec4 v0000021826f442a0_0, 0, 32;
    %jmp T_0.14;
T_0.0 ;
    %load/vec4 v0000021826f44160_0;
    %load/vec4 v0000021826f44200_0;
    %add;
    %store/vec4 v0000021826f442a0_0, 0, 32;
    %jmp T_0.14;
T_0.1 ;
    %load/vec4 v0000021826f44160_0;
    %load/vec4 v0000021826f44200_0;
    %sub;
    %store/vec4 v0000021826f442a0_0, 0, 32;
    %jmp T_0.14;
T_0.2 ;
    %load/vec4 v0000021826f44160_0;
    %load/vec4 v0000021826f44200_0;
    %and;
    %store/vec4 v0000021826f442a0_0, 0, 32;
    %jmp T_0.14;
T_0.3 ;
    %load/vec4 v0000021826f44160_0;
    %load/vec4 v0000021826f44200_0;
    %or;
    %store/vec4 v0000021826f442a0_0, 0, 32;
    %jmp T_0.14;
T_0.4 ;
    %load/vec4 v0000021826f44160_0;
    %load/vec4 v0000021826f44200_0;
    %xor;
    %store/vec4 v0000021826f442a0_0, 0, 32;
    %jmp T_0.14;
T_0.5 ;
    %load/vec4 v0000021826f44160_0;
    %load/vec4 v0000021826f44200_0;
    %or;
    %inv;
    %store/vec4 v0000021826f442a0_0, 0, 32;
    %jmp T_0.14;
T_0.6 ;
    %load/vec4 v0000021826f44200_0;
    %ix/getv 4, v0000021826f44160_0;
    %shiftl 4;
    %store/vec4 v0000021826f442a0_0, 0, 32;
    %jmp T_0.14;
T_0.7 ;
    %load/vec4 v0000021826f44200_0;
    %ix/getv 4, v0000021826f44160_0;
    %shiftr 4;
    %store/vec4 v0000021826f442a0_0, 0, 32;
    %jmp T_0.14;
T_0.8 ;
    %load/vec4 v0000021826f44200_0;
    %parti/s 1, 31, 6;
    %pad/u 32;
    %cmpi/e 1, 0, 32;
    %jmp/0xz  T_0.15, 4;
    %pushi/vec4 2147483647, 0, 31;
    %load/vec4 v0000021826f44200_0;
    %concat/vec4; draw_concat_vec4
    %ix/getv 4, v0000021826f44160_0;
    %shiftr 4;
    %pad/u 32;
    %store/vec4 v0000021826f442a0_0, 0, 32;
    %jmp T_0.16;
T_0.15 ;
    %pushi/vec4 0, 0, 31;
    %load/vec4 v0000021826f44200_0;
    %parti/s 31, 1, 2;
    %concat/vec4; draw_concat_vec4
    %ix/getv 4, v0000021826f44160_0;
    %shiftr 4;
    %pad/u 32;
    %store/vec4 v0000021826f442a0_0, 0, 32;
T_0.16 ;
    %jmp T_0.14;
T_0.9 ;
    %load/vec4 v0000021826f44160_0;
    %load/vec4 v0000021826f44200_0;
    %cmp/u;
    %flag_mov 8, 5;
    %jmp/0 T_0.17, 8;
    %pushi/vec4 1, 0, 32;
    %jmp/1 T_0.18, 8;
T_0.17 ; End of true expr.
    %pushi/vec4 0, 0, 32;
    %jmp/0 T_0.18, 8;
 ; End of false expr.
    %blend;
T_0.18;
    %store/vec4 v0000021826f442a0_0, 0, 32;
    %jmp T_0.14;
T_0.10 ;
    %load/vec4 v0000021826f44160_0;
    %store/vec4 v0000021826f442a0_0, 0, 32;
    %jmp T_0.14;
T_0.11 ;
    %load/vec4 v0000021826f44200_0;
    %store/vec4 v0000021826f442a0_0, 0, 32;
    %jmp T_0.14;
T_0.12 ;
    %load/vec4 v0000021826f44200_0;
    %addi 8, 0, 32;
    %store/vec4 v0000021826f442a0_0, 0, 32;
    %jmp T_0.14;
T_0.14 ;
    %pop/vec4 1;
    %jmp T_0;
    .thread T_0, $push;
# The file index is used to find the file name in the following table.
:file_names 3;
    "N/A";
    "<interactive>";
    "ALU.v";
