#! /c/Source/iverilog-install/bin/vvp
:ivl_version "12.0 (devel)" "(s20150603-1539-g2693dd32b)";
:ivl_delay_selection "TYPICAL";
:vpi_time_precision + 0;
:vpi_module "C:\iverilog\lib\ivl\system.vpi";
:vpi_module "C:\iverilog\lib\ivl\vhdl_sys.vpi";
:vpi_module "C:\iverilog\lib\ivl\vhdl_textio.vpi";
:vpi_module "C:\iverilog\lib\ivl\v2005_math.vpi";
:vpi_module "C:\iverilog\lib\ivl\va_math.vpi";
S_000001c40e2c2ce0 .scope module, "Condition_Handler" "Condition_Handler" 2 1;
 .timescale 0 0;
    .port_info 0 /OUTPUT 1 "if_id_reset";
    .port_info 1 /OUTPUT 1 "CH_Out";
    .port_info 2 /INPUT 32 "instruction";
    .port_info 3 /INPUT 1 "z_flag";
    .port_info 4 /INPUT 1 "n_flag";
v000001c40e2c3640_0 .var "CH_Out", 0 0;
v000001c40e2c2e70_0 .var "if_id_reset", 0 0;
o000001c40e2f9018 .functor BUFZ 32, C4<zzzzzzzzzzzzzzzzzzzzzzzzzzzzzzzz>; HiZ drive
v000001c40e2c2f10_0 .net "instruction", 31 0, o000001c40e2f9018;  0 drivers
o000001c40e2f9048 .functor BUFZ 1, C4<z>; HiZ drive
v000001c40e2c2fb0_0 .net "n_flag", 0 0, o000001c40e2f9048;  0 drivers
o000001c40e2f9078 .functor BUFZ 1, C4<z>; HiZ drive
v000001c40e2c3050_0 .net "z_flag", 0 0, o000001c40e2f9078;  0 drivers
E_000001c40e2a9ab0 .event anyedge, v000001c40e2c2f10_0, v000001c40e2c3050_0, v000001c40e2c2fb0_0;
    .scope S_000001c40e2c2ce0;
T_0 ;
    %wait E_000001c40e2a9ab0;
    %load/vec4 v000001c40e2c2f10_0;
    %parti/s 6, 26, 6;
    %dup/vec4;
    %pushi/vec4 5, 0, 6;
    %cmp/u;
    %jmp/1 T_0.0, 6;
    %dup/vec4;
    %pushi/vec4 4, 0, 6;
    %cmp/u;
    %jmp/1 T_0.1, 6;
    %dup/vec4;
    %pushi/vec4 7, 0, 6;
    %cmp/u;
    %jmp/1 T_0.2, 6;
    %dup/vec4;
    %pushi/vec4 6, 0, 6;
    %cmp/u;
    %jmp/1 T_0.3, 6;
    %dup/vec4;
    %pushi/vec4 1, 0, 6;
    %cmp/u;
    %jmp/1 T_0.4, 6;
    %jmp T_0.5;
T_0.0 ;
    %load/vec4 v000001c40e2c3050_0;
    %pad/u 32;
    %cmpi/e 0, 0, 32;
    %jmp/0xz  T_0.6, 4;
    %pushi/vec4 1, 0, 1;
    %assign/vec4 v000001c40e2c3640_0, 0;
    %jmp T_0.7;
T_0.6 ;
    %pushi/vec4 0, 0, 1;
    %assign/vec4 v000001c40e2c3640_0, 0;
T_0.7 ;
    %jmp T_0.5;
T_0.1 ;
    %load/vec4 v000001c40e2c3050_0;
    %pad/u 32;
    %cmpi/e 1, 0, 32;
    %jmp/0xz  T_0.8, 4;
    %pushi/vec4 1, 0, 1;
    %assign/vec4 v000001c40e2c3640_0, 0;
    %jmp T_0.9;
T_0.8 ;
    %pushi/vec4 0, 0, 1;
    %assign/vec4 v000001c40e2c3640_0, 0;
T_0.9 ;
    %jmp T_0.5;
T_0.2 ;
    %load/vec4 v000001c40e2c2f10_0;
    %parti/s 5, 16, 6;
    %cmpi/e 0, 0, 5;
    %jmp/0xz  T_0.10, 4;
    %load/vec4 v000001c40e2c3050_0;
    %pad/u 32;
    %cmpi/e 0, 0, 32;
    %flag_get/vec4 4;
    %jmp/0 T_0.14, 4;
    %load/vec4 v000001c40e2c2fb0_0;
    %pad/u 32;
    %pushi/vec4 0, 0, 32;
    %cmp/e;
    %flag_get/vec4 4;
    %and;
T_0.14;
    %flag_set/vec4 8;
    %jmp/0xz  T_0.12, 8;
    %pushi/vec4 1, 0, 1;
    %assign/vec4 v000001c40e2c3640_0, 0;
    %jmp T_0.13;
T_0.12 ;
    %pushi/vec4 0, 0, 1;
    %assign/vec4 v000001c40e2c3640_0, 0;
T_0.13 ;
T_0.10 ;
    %jmp T_0.5;
T_0.3 ;
    %load/vec4 v000001c40e2c2f10_0;
    %parti/s 5, 16, 6;
    %cmpi/e 0, 0, 5;
    %jmp/0xz  T_0.15, 4;
    %load/vec4 v000001c40e2c3050_0;
    %pad/u 32;
    %cmpi/e 1, 0, 32;
    %jmp/1 T_0.19, 4;
    %flag_mov 8, 4;
    %load/vec4 v000001c40e2c2fb0_0;
    %pad/u 32;
    %cmpi/e 1, 0, 32;
    %flag_or 4, 8;
T_0.19;
    %jmp/0xz  T_0.17, 4;
    %pushi/vec4 1, 0, 1;
    %assign/vec4 v000001c40e2c3640_0, 0;
    %jmp T_0.18;
T_0.17 ;
    %pushi/vec4 0, 0, 1;
    %assign/vec4 v000001c40e2c3640_0, 0;
T_0.18 ;
T_0.15 ;
    %jmp T_0.5;
T_0.4 ;
    %load/vec4 v000001c40e2c2f10_0;
    %parti/s 5, 16, 6;
    %dup/vec4;
    %pushi/vec4 17, 0, 5;
    %cmp/u;
    %jmp/1 T_0.20, 6;
    %dup/vec4;
    %pushi/vec4 1, 0, 5;
    %cmp/u;
    %jmp/1 T_0.21, 6;
    %dup/vec4;
    %pushi/vec4 0, 0, 5;
    %cmp/u;
    %jmp/1 T_0.22, 6;
    %dup/vec4;
    %pushi/vec4 16, 0, 5;
    %cmp/u;
    %jmp/1 T_0.23, 6;
    %jmp T_0.24;
T_0.20 ;
    %pushi/vec4 1, 0, 1;
    %assign/vec4 v000001c40e2c3640_0, 0;
    %jmp T_0.24;
T_0.21 ;
    %load/vec4 v000001c40e2c3050_0;
    %pad/u 32;
    %cmpi/e 1, 0, 32;
    %jmp/1 T_0.27, 4;
    %flag_mov 8, 4;
    %load/vec4 v000001c40e2c2fb0_0;
    %pad/u 32;
    %cmpi/e 0, 0, 32;
    %flag_or 4, 8;
T_0.27;
    %jmp/0xz  T_0.25, 4;
    %pushi/vec4 1, 0, 1;
    %assign/vec4 v000001c40e2c3640_0, 0;
    %jmp T_0.26;
T_0.25 ;
    %pushi/vec4 0, 0, 1;
    %assign/vec4 v000001c40e2c3640_0, 0;
T_0.26 ;
    %jmp T_0.24;
T_0.22 ;
    %load/vec4 v000001c40e2c3050_0;
    %pad/u 32;
    %cmpi/e 0, 0, 32;
    %flag_get/vec4 4;
    %jmp/0 T_0.30, 4;
    %load/vec4 v000001c40e2c2fb0_0;
    %pad/u 32;
    %pushi/vec4 1, 0, 32;
    %cmp/e;
    %flag_get/vec4 4;
    %and;
T_0.30;
    %flag_set/vec4 8;
    %jmp/0xz  T_0.28, 8;
    %pushi/vec4 1, 0, 1;
    %assign/vec4 v000001c40e2c3640_0, 0;
    %jmp T_0.29;
T_0.28 ;
    %pushi/vec4 0, 0, 1;
    %assign/vec4 v000001c40e2c3640_0, 0;
T_0.29 ;
    %jmp T_0.24;
T_0.23 ;
    %load/vec4 v000001c40e2c2fb0_0;
    %pad/u 32;
    %cmpi/e 1, 0, 32;
    %jmp/0xz  T_0.31, 4;
    %pushi/vec4 1, 0, 1;
    %assign/vec4 v000001c40e2c3640_0, 0;
    %jmp T_0.32;
T_0.31 ;
    %pushi/vec4 0, 0, 1;
    %assign/vec4 v000001c40e2c3640_0, 0;
T_0.32 ;
    %jmp T_0.24;
T_0.24 ;
    %pop/vec4 1;
    %jmp T_0.5;
T_0.5 ;
    %pop/vec4 1;
    %jmp T_0;
    .thread T_0, $push;
# The file index is used to find the file name in the following table.
:file_names 3;
    "N/A";
    "<interactive>";
    "Condition_Handler.v";
