#! /c/Source/iverilog-install/bin/vvp
:ivl_version "12.0 (devel)" "(s20150603-1539-g2693dd32b)";
:ivl_delay_selection "TYPICAL";
:vpi_time_precision + 0;
:vpi_module "C:\iverilog\lib\ivl\system.vpi";
:vpi_module "C:\iverilog\lib\ivl\vhdl_sys.vpi";
:vpi_module "C:\iverilog\lib\ivl\vhdl_textio.vpi";
:vpi_module "C:\iverilog\lib\ivl\v2005_math.vpi";
:vpi_module "C:\iverilog\lib\ivl\va_math.vpi";
S_000001d5dc1108d0 .scope module, "Control_Unit" "Control_Unit" 2 1;
 .timescale 0 0;
    .port_info 0 /INPUT 32 "instruction";
    .port_info 1 /OUTPUT 4 "ID_ALU_OP";
    .port_info 2 /OUTPUT 1 "ID_LOAD_INSTR";
    .port_info 3 /OUTPUT 1 "ID_RF_ENABLE";
    .port_info 4 /OUTPUT 1 "ID_HI_ENABLE";
    .port_info 5 /OUTPUT 1 "ID_LO_ENABLE";
    .port_info 6 /OUTPUT 1 "ID_PC_PLUS8_INSTR";
    .port_info 7 /OUTPUT 1 "ID_UB_INSTR";
    .port_info 8 /OUTPUT 1 "ID_JALR_JR_INSTR";
    .port_info 9 /OUTPUT 2 "ID_DESTINATION_REGISTER";
    .port_info 10 /OUTPUT 3 "ID_OP_H_S";
    .port_info 11 /OUTPUT 1 "ID_MEM_ENABLE";
    .port_info 12 /OUTPUT 1 "ID_MEM_READWRITE";
    .port_info 13 /OUTPUT 2 "ID_MEM_SIZE";
    .port_info 14 /OUTPUT 1 "ID_MEM_SIGNE";
P_000001d5dc156330 .param/l "FUNC_ADD" 1 2 59, C4<100000>;
P_000001d5dc156368 .param/l "FUNC_ADDU" 1 2 60, C4<100001>;
P_000001d5dc1563a0 .param/l "FUNC_AND" 1 2 73, C4<100100>;
P_000001d5dc1563d8 .param/l "FUNC_JALR" 1 2 64, C4<001001>;
P_000001d5dc156410 .param/l "FUNC_JR" 1 2 63, C4<001000>;
P_000001d5dc156448 .param/l "FUNC_MFHI" 1 2 65, C4<010000>;
P_000001d5dc156480 .param/l "FUNC_MFLO" 1 2 66, C4<010010>;
P_000001d5dc1564b8 .param/l "FUNC_MOVN" 1 2 67, C4<001011>;
P_000001d5dc1564f0 .param/l "FUNC_MOVZ" 1 2 68, C4<001010>;
P_000001d5dc156528 .param/l "FUNC_MTHI" 1 2 69, C4<010001>;
P_000001d5dc156560 .param/l "FUNC_MTLO" 1 2 70, C4<010011>;
P_000001d5dc156598 .param/l "FUNC_NOR" 1 2 76, C4<100111>;
P_000001d5dc1565d0 .param/l "FUNC_OR" 1 2 74, C4<100101>;
P_000001d5dc156608 .param/l "FUNC_SLL" 1 2 77, C4<000000>;
P_000001d5dc156640 .param/l "FUNC_SLLV" 1 2 78, C4<000100>;
P_000001d5dc156678 .param/l "FUNC_SLT" 1 2 71, C4<101010>;
P_000001d5dc1566b0 .param/l "FUNC_SLTU" 1 2 72, C4<101011>;
P_000001d5dc1566e8 .param/l "FUNC_SRA" 1 2 79, C4<000011>;
P_000001d5dc156720 .param/l "FUNC_SRAV" 1 2 80, C4<000111>;
P_000001d5dc156758 .param/l "FUNC_SRL" 1 2 81, C4<000010>;
P_000001d5dc156790 .param/l "FUNC_SRLV" 1 2 82, C4<000110>;
P_000001d5dc1567c8 .param/l "FUNC_SUB" 1 2 61, C4<100010>;
P_000001d5dc156800 .param/l "FUNC_SUBU" 1 2 62, C4<100011>;
P_000001d5dc156838 .param/l "FUNC_XOR" 1 2 75, C4<100110>;
P_000001d5dc156870 .param/l "OPCODE_ADDI" 1 2 35, C4<001000>;
P_000001d5dc1568a8 .param/l "OPCODE_ADDIU" 1 2 36, C4<001001>;
P_000001d5dc1568e0 .param/l "OPCODE_ANDI" 1 2 39, C4<001100>;
P_000001d5dc156918 .param/l "OPCODE_BEQ" 1 2 51, C4<000100>;
P_000001d5dc156950 .param/l "OPCODE_BGTZ" 1 2 54, C4<000111>;
P_000001d5dc156988 .param/l "OPCODE_BLEZ" 1 2 53, C4<000110>;
P_000001d5dc1569c0 .param/l "OPCODE_BNE" 1 2 52, C4<000101>;
P_000001d5dc1569f8 .param/l "OPCODE_J" 1 2 33, C4<000010>;
P_000001d5dc156a30 .param/l "OPCODE_JAL" 1 2 34, C4<000011>;
P_000001d5dc156a68 .param/l "OPCODE_LB" 1 2 43, C4<100000>;
P_000001d5dc156aa0 .param/l "OPCODE_LBU" 1 2 46, C4<100100>;
P_000001d5dc156ad8 .param/l "OPCODE_LH" 1 2 44, C4<100001>;
P_000001d5dc156b10 .param/l "OPCODE_LHU" 1 2 47, C4<100101>;
P_000001d5dc156b48 .param/l "OPCODE_LUI" 1 2 42, C4<001111>;
P_000001d5dc156b80 .param/l "OPCODE_LW" 1 2 45, C4<100011>;
P_000001d5dc156bb8 .param/l "OPCODE_ORI" 1 2 40, C4<001101>;
P_000001d5dc156bf0 .param/l "OPCODE_REGIMM" 1 2 55, C4<000001>;
P_000001d5dc156c28 .param/l "OPCODE_RTYPE" 1 2 31, C4<000000>;
P_000001d5dc156c60 .param/l "OPCODE_SB" 1 2 48, C4<101000>;
P_000001d5dc156c98 .param/l "OPCODE_SH" 1 2 49, C4<101001>;
P_000001d5dc156cd0 .param/l "OPCODE_SLTI" 1 2 37, C4<001010>;
P_000001d5dc156d08 .param/l "OPCODE_SLTIU" 1 2 38, C4<001011>;
P_000001d5dc156d40 .param/l "OPCODE_SPECIAL" 1 2 32, C4<011100>;
P_000001d5dc156d78 .param/l "OPCODE_SW" 1 2 50, C4<101011>;
P_000001d5dc156db0 .param/l "OPCODE_XORI" 1 2 41, C4<001110>;
P_000001d5dc156de8 .param/l "RT_BAL" 1 2 90, C4<10001>;
P_000001d5dc156e20 .param/l "RT_BGEZ" 1 2 87, C4<00001>;
P_000001d5dc156e58 .param/l "RT_BGEZAL" 1 2 89, C4<10001>;
P_000001d5dc156e90 .param/l "RT_BLTZ" 1 2 86, C4<00000>;
P_000001d5dc156ec8 .param/l "RT_BLTZAL" 1 2 88, C4<10000>;
v000001d5dc0e34d0_0 .var "ID_ALU_OP", 3 0;
v000001d5dc152990_0 .var "ID_DESTINATION_REGISTER", 1 0;
v000001d5dc152a30_0 .var "ID_HI_ENABLE", 0 0;
v000001d5dc1aa010_0 .var "ID_JALR_JR_INSTR", 0 0;
v000001d5dc1aa0b0_0 .var "ID_LOAD_INSTR", 0 0;
v000001d5dc1aa150_0 .var "ID_LO_ENABLE", 0 0;
v000001d5dc1aa1f0_0 .var "ID_MEM_ENABLE", 0 0;
v000001d5dc1aa290_0 .var "ID_MEM_READWRITE", 0 0;
v000001d5dc1aa330_0 .var "ID_MEM_SIGNE", 0 0;
v000001d5dc1aa3d0_0 .var "ID_MEM_SIZE", 1 0;
v000001d5dc1aa470_0 .var "ID_OP_H_S", 2 0;
v000001d5dc1aa510_0 .var "ID_PC_PLUS8_INSTR", 0 0;
v000001d5dc1aa5b0_0 .var "ID_RF_ENABLE", 0 0;
v000001d5dc1aa650_0 .var "ID_UB_INSTR", 0 0;
o000001d5dc1571b8 .functor BUFZ 32, C4<zzzzzzzzzzzzzzzzzzzzzzzzzzzzzzzz>; HiZ drive
v000001d5dc1aa6f0_0 .net "instruction", 31 0, o000001d5dc1571b8;  0 drivers
E_000001d5dc14d5f0 .event anyedge, v000001d5dc1aa6f0_0;
    .scope S_000001d5dc1108d0;
T_0 ;
    %wait E_000001d5dc14d5f0;
    %pushi/vec4 0, 0, 4;
    %store/vec4 v000001d5dc0e34d0_0, 0, 4;
    %pushi/vec4 0, 0, 1;
    %store/vec4 v000001d5dc1aa0b0_0, 0, 1;
    %pushi/vec4 0, 0, 1;
    %store/vec4 v000001d5dc1aa5b0_0, 0, 1;
    %pushi/vec4 0, 0, 1;
    %store/vec4 v000001d5dc152a30_0, 0, 1;
    %pushi/vec4 0, 0, 1;
    %store/vec4 v000001d5dc1aa150_0, 0, 1;
    %pushi/vec4 0, 0, 1;
    %store/vec4 v000001d5dc1aa510_0, 0, 1;
    %pushi/vec4 0, 0, 1;
    %store/vec4 v000001d5dc1aa650_0, 0, 1;
    %pushi/vec4 0, 0, 1;
    %store/vec4 v000001d5dc1aa010_0, 0, 1;
    %pushi/vec4 0, 0, 2;
    %store/vec4 v000001d5dc152990_0, 0, 2;
    %pushi/vec4 0, 0, 3;
    %store/vec4 v000001d5dc1aa470_0, 0, 3;
    %pushi/vec4 0, 0, 1;
    %store/vec4 v000001d5dc1aa1f0_0, 0, 1;
    %pushi/vec4 0, 0, 1;
    %store/vec4 v000001d5dc1aa290_0, 0, 1;
    %pushi/vec4 0, 0, 2;
    %store/vec4 v000001d5dc1aa3d0_0, 0, 2;
    %pushi/vec4 0, 0, 1;
    %store/vec4 v000001d5dc1aa330_0, 0, 1;
    %load/vec4 v000001d5dc1aa6f0_0;
    %cmpi/e 0, 0, 32;
    %jmp/0xz  T_0.0, 4;
    %vpi_call 2 113 "$display", "This is NOP" {0 0 0};
    %jmp T_0.1;
T_0.0 ;
    %load/vec4 v000001d5dc1aa6f0_0;
    %parti/s 6, 26, 6;
    %dup/vec4;
    %pushi/vec4 0, 0, 6;
    %cmp/u;
    %jmp/1 T_0.2, 6;
    %dup/vec4;
    %pushi/vec4 8, 0, 6;
    %cmp/u;
    %jmp/1 T_0.3, 6;
    %dup/vec4;
    %pushi/vec4 9, 0, 6;
    %cmp/u;
    %jmp/1 T_0.4, 6;
    %dup/vec4;
    %pushi/vec4 10, 0, 6;
    %cmp/u;
    %jmp/1 T_0.5, 6;
    %dup/vec4;
    %pushi/vec4 11, 0, 6;
    %cmp/u;
    %jmp/1 T_0.6, 6;
    %dup/vec4;
    %pushi/vec4 12, 0, 6;
    %cmp/u;
    %jmp/1 T_0.7, 6;
    %dup/vec4;
    %pushi/vec4 13, 0, 6;
    %cmp/u;
    %jmp/1 T_0.8, 6;
    %dup/vec4;
    %pushi/vec4 14, 0, 6;
    %cmp/u;
    %jmp/1 T_0.9, 6;
    %dup/vec4;
    %pushi/vec4 15, 0, 6;
    %cmp/u;
    %jmp/1 T_0.10, 6;
    %dup/vec4;
    %pushi/vec4 35, 0, 6;
    %cmp/u;
    %jmp/1 T_0.11, 6;
    %dup/vec4;
    %pushi/vec4 33, 0, 6;
    %cmp/u;
    %jmp/1 T_0.12, 6;
    %dup/vec4;
    %pushi/vec4 37, 0, 6;
    %cmp/u;
    %jmp/1 T_0.13, 6;
    %dup/vec4;
    %pushi/vec4 32, 0, 6;
    %cmp/u;
    %jmp/1 T_0.14, 6;
    %dup/vec4;
    %pushi/vec4 36, 0, 6;
    %cmp/u;
    %jmp/1 T_0.15, 6;
    %dup/vec4;
    %pushi/vec4 63, 0, 6;
    %cmp/u;
    %jmp/1 T_0.16, 6;
    %dup/vec4;
    %pushi/vec4 43, 0, 6;
    %cmp/u;
    %jmp/1 T_0.17, 6;
    %dup/vec4;
    %pushi/vec4 41, 0, 6;
    %cmp/u;
    %jmp/1 T_0.18, 6;
    %dup/vec4;
    %pushi/vec4 40, 0, 6;
    %cmp/u;
    %jmp/1 T_0.19, 6;
    %dup/vec4;
    %pushi/vec4 4, 0, 6;
    %cmp/u;
    %jmp/1 T_0.20, 6;
    %dup/vec4;
    %pushi/vec4 1, 0, 6;
    %cmp/u;
    %jmp/1 T_0.21, 6;
    %dup/vec4;
    %pushi/vec4 7, 0, 6;
    %cmp/u;
    %jmp/1 T_0.22, 6;
    %dup/vec4;
    %pushi/vec4 6, 0, 6;
    %cmp/u;
    %jmp/1 T_0.23, 6;
    %dup/vec4;
    %pushi/vec4 5, 0, 6;
    %cmp/u;
    %jmp/1 T_0.24, 6;
    %dup/vec4;
    %pushi/vec4 2, 0, 6;
    %cmp/u;
    %jmp/1 T_0.25, 6;
    %dup/vec4;
    %pushi/vec4 3, 0, 6;
    %cmp/u;
    %jmp/1 T_0.26, 6;
    %dup/vec4;
    %pushi/vec4 28, 0, 6;
    %cmp/u;
    %jmp/1 T_0.27, 6;
    %jmp T_0.28;
T_0.2 ;
    %load/vec4 v000001d5dc1aa6f0_0;
    %parti/s 6, 0, 2;
    %dup/vec4;
    %pushi/vec4 32, 0, 6;
    %cmp/u;
    %jmp/1 T_0.29, 6;
    %dup/vec4;
    %pushi/vec4 33, 0, 6;
    %cmp/u;
    %jmp/1 T_0.30, 6;
    %dup/vec4;
    %pushi/vec4 34, 0, 6;
    %cmp/u;
    %jmp/1 T_0.31, 6;
    %dup/vec4;
    %pushi/vec4 35, 0, 6;
    %cmp/u;
    %jmp/1 T_0.32, 6;
    %dup/vec4;
    %pushi/vec4 42, 0, 6;
    %cmp/u;
    %jmp/1 T_0.33, 6;
    %dup/vec4;
    %pushi/vec4 43, 0, 6;
    %cmp/u;
    %jmp/1 T_0.34, 6;
    %dup/vec4;
    %pushi/vec4 36, 0, 6;
    %cmp/u;
    %jmp/1 T_0.35, 6;
    %dup/vec4;
    %pushi/vec4 37, 0, 6;
    %cmp/u;
    %jmp/1 T_0.36, 6;
    %dup/vec4;
    %pushi/vec4 38, 0, 6;
    %cmp/u;
    %jmp/1 T_0.37, 6;
    %dup/vec4;
    %pushi/vec4 39, 0, 6;
    %cmp/u;
    %jmp/1 T_0.38, 6;
    %dup/vec4;
    %pushi/vec4 0, 0, 6;
    %cmp/u;
    %jmp/1 T_0.39, 6;
    %dup/vec4;
    %pushi/vec4 4, 0, 6;
    %cmp/u;
    %jmp/1 T_0.40, 6;
    %dup/vec4;
    %pushi/vec4 3, 0, 6;
    %cmp/u;
    %jmp/1 T_0.41, 6;
    %dup/vec4;
    %pushi/vec4 7, 0, 6;
    %cmp/u;
    %jmp/1 T_0.42, 6;
    %dup/vec4;
    %pushi/vec4 2, 0, 6;
    %cmp/u;
    %jmp/1 T_0.43, 6;
    %dup/vec4;
    %pushi/vec4 6, 0, 6;
    %cmp/u;
    %jmp/1 T_0.44, 6;
    %dup/vec4;
    %pushi/vec4 16, 0, 6;
    %cmp/u;
    %jmp/1 T_0.45, 6;
    %dup/vec4;
    %pushi/vec4 18, 0, 6;
    %cmp/u;
    %jmp/1 T_0.46, 6;
    %dup/vec4;
    %pushi/vec4 11, 0, 6;
    %cmp/u;
    %jmp/1 T_0.47, 6;
    %dup/vec4;
    %pushi/vec4 10, 0, 6;
    %cmp/u;
    %jmp/1 T_0.48, 6;
    %dup/vec4;
    %pushi/vec4 17, 0, 6;
    %cmp/u;
    %jmp/1 T_0.49, 6;
    %dup/vec4;
    %pushi/vec4 19, 0, 6;
    %cmp/u;
    %jmp/1 T_0.50, 6;
    %dup/vec4;
    %pushi/vec4 9, 0, 6;
    %cmp/u;
    %jmp/1 T_0.51, 6;
    %dup/vec4;
    %pushi/vec4 8, 0, 6;
    %cmp/u;
    %jmp/1 T_0.52, 6;
    %jmp T_0.53;
T_0.29 ;
    %vpi_call 2 122 "$display", "This is ADD" {0 0 0};
    %pushi/vec4 1, 0, 1;
    %store/vec4 v000001d5dc1aa5b0_0, 0, 1;
    %pushi/vec4 0, 0, 4;
    %store/vec4 v000001d5dc0e34d0_0, 0, 4;
    %jmp T_0.53;
T_0.30 ;
    %vpi_call 2 128 "$display", "This is ADDU" {0 0 0};
    %pushi/vec4 1, 0, 1;
    %store/vec4 v000001d5dc1aa5b0_0, 0, 1;
    %pushi/vec4 0, 0, 4;
    %store/vec4 v000001d5dc0e34d0_0, 0, 4;
    %jmp T_0.53;
T_0.31 ;
    %vpi_call 2 134 "$display", "This is SUB" {0 0 0};
    %pushi/vec4 1, 0, 1;
    %store/vec4 v000001d5dc1aa5b0_0, 0, 1;
    %pushi/vec4 1, 0, 4;
    %store/vec4 v000001d5dc0e34d0_0, 0, 4;
    %jmp T_0.53;
T_0.32 ;
    %vpi_call 2 140 "$display", "This is SUBU" {0 0 0};
    %pushi/vec4 1, 0, 1;
    %store/vec4 v000001d5dc1aa5b0_0, 0, 1;
    %pushi/vec4 1, 0, 4;
    %store/vec4 v000001d5dc0e34d0_0, 0, 4;
    %jmp T_0.53;
T_0.33 ;
    %vpi_call 2 146 "$display", "This is SLT" {0 0 0};
    %pushi/vec4 1, 0, 1;
    %store/vec4 v000001d5dc1aa5b0_0, 0, 1;
    %pushi/vec4 9, 0, 4;
    %store/vec4 v000001d5dc0e34d0_0, 0, 4;
    %jmp T_0.53;
T_0.34 ;
    %vpi_call 2 153 "$display", "This is SLTU" {0 0 0};
    %pushi/vec4 1, 0, 1;
    %store/vec4 v000001d5dc1aa5b0_0, 0, 1;
    %pushi/vec4 9, 0, 4;
    %store/vec4 v000001d5dc0e34d0_0, 0, 4;
    %jmp T_0.53;
T_0.35 ;
    %vpi_call 2 159 "$display", "This is AND" {0 0 0};
    %pushi/vec4 1, 0, 1;
    %store/vec4 v000001d5dc1aa5b0_0, 0, 1;
    %pushi/vec4 10, 0, 4;
    %store/vec4 v000001d5dc0e34d0_0, 0, 4;
    %jmp T_0.53;
T_0.36 ;
    %vpi_call 2 165 "$display", "This is OR" {0 0 0};
    %pushi/vec4 1, 0, 1;
    %store/vec4 v000001d5dc1aa5b0_0, 0, 1;
    %pushi/vec4 11, 0, 4;
    %store/vec4 v000001d5dc0e34d0_0, 0, 4;
    %jmp T_0.53;
T_0.37 ;
    %vpi_call 2 171 "$display", "This is XOR" {0 0 0};
    %pushi/vec4 1, 0, 1;
    %store/vec4 v000001d5dc1aa5b0_0, 0, 1;
    %pushi/vec4 4, 0, 4;
    %store/vec4 v000001d5dc0e34d0_0, 0, 4;
    %jmp T_0.53;
T_0.38 ;
    %vpi_call 2 177 "$display", "This is NOR" {0 0 0};
    %pushi/vec4 1, 0, 1;
    %store/vec4 v000001d5dc1aa5b0_0, 0, 1;
    %pushi/vec4 5, 0, 4;
    %store/vec4 v000001d5dc0e34d0_0, 0, 4;
    %jmp T_0.53;
T_0.39 ;
    %vpi_call 2 183 "$display", "This is SLL" {0 0 0};
    %pushi/vec4 14, 0, 4;
    %store/vec4 v000001d5dc0e34d0_0, 0, 4;
    %pushi/vec4 1, 0, 1;
    %store/vec4 v000001d5dc1aa5b0_0, 0, 1;
    %jmp T_0.53;
T_0.40 ;
    %vpi_call 2 189 "$display", "This is SLLV" {0 0 0};
    %pushi/vec4 14, 0, 4;
    %store/vec4 v000001d5dc0e34d0_0, 0, 4;
    %pushi/vec4 1, 0, 1;
    %store/vec4 v000001d5dc1aa5b0_0, 0, 1;
    %jmp T_0.53;
T_0.41 ;
    %vpi_call 2 195 "$display", "This is SRA" {0 0 0};
    %pushi/vec4 8, 0, 4;
    %store/vec4 v000001d5dc0e34d0_0, 0, 4;
    %pushi/vec4 1, 0, 1;
    %store/vec4 v000001d5dc1aa5b0_0, 0, 1;
    %jmp T_0.53;
T_0.42 ;
    %vpi_call 2 201 "$display", "This is SRAV" {0 0 0};
    %pushi/vec4 8, 0, 4;
    %store/vec4 v000001d5dc0e34d0_0, 0, 4;
    %pushi/vec4 1, 0, 1;
    %store/vec4 v000001d5dc1aa5b0_0, 0, 1;
    %jmp T_0.53;
T_0.43 ;
    %vpi_call 2 207 "$display", "This is SRL" {0 0 0};
    %pushi/vec4 15, 0, 4;
    %store/vec4 v000001d5dc0e34d0_0, 0, 4;
    %pushi/vec4 1, 0, 1;
    %store/vec4 v000001d5dc1aa5b0_0, 0, 1;
    %jmp T_0.53;
T_0.44 ;
    %vpi_call 2 213 "$display", "This is SRLV" {0 0 0};
    %pushi/vec4 15, 0, 4;
    %store/vec4 v000001d5dc0e34d0_0, 0, 4;
    %pushi/vec4 1, 0, 1;
    %store/vec4 v000001d5dc1aa5b0_0, 0, 1;
    %jmp T_0.53;
T_0.45 ;
    %vpi_call 2 219 "$display", "This is MFHI" {0 0 0};
    %pushi/vec4 1, 0, 1;
    %store/vec4 v000001d5dc1aa5b0_0, 0, 1;
    %pushi/vec4 1, 0, 1;
    %store/vec4 v000001d5dc152a30_0, 0, 1;
    %pushi/vec4 1, 0, 3;
    %store/vec4 v000001d5dc1aa470_0, 0, 3;
    %jmp T_0.53;
T_0.46 ;
    %vpi_call 2 226 "$display", "This is MFLO" {0 0 0};
    %pushi/vec4 1, 0, 1;
    %store/vec4 v000001d5dc1aa5b0_0, 0, 1;
    %pushi/vec4 1, 0, 1;
    %store/vec4 v000001d5dc1aa150_0, 0, 1;
    %pushi/vec4 2, 0, 3;
    %store/vec4 v000001d5dc1aa470_0, 0, 3;
    %jmp T_0.53;
T_0.47 ;
    %vpi_call 2 233 "$display", "This is MOVN" {0 0 0};
    %pushi/vec4 2, 0, 4;
    %store/vec4 v000001d5dc0e34d0_0, 0, 4;
    %pushi/vec4 1, 0, 1;
    %store/vec4 v000001d5dc1aa5b0_0, 0, 1;
    %jmp T_0.53;
T_0.48 ;
    %vpi_call 2 239 "$display", "This is MOVZ" {0 0 0};
    %pushi/vec4 2, 0, 4;
    %store/vec4 v000001d5dc0e34d0_0, 0, 4;
    %pushi/vec4 1, 0, 1;
    %store/vec4 v000001d5dc1aa5b0_0, 0, 1;
    %jmp T_0.53;
T_0.49 ;
    %vpi_call 2 245 "$display", "This is MTHI" {0 0 0};
    %pushi/vec4 1, 0, 1;
    %store/vec4 v000001d5dc152a30_0, 0, 1;
    %pushi/vec4 1, 0, 3;
    %store/vec4 v000001d5dc1aa470_0, 0, 3;
    %jmp T_0.53;
T_0.50 ;
    %vpi_call 2 251 "$display", "This is MTLO" {0 0 0};
    %pushi/vec4 1, 0, 1;
    %store/vec4 v000001d5dc1aa150_0, 0, 1;
    %pushi/vec4 2, 0, 3;
    %store/vec4 v000001d5dc1aa470_0, 0, 3;
    %jmp T_0.53;
T_0.51 ;
    %vpi_call 2 257 "$display", "This is JALR" {0 0 0};
    %pushi/vec4 0, 0, 4;
    %store/vec4 v000001d5dc0e34d0_0, 0, 4;
    %pushi/vec4 1, 0, 1;
    %store/vec4 v000001d5dc1aa5b0_0, 0, 1;
    %pushi/vec4 1, 0, 1;
    %store/vec4 v000001d5dc1aa010_0, 0, 1;
    %pushi/vec4 1, 0, 1;
    %store/vec4 v000001d5dc1aa650_0, 0, 1;
    %pushi/vec4 1, 0, 1;
    %store/vec4 v000001d5dc1aa510_0, 0, 1;
    %jmp T_0.53;
T_0.52 ;
    %vpi_call 2 267 "$display", "This is JR" {0 0 0};
    %pushi/vec4 1, 0, 1;
    %store/vec4 v000001d5dc1aa010_0, 0, 1;
    %pushi/vec4 1, 0, 1;
    %store/vec4 v000001d5dc1aa650_0, 0, 1;
    %jmp T_0.53;
T_0.53 ;
    %pop/vec4 1;
    %jmp T_0.28;
T_0.3 ;
    %vpi_call 2 275 "$display", "This is ADDI" {0 0 0};
    %pushi/vec4 1, 0, 2;
    %store/vec4 v000001d5dc152990_0, 0, 2;
    %pushi/vec4 0, 0, 4;
    %store/vec4 v000001d5dc0e34d0_0, 0, 4;
    %pushi/vec4 1, 0, 1;
    %store/vec4 v000001d5dc1aa5b0_0, 0, 1;
    %pushi/vec4 5, 0, 3;
    %store/vec4 v000001d5dc1aa470_0, 0, 3;
    %jmp T_0.28;
T_0.4 ;
    %vpi_call 2 283 "$display", "This is ADDIU" {0 0 0};
    %pushi/vec4 1, 0, 1;
    %store/vec4 v000001d5dc1aa5b0_0, 0, 1;
    %pushi/vec4 1, 0, 2;
    %store/vec4 v000001d5dc152990_0, 0, 2;
    %pushi/vec4 0, 0, 4;
    %store/vec4 v000001d5dc0e34d0_0, 0, 4;
    %pushi/vec4 5, 0, 3;
    %store/vec4 v000001d5dc1aa470_0, 0, 3;
    %jmp T_0.28;
T_0.5 ;
    %vpi_call 2 291 "$display", "This is SLTI" {0 0 0};
    %pushi/vec4 9, 0, 4;
    %store/vec4 v000001d5dc0e34d0_0, 0, 4;
    %pushi/vec4 1, 0, 1;
    %store/vec4 v000001d5dc1aa5b0_0, 0, 1;
    %pushi/vec4 1, 0, 2;
    %store/vec4 v000001d5dc152990_0, 0, 2;
    %pushi/vec4 5, 0, 3;
    %store/vec4 v000001d5dc1aa470_0, 0, 3;
    %jmp T_0.28;
T_0.6 ;
    %vpi_call 2 299 "$display", "This is SLTIU" {0 0 0};
    %pushi/vec4 9, 0, 4;
    %store/vec4 v000001d5dc0e34d0_0, 0, 4;
    %pushi/vec4 1, 0, 1;
    %store/vec4 v000001d5dc1aa5b0_0, 0, 1;
    %pushi/vec4 1, 0, 2;
    %store/vec4 v000001d5dc152990_0, 0, 2;
    %pushi/vec4 5, 0, 3;
    %store/vec4 v000001d5dc1aa470_0, 0, 3;
    %jmp T_0.28;
T_0.7 ;
    %vpi_call 2 307 "$display", "This is ANDI" {0 0 0};
    %pushi/vec4 10, 0, 4;
    %store/vec4 v000001d5dc0e34d0_0, 0, 4;
    %pushi/vec4 1, 0, 2;
    %store/vec4 v000001d5dc152990_0, 0, 2;
    %pushi/vec4 1, 0, 1;
    %store/vec4 v000001d5dc1aa5b0_0, 0, 1;
    %pushi/vec4 5, 0, 3;
    %store/vec4 v000001d5dc1aa470_0, 0, 3;
    %jmp T_0.28;
T_0.8 ;
    %vpi_call 2 315 "$display", "This is ORI" {0 0 0};
    %pushi/vec4 11, 0, 4;
    %store/vec4 v000001d5dc0e34d0_0, 0, 4;
    %pushi/vec4 1, 0, 2;
    %store/vec4 v000001d5dc152990_0, 0, 2;
    %pushi/vec4 1, 0, 1;
    %store/vec4 v000001d5dc1aa5b0_0, 0, 1;
    %pushi/vec4 5, 0, 3;
    %store/vec4 v000001d5dc1aa470_0, 0, 3;
    %jmp T_0.28;
T_0.9 ;
    %vpi_call 2 323 "$display", "This is XORI" {0 0 0};
    %pushi/vec4 4, 0, 4;
    %store/vec4 v000001d5dc0e34d0_0, 0, 4;
    %pushi/vec4 0, 0, 2;
    %store/vec4 v000001d5dc152990_0, 0, 2;
    %pushi/vec4 1, 0, 1;
    %store/vec4 v000001d5dc1aa5b0_0, 0, 1;
    %pushi/vec4 5, 0, 3;
    %store/vec4 v000001d5dc1aa470_0, 0, 3;
    %jmp T_0.28;
T_0.10 ;
    %vpi_call 2 331 "$display", "This is LUI" {0 0 0};
    %pushi/vec4 1, 0, 1;
    %store/vec4 v000001d5dc1aa5b0_0, 0, 1;
    %pushi/vec4 1, 0, 2;
    %store/vec4 v000001d5dc152990_0, 0, 2;
    %pushi/vec4 5, 0, 3;
    %store/vec4 v000001d5dc1aa470_0, 0, 3;
    %jmp T_0.28;
T_0.11 ;
    %vpi_call 2 338 "$display", "This is LW" {0 0 0};
    %pushi/vec4 0, 0, 4;
    %store/vec4 v000001d5dc0e34d0_0, 0, 4;
    %pushi/vec4 1, 0, 1;
    %store/vec4 v000001d5dc1aa0b0_0, 0, 1;
    %pushi/vec4 1, 0, 1;
    %store/vec4 v000001d5dc1aa5b0_0, 0, 1;
    %pushi/vec4 1, 0, 1;
    %store/vec4 v000001d5dc1aa1f0_0, 0, 1;
    %pushi/vec4 0, 0, 1;
    %store/vec4 v000001d5dc1aa290_0, 0, 1;
    %pushi/vec4 2, 0, 2;
    %store/vec4 v000001d5dc1aa3d0_0, 0, 2;
    %pushi/vec4 0, 0, 1;
    %store/vec4 v000001d5dc1aa330_0, 0, 1;
    %pushi/vec4 1, 0, 2;
    %store/vec4 v000001d5dc152990_0, 0, 2;
    %pushi/vec4 5, 0, 3;
    %store/vec4 v000001d5dc1aa470_0, 0, 3;
    %jmp T_0.28;
T_0.12 ;
    %vpi_call 2 351 "$display", "This is LH" {0 0 0};
    %pushi/vec4 0, 0, 4;
    %store/vec4 v000001d5dc0e34d0_0, 0, 4;
    %pushi/vec4 1, 0, 1;
    %store/vec4 v000001d5dc1aa0b0_0, 0, 1;
    %pushi/vec4 1, 0, 1;
    %store/vec4 v000001d5dc1aa5b0_0, 0, 1;
    %pushi/vec4 1, 0, 1;
    %store/vec4 v000001d5dc1aa1f0_0, 0, 1;
    %pushi/vec4 0, 0, 1;
    %store/vec4 v000001d5dc1aa290_0, 0, 1;
    %pushi/vec4 1, 0, 2;
    %store/vec4 v000001d5dc1aa3d0_0, 0, 2;
    %pushi/vec4 1, 0, 1;
    %store/vec4 v000001d5dc1aa330_0, 0, 1;
    %pushi/vec4 1, 0, 2;
    %store/vec4 v000001d5dc152990_0, 0, 2;
    %pushi/vec4 4, 0, 3;
    %store/vec4 v000001d5dc1aa470_0, 0, 3;
    %jmp T_0.28;
T_0.13 ;
    %vpi_call 2 364 "$display", "This is LHU" {0 0 0};
    %pushi/vec4 0, 0, 4;
    %store/vec4 v000001d5dc0e34d0_0, 0, 4;
    %pushi/vec4 1, 0, 1;
    %store/vec4 v000001d5dc1aa0b0_0, 0, 1;
    %pushi/vec4 1, 0, 1;
    %store/vec4 v000001d5dc1aa1f0_0, 0, 1;
    %pushi/vec4 0, 0, 1;
    %store/vec4 v000001d5dc1aa290_0, 0, 1;
    %pushi/vec4 1, 0, 2;
    %store/vec4 v000001d5dc1aa3d0_0, 0, 2;
    %pushi/vec4 0, 0, 1;
    %store/vec4 v000001d5dc1aa330_0, 0, 1;
    %pushi/vec4 1, 0, 2;
    %store/vec4 v000001d5dc152990_0, 0, 2;
    %pushi/vec4 5, 0, 3;
    %store/vec4 v000001d5dc1aa470_0, 0, 3;
    %jmp T_0.28;
T_0.14 ;
    %vpi_call 2 376 "$display", "This is LB" {0 0 0};
    %pushi/vec4 0, 0, 4;
    %store/vec4 v000001d5dc0e34d0_0, 0, 4;
    %pushi/vec4 1, 0, 1;
    %store/vec4 v000001d5dc1aa0b0_0, 0, 1;
    %pushi/vec4 1, 0, 1;
    %store/vec4 v000001d5dc1aa1f0_0, 0, 1;
    %pushi/vec4 0, 0, 1;
    %store/vec4 v000001d5dc1aa290_0, 0, 1;
    %pushi/vec4 0, 0, 2;
    %store/vec4 v000001d5dc1aa3d0_0, 0, 2;
    %pushi/vec4 1, 0, 1;
    %store/vec4 v000001d5dc1aa330_0, 0, 1;
    %pushi/vec4 1, 0, 2;
    %store/vec4 v000001d5dc152990_0, 0, 2;
    %pushi/vec4 4, 0, 3;
    %store/vec4 v000001d5dc1aa470_0, 0, 3;
    %jmp T_0.28;
T_0.15 ;
    %vpi_call 2 389 "$display", "This is LBU" {0 0 0};
    %pushi/vec4 0, 0, 4;
    %store/vec4 v000001d5dc0e34d0_0, 0, 4;
    %pushi/vec4 1, 0, 1;
    %store/vec4 v000001d5dc1aa5b0_0, 0, 1;
    %pushi/vec4 1, 0, 1;
    %store/vec4 v000001d5dc1aa0b0_0, 0, 1;
    %pushi/vec4 1, 0, 1;
    %store/vec4 v000001d5dc1aa1f0_0, 0, 1;
    %pushi/vec4 0, 0, 1;
    %store/vec4 v000001d5dc1aa290_0, 0, 1;
    %pushi/vec4 0, 0, 2;
    %store/vec4 v000001d5dc1aa3d0_0, 0, 2;
    %pushi/vec4 0, 0, 1;
    %store/vec4 v000001d5dc1aa330_0, 0, 1;
    %pushi/vec4 1, 0, 2;
    %store/vec4 v000001d5dc152990_0, 0, 2;
    %pushi/vec4 5, 0, 3;
    %store/vec4 v000001d5dc1aa470_0, 0, 3;
    %jmp T_0.28;
T_0.16 ;
    %vpi_call 2 402 "$display", "This is SD" {0 0 0};
    %pushi/vec4 0, 0, 4;
    %store/vec4 v000001d5dc0e34d0_0, 0, 4;
    %pushi/vec4 1, 0, 1;
    %store/vec4 v000001d5dc1aa5b0_0, 0, 1;
    %jmp T_0.28;
T_0.17 ;
    %vpi_call 2 408 "$display", "This is SW" {0 0 0};
    %pushi/vec4 1, 0, 1;
    %store/vec4 v000001d5dc1aa1f0_0, 0, 1;
    %pushi/vec4 1, 0, 1;
    %store/vec4 v000001d5dc1aa290_0, 0, 1;
    %pushi/vec4 2, 0, 2;
    %store/vec4 v000001d5dc1aa3d0_0, 0, 2;
    %pushi/vec4 5, 0, 3;
    %store/vec4 v000001d5dc1aa470_0, 0, 3;
    %pushi/vec4 1, 0, 1;
    %store/vec4 v000001d5dc1aa1f0_0, 0, 1;
    %pushi/vec4 1, 0, 1;
    %store/vec4 v000001d5dc1aa290_0, 0, 1;
    %pushi/vec4 3, 0, 2;
    %store/vec4 v000001d5dc1aa3d0_0, 0, 2;
    %jmp T_0.28;
T_0.18 ;
    %vpi_call 2 419 "$display", "This is SH" {0 0 0};
    %pushi/vec4 0, 0, 4;
    %store/vec4 v000001d5dc0e34d0_0, 0, 4;
    %pushi/vec4 1, 0, 1;
    %store/vec4 v000001d5dc1aa5b0_0, 0, 1;
    %pushi/vec4 1, 0, 1;
    %store/vec4 v000001d5dc1aa1f0_0, 0, 1;
    %pushi/vec4 1, 0, 1;
    %store/vec4 v000001d5dc1aa290_0, 0, 1;
    %pushi/vec4 1, 0, 2;
    %store/vec4 v000001d5dc1aa3d0_0, 0, 2;
    %pushi/vec4 5, 0, 3;
    %store/vec4 v000001d5dc1aa470_0, 0, 3;
    %jmp T_0.28;
T_0.19 ;
    %vpi_call 2 429 "$display", "This is SB" {0 0 0};
    %pushi/vec4 0, 0, 4;
    %store/vec4 v000001d5dc0e34d0_0, 0, 4;
    %pushi/vec4 1, 0, 1;
    %store/vec4 v000001d5dc1aa5b0_0, 0, 1;
    %pushi/vec4 1, 0, 1;
    %store/vec4 v000001d5dc1aa1f0_0, 0, 1;
    %pushi/vec4 1, 0, 1;
    %store/vec4 v000001d5dc1aa290_0, 0, 1;
    %pushi/vec4 0, 0, 2;
    %store/vec4 v000001d5dc1aa3d0_0, 0, 2;
    %pushi/vec4 5, 0, 3;
    %store/vec4 v000001d5dc1aa470_0, 0, 3;
    %jmp T_0.28;
T_0.20 ;
    %vpi_call 2 439 "$display", "This is B/BEQ" {0 0 0};
    %pushi/vec4 0, 0, 4;
    %store/vec4 v000001d5dc0e34d0_0, 0, 4;
    %pushi/vec4 1, 0, 1;
    %store/vec4 v000001d5dc1aa650_0, 0, 1;
    %pushi/vec4 5, 0, 3;
    %store/vec4 v000001d5dc1aa470_0, 0, 3;
    %jmp T_0.28;
T_0.21 ;
    %load/vec4 v000001d5dc1aa6f0_0;
    %parti/s 5, 16, 6;
    %dup/vec4;
    %pushi/vec4 17, 0, 5;
    %cmp/u;
    %jmp/1 T_0.54, 6;
    %dup/vec4;
    %pushi/vec4 1, 0, 5;
    %cmp/u;
    %jmp/1 T_0.55, 6;
    %dup/vec4;
    %pushi/vec4 0, 0, 5;
    %cmp/u;
    %jmp/1 T_0.56, 6;
    %dup/vec4;
    %pushi/vec4 16, 0, 5;
    %cmp/u;
    %jmp/1 T_0.57, 6;
    %jmp T_0.58;
T_0.54 ;
    %vpi_call 2 450 "$display", "This is BAL/BGEZAL" {0 0 0};
    %pushi/vec4 0, 0, 4;
    %store/vec4 v000001d5dc0e34d0_0, 0, 4;
    %pushi/vec4 1, 0, 1;
    %store/vec4 v000001d5dc1aa5b0_0, 0, 1;
    %pushi/vec4 2, 0, 2;
    %store/vec4 v000001d5dc152990_0, 0, 2;
    %pushi/vec4 1, 0, 1;
    %store/vec4 v000001d5dc1aa510_0, 0, 1;
    %pushi/vec4 1, 0, 1;
    %store/vec4 v000001d5dc1aa650_0, 0, 1;
    %jmp T_0.58;
T_0.55 ;
    %vpi_call 2 460 "$display", "This is BGEZ" {0 0 0};
    %pushi/vec4 2, 0, 4;
    %store/vec4 v000001d5dc0e34d0_0, 0, 4;
    %pushi/vec4 5, 0, 3;
    %store/vec4 v000001d5dc1aa470_0, 0, 3;
    %jmp T_0.58;
T_0.56 ;
    %vpi_call 2 466 "$display", "This is BLTZ" {0 0 0};
    %pushi/vec4 2, 0, 4;
    %store/vec4 v000001d5dc0e34d0_0, 0, 4;
    %pushi/vec4 5, 0, 3;
    %store/vec4 v000001d5dc1aa470_0, 0, 3;
    %jmp T_0.58;
T_0.57 ;
    %vpi_call 2 472 "$display", "This is BLTZAL" {0 0 0};
    %pushi/vec4 2, 0, 4;
    %store/vec4 v000001d5dc0e34d0_0, 0, 4;
    %pushi/vec4 1, 0, 1;
    %store/vec4 v000001d5dc1aa510_0, 0, 1;
    %pushi/vec4 1, 0, 1;
    %store/vec4 v000001d5dc1aa5b0_0, 0, 1;
    %pushi/vec4 2, 0, 2;
    %store/vec4 v000001d5dc152990_0, 0, 2;
    %pushi/vec4 5, 0, 3;
    %store/vec4 v000001d5dc1aa470_0, 0, 3;
    %jmp T_0.58;
T_0.58 ;
    %pop/vec4 1;
    %jmp T_0.28;
T_0.22 ;
    %load/vec4 v000001d5dc1aa6f0_0;
    %parti/s 5, 16, 6;
    %cmpi/e 0, 0, 5;
    %jmp/0xz  T_0.59, 4;
    %vpi_call 2 484 "$display", "This is BGTZ" {0 0 0};
    %pushi/vec4 2, 0, 4;
    %store/vec4 v000001d5dc0e34d0_0, 0, 4;
    %pushi/vec4 5, 0, 3;
    %store/vec4 v000001d5dc1aa470_0, 0, 3;
T_0.59 ;
    %jmp T_0.28;
T_0.23 ;
    %load/vec4 v000001d5dc1aa6f0_0;
    %parti/s 5, 16, 6;
    %cmpi/e 0, 0, 5;
    %jmp/0xz  T_0.61, 4;
    %vpi_call 2 492 "$display", "This is BLEZ" {0 0 0};
    %pushi/vec4 2, 0, 4;
    %store/vec4 v000001d5dc0e34d0_0, 0, 4;
    %pushi/vec4 5, 0, 3;
    %store/vec4 v000001d5dc1aa470_0, 0, 3;
T_0.61 ;
    %jmp T_0.28;
T_0.24 ;
    %vpi_call 2 499 "$display", "This is BNE" {0 0 0};
    %pushi/vec4 1, 0, 4;
    %store/vec4 v000001d5dc0e34d0_0, 0, 4;
    %pushi/vec4 5, 0, 3;
    %store/vec4 v000001d5dc1aa470_0, 0, 3;
    %jmp T_0.28;
T_0.25 ;
    %vpi_call 2 505 "$display", "This is J" {0 0 0};
    %pushi/vec4 0, 0, 4;
    %store/vec4 v000001d5dc0e34d0_0, 0, 4;
    %pushi/vec4 1, 0, 1;
    %store/vec4 v000001d5dc1aa650_0, 0, 1;
    %jmp T_0.28;
T_0.26 ;
    %vpi_call 2 512 "$display", "This is JAL" {0 0 0};
    %pushi/vec4 0, 0, 4;
    %store/vec4 v000001d5dc0e34d0_0, 0, 4;
    %pushi/vec4 1, 0, 1;
    %store/vec4 v000001d5dc1aa5b0_0, 0, 1;
    %pushi/vec4 2, 0, 2;
    %store/vec4 v000001d5dc152990_0, 0, 2;
    %pushi/vec4 1, 0, 1;
    %store/vec4 v000001d5dc1aa510_0, 0, 1;
    %pushi/vec4 1, 0, 1;
    %store/vec4 v000001d5dc1aa650_0, 0, 1;
    %jmp T_0.28;
T_0.27 ;
    %load/vec4 v000001d5dc1aa6f0_0;
    %parti/s 6, 0, 2;
    %dup/vec4;
    %pushi/vec4 33, 0, 6;
    %cmp/u;
    %jmp/1 T_0.63, 6;
    %dup/vec4;
    %pushi/vec4 32, 0, 6;
    %cmp/u;
    %jmp/1 T_0.64, 6;
    %jmp T_0.65;
T_0.63 ;
    %pushi/vec4 1, 0, 1;
    %store/vec4 v000001d5dc1aa5b0_0, 0, 1;
    %jmp T_0.65;
T_0.64 ;
    %pushi/vec4 1, 0, 1;
    %store/vec4 v000001d5dc1aa5b0_0, 0, 1;
    %jmp T_0.65;
T_0.65 ;
    %pop/vec4 1;
    %jmp T_0.28;
T_0.28 ;
    %pop/vec4 1;
T_0.1 ;
    %jmp T_0;
    .thread T_0, $push;
# The file index is used to find the file name in the following table.
:file_names 3;
    "N/A";
    "<interactive>";
    "Control_Unit.v";
