#! /c/Source/iverilog-install/bin/vvp
:ivl_version "12.0 (devel)" "(s20150603-1539-g2693dd32b)";
:ivl_delay_selection "TYPICAL";
:vpi_time_precision + 0;
:vpi_module "C:\iverilog\lib\ivl\system.vpi";
:vpi_module "C:\iverilog\lib\ivl\vhdl_sys.vpi";
:vpi_module "C:\iverilog\lib\ivl\vhdl_textio.vpi";
:vpi_module "C:\iverilog\lib\ivl\v2005_math.vpi";
:vpi_module "C:\iverilog\lib\ivl\va_math.vpi";
S_000001dbee14bcb0 .scope module, "Decoder_5to32" "Decoder_5to32" 2 1;
 .timescale 0 0;
    .port_info 0 /INPUT 5 "RW";
    .port_info 1 /INPUT 1 "E";
    .port_info 2 /OUTPUT 1 "Ozero";
    .port_info 3 /OUTPUT 1 "Oone";
    .port_info 4 /OUTPUT 1 "Otwo";
    .port_info 5 /OUTPUT 1 "Othree";
    .port_info 6 /OUTPUT 1 "Ofour";
    .port_info 7 /OUTPUT 1 "Ofive";
    .port_info 8 /OUTPUT 1 "Osix";
    .port_info 9 /OUTPUT 1 "Oseven";
    .port_info 10 /OUTPUT 1 "Oeight";
    .port_info 11 /OUTPUT 1 "Onine";
    .port_info 12 /OUTPUT 1 "Oten";
    .port_info 13 /OUTPUT 1 "Oeleven";
    .port_info 14 /OUTPUT 1 "Otwelve";
    .port_info 15 /OUTPUT 1 "Othirteen";
    .port_info 16 /OUTPUT 1 "Ofourteen";
    .port_info 17 /OUTPUT 1 "Ofifteen";
    .port_info 18 /OUTPUT 1 "Osixteen";
    .port_info 19 /OUTPUT 1 "Oseventeen";
    .port_info 20 /OUTPUT 1 "Oeighteen";
    .port_info 21 /OUTPUT 1 "Onineteen";
    .port_info 22 /OUTPUT 1 "Otwenty";
    .port_info 23 /OUTPUT 1 "Otwentyone";
    .port_info 24 /OUTPUT 1 "Otwentytwo";
    .port_info 25 /OUTPUT 1 "Otwentythree";
    .port_info 26 /OUTPUT 1 "Otwentyfour";
    .port_info 27 /OUTPUT 1 "Otwentyfive";
    .port_info 28 /OUTPUT 1 "Otwentysix";
    .port_info 29 /OUTPUT 1 "Otwentyseven";
    .port_info 30 /OUTPUT 1 "Otwentyeight";
    .port_info 31 /OUTPUT 1 "Otwentynine";
    .port_info 32 /OUTPUT 1 "Othirty";
    .port_info 33 /OUTPUT 1 "Othirtyone";
o000001dbee097f68 .functor BUFZ 1, C4<z>; HiZ drive
v000001dbee0534b0_0 .net "E", 0 0, o000001dbee097f68;  0 drivers
v000001dbee052f10_0 .var "Oeight", 0 0;
v000001dbee052fb0_0 .var "Oeighteen", 0 0;
v000001dbee053050_0 .var "Oeleven", 0 0;
v000001dbee084110_0 .var "Ofifteen", 0 0;
v000001dbee0841b0_0 .var "Ofive", 0 0;
v000001dbee084250_0 .var "Ofour", 0 0;
v000001dbee0842f0_0 .var "Ofourteen", 0 0;
v000001dbee084390_0 .var "Onine", 0 0;
v000001dbee084430_0 .var "Onineteen", 0 0;
v000001dbee0844d0_0 .var "Oone", 0 0;
v000001dbee084570_0 .var "Oseven", 0 0;
v000001dbee084610_0 .var "Oseventeen", 0 0;
v000001dbee0846b0_0 .var "Osix", 0 0;
v000001dbee084750_0 .var "Osixteen", 0 0;
v000001dbee0ead70_0 .var "Oten", 0 0;
v000001dbee0ea690_0 .var "Othirteen", 0 0;
v000001dbee0ea370_0 .var "Othirty", 0 0;
v000001dbee0ea9b0_0 .var "Othirtyone", 0 0;
v000001dbee0eab90_0 .var "Othree", 0 0;
v000001dbee0eae10_0 .var "Otwelve", 0 0;
v000001dbee0ea550_0 .var "Otwenty", 0 0;
v000001dbee0ea410_0 .var "Otwentyeight", 0 0;
v000001dbee0eaeb0_0 .var "Otwentyfive", 0 0;
v000001dbee0eaf50_0 .var "Otwentyfour", 0 0;
v000001dbee0ea730_0 .var "Otwentynine", 0 0;
v000001dbee0ea050_0 .var "Otwentyone", 0 0;
v000001dbee0ea4b0_0 .var "Otwentyseven", 0 0;
v000001dbee0ea0f0_0 .var "Otwentysix", 0 0;
v000001dbee0eaa50_0 .var "Otwentythree", 0 0;
v000001dbee0eac30_0 .var "Otwentytwo", 0 0;
v000001dbee0ea5f0_0 .var "Otwo", 0 0;
v000001dbee0ea7d0_0 .var "Ozero", 0 0;
o000001dbee098598 .functor BUFZ 5, C4<zzzzz>; HiZ drive
v000001dbee0ea870_0 .net "RW", 4 0, o000001dbee098598;  0 drivers
E_000001dbee07e7a0 .event anyedge, v000001dbee0534b0_0, v000001dbee0ea870_0;
    .scope S_000001dbee14bcb0;
T_0 ;
    %wait E_000001dbee07e7a0;
    %pushi/vec4 0, 0, 1;
    %store/vec4 v000001dbee0ea7d0_0, 0, 1;
    %pushi/vec4 0, 0, 1;
    %store/vec4 v000001dbee0844d0_0, 0, 1;
    %pushi/vec4 0, 0, 1;
    %store/vec4 v000001dbee0ea5f0_0, 0, 1;
    %pushi/vec4 0, 0, 1;
    %store/vec4 v000001dbee0eab90_0, 0, 1;
    %pushi/vec4 0, 0, 1;
    %store/vec4 v000001dbee084250_0, 0, 1;
    %pushi/vec4 0, 0, 1;
    %store/vec4 v000001dbee0841b0_0, 0, 1;
    %pushi/vec4 0, 0, 1;
    %store/vec4 v000001dbee0846b0_0, 0, 1;
    %pushi/vec4 0, 0, 1;
    %store/vec4 v000001dbee084570_0, 0, 1;
    %pushi/vec4 0, 0, 1;
    %store/vec4 v000001dbee052f10_0, 0, 1;
    %pushi/vec4 0, 0, 1;
    %store/vec4 v000001dbee084390_0, 0, 1;
    %pushi/vec4 0, 0, 1;
    %store/vec4 v000001dbee0ead70_0, 0, 1;
    %pushi/vec4 0, 0, 1;
    %store/vec4 v000001dbee053050_0, 0, 1;
    %pushi/vec4 0, 0, 1;
    %store/vec4 v000001dbee0eae10_0, 0, 1;
    %pushi/vec4 0, 0, 1;
    %store/vec4 v000001dbee0ea690_0, 0, 1;
    %pushi/vec4 0, 0, 1;
    %store/vec4 v000001dbee0842f0_0, 0, 1;
    %pushi/vec4 0, 0, 1;
    %store/vec4 v000001dbee084110_0, 0, 1;
    %pushi/vec4 0, 0, 1;
    %store/vec4 v000001dbee084750_0, 0, 1;
    %pushi/vec4 0, 0, 1;
    %store/vec4 v000001dbee084610_0, 0, 1;
    %pushi/vec4 0, 0, 1;
    %store/vec4 v000001dbee052fb0_0, 0, 1;
    %pushi/vec4 0, 0, 1;
    %store/vec4 v000001dbee084430_0, 0, 1;
    %pushi/vec4 0, 0, 1;
    %store/vec4 v000001dbee0ea550_0, 0, 1;
    %pushi/vec4 0, 0, 1;
    %store/vec4 v000001dbee0ea050_0, 0, 1;
    %pushi/vec4 0, 0, 1;
    %store/vec4 v000001dbee0eac30_0, 0, 1;
    %pushi/vec4 0, 0, 1;
    %store/vec4 v000001dbee0eaa50_0, 0, 1;
    %pushi/vec4 0, 0, 1;
    %store/vec4 v000001dbee0eaf50_0, 0, 1;
    %pushi/vec4 0, 0, 1;
    %store/vec4 v000001dbee0eaeb0_0, 0, 1;
    %pushi/vec4 0, 0, 1;
    %store/vec4 v000001dbee0ea0f0_0, 0, 1;
    %pushi/vec4 0, 0, 1;
    %store/vec4 v000001dbee0ea4b0_0, 0, 1;
    %pushi/vec4 0, 0, 1;
    %store/vec4 v000001dbee0ea410_0, 0, 1;
    %pushi/vec4 0, 0, 1;
    %store/vec4 v000001dbee0ea730_0, 0, 1;
    %pushi/vec4 0, 0, 1;
    %store/vec4 v000001dbee0ea370_0, 0, 1;
    %pushi/vec4 0, 0, 1;
    %store/vec4 v000001dbee0ea9b0_0, 0, 1;
    %load/vec4 v000001dbee0534b0_0;
    %flag_set/vec4 8;
    %jmp/0xz  T_0.0, 8;
    %load/vec4 v000001dbee0ea870_0;
    %dup/vec4;
    %pushi/vec4 0, 0, 5;
    %cmp/u;
    %jmp/1 T_0.2, 6;
    %dup/vec4;
    %pushi/vec4 1, 0, 5;
    %cmp/u;
    %jmp/1 T_0.3, 6;
    %dup/vec4;
    %pushi/vec4 2, 0, 5;
    %cmp/u;
    %jmp/1 T_0.4, 6;
    %dup/vec4;
    %pushi/vec4 3, 0, 5;
    %cmp/u;
    %jmp/1 T_0.5, 6;
    %dup/vec4;
    %pushi/vec4 4, 0, 5;
    %cmp/u;
    %jmp/1 T_0.6, 6;
    %dup/vec4;
    %pushi/vec4 5, 0, 5;
    %cmp/u;
    %jmp/1 T_0.7, 6;
    %dup/vec4;
    %pushi/vec4 6, 0, 5;
    %cmp/u;
    %jmp/1 T_0.8, 6;
    %dup/vec4;
    %pushi/vec4 7, 0, 5;
    %cmp/u;
    %jmp/1 T_0.9, 6;
    %dup/vec4;
    %pushi/vec4 8, 0, 5;
    %cmp/u;
    %jmp/1 T_0.10, 6;
    %dup/vec4;
    %pushi/vec4 9, 0, 5;
    %cmp/u;
    %jmp/1 T_0.11, 6;
    %dup/vec4;
    %pushi/vec4 10, 0, 5;
    %cmp/u;
    %jmp/1 T_0.12, 6;
    %dup/vec4;
    %pushi/vec4 11, 0, 5;
    %cmp/u;
    %jmp/1 T_0.13, 6;
    %dup/vec4;
    %pushi/vec4 12, 0, 5;
    %cmp/u;
    %jmp/1 T_0.14, 6;
    %dup/vec4;
    %pushi/vec4 13, 0, 5;
    %cmp/u;
    %jmp/1 T_0.15, 6;
    %dup/vec4;
    %pushi/vec4 14, 0, 5;
    %cmp/u;
    %jmp/1 T_0.16, 6;
    %dup/vec4;
    %pushi/vec4 15, 0, 5;
    %cmp/u;
    %jmp/1 T_0.17, 6;
    %dup/vec4;
    %pushi/vec4 16, 0, 5;
    %cmp/u;
    %jmp/1 T_0.18, 6;
    %dup/vec4;
    %pushi/vec4 17, 0, 5;
    %cmp/u;
    %jmp/1 T_0.19, 6;
    %dup/vec4;
    %pushi/vec4 18, 0, 5;
    %cmp/u;
    %jmp/1 T_0.20, 6;
    %dup/vec4;
    %pushi/vec4 19, 0, 5;
    %cmp/u;
    %jmp/1 T_0.21, 6;
    %dup/vec4;
    %pushi/vec4 20, 0, 5;
    %cmp/u;
    %jmp/1 T_0.22, 6;
    %dup/vec4;
    %pushi/vec4 21, 0, 5;
    %cmp/u;
    %jmp/1 T_0.23, 6;
    %dup/vec4;
    %pushi/vec4 22, 0, 5;
    %cmp/u;
    %jmp/1 T_0.24, 6;
    %dup/vec4;
    %pushi/vec4 23, 0, 5;
    %cmp/u;
    %jmp/1 T_0.25, 6;
    %dup/vec4;
    %pushi/vec4 24, 0, 5;
    %cmp/u;
    %jmp/1 T_0.26, 6;
    %dup/vec4;
    %pushi/vec4 25, 0, 5;
    %cmp/u;
    %jmp/1 T_0.27, 6;
    %dup/vec4;
    %pushi/vec4 26, 0, 5;
    %cmp/u;
    %jmp/1 T_0.28, 6;
    %dup/vec4;
    %pushi/vec4 27, 0, 5;
    %cmp/u;
    %jmp/1 T_0.29, 6;
    %dup/vec4;
    %pushi/vec4 28, 0, 5;
    %cmp/u;
    %jmp/1 T_0.30, 6;
    %dup/vec4;
    %pushi/vec4 29, 0, 5;
    %cmp/u;
    %jmp/1 T_0.31, 6;
    %dup/vec4;
    %pushi/vec4 30, 0, 5;
    %cmp/u;
    %jmp/1 T_0.32, 6;
    %dup/vec4;
    %pushi/vec4 31, 0, 5;
    %cmp/u;
    %jmp/1 T_0.33, 6;
    %jmp T_0.34;
T_0.2 ;
    %pushi/vec4 1, 0, 1;
    %store/vec4 v000001dbee0ea7d0_0, 0, 1;
    %jmp T_0.34;
T_0.3 ;
    %pushi/vec4 1, 0, 1;
    %store/vec4 v000001dbee0844d0_0, 0, 1;
    %jmp T_0.34;
T_0.4 ;
    %pushi/vec4 1, 0, 1;
    %store/vec4 v000001dbee0ea5f0_0, 0, 1;
    %jmp T_0.34;
T_0.5 ;
    %pushi/vec4 1, 0, 1;
    %store/vec4 v000001dbee0eab90_0, 0, 1;
    %jmp T_0.34;
T_0.6 ;
    %pushi/vec4 1, 0, 1;
    %store/vec4 v000001dbee084250_0, 0, 1;
    %jmp T_0.34;
T_0.7 ;
    %pushi/vec4 1, 0, 1;
    %store/vec4 v000001dbee0841b0_0, 0, 1;
    %jmp T_0.34;
T_0.8 ;
    %pushi/vec4 1, 0, 1;
    %store/vec4 v000001dbee0846b0_0, 0, 1;
    %jmp T_0.34;
T_0.9 ;
    %pushi/vec4 1, 0, 1;
    %store/vec4 v000001dbee084570_0, 0, 1;
    %jmp T_0.34;
T_0.10 ;
    %pushi/vec4 1, 0, 1;
    %store/vec4 v000001dbee052f10_0, 0, 1;
    %jmp T_0.34;
T_0.11 ;
    %pushi/vec4 1, 0, 1;
    %store/vec4 v000001dbee084390_0, 0, 1;
    %jmp T_0.34;
T_0.12 ;
    %pushi/vec4 1, 0, 1;
    %store/vec4 v000001dbee0ead70_0, 0, 1;
    %jmp T_0.34;
T_0.13 ;
    %pushi/vec4 1, 0, 1;
    %store/vec4 v000001dbee053050_0, 0, 1;
    %jmp T_0.34;
T_0.14 ;
    %pushi/vec4 1, 0, 1;
    %store/vec4 v000001dbee0eae10_0, 0, 1;
    %jmp T_0.34;
T_0.15 ;
    %pushi/vec4 1, 0, 1;
    %store/vec4 v000001dbee0ea690_0, 0, 1;
    %jmp T_0.34;
T_0.16 ;
    %pushi/vec4 1, 0, 1;
    %store/vec4 v000001dbee0842f0_0, 0, 1;
    %jmp T_0.34;
T_0.17 ;
    %pushi/vec4 1, 0, 1;
    %store/vec4 v000001dbee084110_0, 0, 1;
    %jmp T_0.34;
T_0.18 ;
    %pushi/vec4 1, 0, 1;
    %store/vec4 v000001dbee084750_0, 0, 1;
    %jmp T_0.34;
T_0.19 ;
    %pushi/vec4 1, 0, 1;
    %store/vec4 v000001dbee084610_0, 0, 1;
    %jmp T_0.34;
T_0.20 ;
    %pushi/vec4 1, 0, 1;
    %store/vec4 v000001dbee052fb0_0, 0, 1;
    %jmp T_0.34;
T_0.21 ;
    %pushi/vec4 1, 0, 1;
    %store/vec4 v000001dbee084430_0, 0, 1;
    %jmp T_0.34;
T_0.22 ;
    %pushi/vec4 1, 0, 1;
    %store/vec4 v000001dbee0ea550_0, 0, 1;
    %jmp T_0.34;
T_0.23 ;
    %pushi/vec4 1, 0, 1;
    %store/vec4 v000001dbee0ea050_0, 0, 1;
    %jmp T_0.34;
T_0.24 ;
    %pushi/vec4 1, 0, 1;
    %store/vec4 v000001dbee0eac30_0, 0, 1;
    %jmp T_0.34;
T_0.25 ;
    %pushi/vec4 1, 0, 1;
    %store/vec4 v000001dbee0eaa50_0, 0, 1;
    %jmp T_0.34;
T_0.26 ;
    %pushi/vec4 1, 0, 1;
    %store/vec4 v000001dbee0eaf50_0, 0, 1;
    %jmp T_0.34;
T_0.27 ;
    %pushi/vec4 1, 0, 1;
    %store/vec4 v000001dbee0eaeb0_0, 0, 1;
    %jmp T_0.34;
T_0.28 ;
    %pushi/vec4 1, 0, 1;
    %store/vec4 v000001dbee0ea0f0_0, 0, 1;
    %jmp T_0.34;
T_0.29 ;
    %pushi/vec4 1, 0, 1;
    %store/vec4 v000001dbee0ea4b0_0, 0, 1;
    %jmp T_0.34;
T_0.30 ;
    %pushi/vec4 1, 0, 1;
    %store/vec4 v000001dbee0ea410_0, 0, 1;
    %jmp T_0.34;
T_0.31 ;
    %pushi/vec4 1, 0, 1;
    %store/vec4 v000001dbee0ea730_0, 0, 1;
    %jmp T_0.34;
T_0.32 ;
    %pushi/vec4 1, 0, 1;
    %store/vec4 v000001dbee0ea370_0, 0, 1;
    %jmp T_0.34;
T_0.33 ;
    %pushi/vec4 1, 0, 1;
    %store/vec4 v000001dbee0ea9b0_0, 0, 1;
    %jmp T_0.34;
T_0.34 ;
    %pop/vec4 1;
    %jmp T_0.1;
T_0.0 ;
    %pushi/vec4 0, 1, 1;
    %store/vec4 v000001dbee0ea7d0_0, 0, 1;
    %pushi/vec4 0, 1, 1;
    %store/vec4 v000001dbee0844d0_0, 0, 1;
    %pushi/vec4 0, 1, 1;
    %store/vec4 v000001dbee0ea5f0_0, 0, 1;
    %pushi/vec4 0, 1, 1;
    %store/vec4 v000001dbee0eab90_0, 0, 1;
    %pushi/vec4 0, 1, 1;
    %store/vec4 v000001dbee084250_0, 0, 1;
    %pushi/vec4 0, 1, 1;
    %store/vec4 v000001dbee0841b0_0, 0, 1;
    %pushi/vec4 0, 1, 1;
    %store/vec4 v000001dbee0846b0_0, 0, 1;
    %pushi/vec4 0, 1, 1;
    %store/vec4 v000001dbee084570_0, 0, 1;
    %pushi/vec4 0, 1, 1;
    %store/vec4 v000001dbee052f10_0, 0, 1;
    %pushi/vec4 0, 1, 1;
    %store/vec4 v000001dbee084390_0, 0, 1;
    %pushi/vec4 0, 1, 1;
    %store/vec4 v000001dbee0ead70_0, 0, 1;
    %pushi/vec4 0, 1, 1;
    %store/vec4 v000001dbee053050_0, 0, 1;
    %pushi/vec4 0, 1, 1;
    %store/vec4 v000001dbee0eae10_0, 0, 1;
    %pushi/vec4 0, 1, 1;
    %store/vec4 v000001dbee0ea690_0, 0, 1;
    %pushi/vec4 0, 1, 1;
    %store/vec4 v000001dbee0842f0_0, 0, 1;
    %pushi/vec4 0, 1, 1;
    %store/vec4 v000001dbee084110_0, 0, 1;
    %pushi/vec4 0, 1, 1;
    %store/vec4 v000001dbee084750_0, 0, 1;
    %pushi/vec4 0, 1, 1;
    %store/vec4 v000001dbee084610_0, 0, 1;
    %pushi/vec4 0, 1, 1;
    %store/vec4 v000001dbee052fb0_0, 0, 1;
    %pushi/vec4 0, 1, 1;
    %store/vec4 v000001dbee084430_0, 0, 1;
    %pushi/vec4 0, 1, 1;
    %store/vec4 v000001dbee0ea550_0, 0, 1;
    %pushi/vec4 0, 1, 1;
    %store/vec4 v000001dbee0ea050_0, 0, 1;
    %pushi/vec4 0, 1, 1;
    %store/vec4 v000001dbee0eac30_0, 0, 1;
    %pushi/vec4 0, 1, 1;
    %store/vec4 v000001dbee0eaa50_0, 0, 1;
    %pushi/vec4 0, 1, 1;
    %store/vec4 v000001dbee0eaf50_0, 0, 1;
    %pushi/vec4 0, 1, 1;
    %store/vec4 v000001dbee0eaeb0_0, 0, 1;
    %pushi/vec4 0, 1, 1;
    %store/vec4 v000001dbee0ea0f0_0, 0, 1;
    %pushi/vec4 0, 1, 1;
    %store/vec4 v000001dbee0ea4b0_0, 0, 1;
    %pushi/vec4 0, 1, 1;
    %store/vec4 v000001dbee0ea410_0, 0, 1;
    %pushi/vec4 0, 1, 1;
    %store/vec4 v000001dbee0ea730_0, 0, 1;
    %pushi/vec4 0, 1, 1;
    %store/vec4 v000001dbee0ea370_0, 0, 1;
    %pushi/vec4 0, 1, 1;
    %store/vec4 v000001dbee0ea9b0_0, 0, 1;
T_0.1 ;
    %jmp T_0;
    .thread T_0, $push;
# The file index is used to find the file name in the following table.
:file_names 3;
    "N/A";
    "<interactive>";
    "Decoder.v";
