#! /c/Source/iverilog-install/bin/vvp
:ivl_version "12.0 (devel)" "(s20150603-1539-g2693dd32b)";
:ivl_delay_selection "TYPICAL";
:vpi_time_precision + 0;
:vpi_module "C:\iverilog\lib\ivl\system.vpi";
:vpi_module "C:\iverilog\lib\ivl\vhdl_sys.vpi";
:vpi_module "C:\iverilog\lib\ivl\vhdl_textio.vpi";
:vpi_module "C:\iverilog\lib\ivl\v2005_math.vpi";
:vpi_module "C:\iverilog\lib\ivl\va_math.vpi";
S_00000141b0ce2ce0 .scope module, "Handler" "Handler" 2 1;
 .timescale 0 0;
    .port_info 0 /INPUT 32 "PB";
    .port_info 1 /INPUT 32 "HI";
    .port_info 2 /INPUT 32 "LO";
    .port_info 3 /INPUT 32 "PC";
    .port_info 4 /INPUT 16 "imm16";
    .port_info 5 /INPUT 3 "Si";
    .port_info 6 /OUTPUT 8 "N";
o00000141b0d16fd8 .functor BUFZ 32, C4<zzzzzzzzzzzzzzzzzzzzzzzzzzzzzzzz>; HiZ drive
v00000141b0ce3490_0 .net "HI", 31 0, o00000141b0d16fd8;  0 drivers
o00000141b0d17008 .functor BUFZ 32, C4<zzzzzzzzzzzzzzzzzzzzzzzzzzzzzzzz>; HiZ drive
v00000141b0ccbd70_0 .net "LO", 31 0, o00000141b0d17008;  0 drivers
v00000141b0cc98d0_0 .var "N", 7 0;
o00000141b0d17068 .functor BUFZ 32, C4<zzzzzzzzzzzzzzzzzzzzzzzzzzzzzzzz>; HiZ drive
v00000141b0ce2e70_0 .net "PB", 31 0, o00000141b0d17068;  0 drivers
o00000141b0d17098 .functor BUFZ 32, C4<zzzzzzzzzzzzzzzzzzzzzzzzzzzzzzzz>; HiZ drive
v00000141b0ce2f10_0 .net "PC", 31 0, o00000141b0d17098;  0 drivers
o00000141b0d170c8 .functor BUFZ 3, C4<zzz>; HiZ drive
v00000141b0ce2fb0_0 .net "Si", 2 0, o00000141b0d170c8;  0 drivers
v00000141b0ce3050_0 .net *"_ivl_1", 0 0, L_00000141b0d59bf0;  1 drivers
v00000141b0d59840_0 .net *"_ivl_2", 15 0, L_00000141b0d59c90;  1 drivers
L_00000141b0d59dd8 .functor BUFT 1, C4<0000000000000000>, C4<0>, C4<0>, C4<0>;
v00000141b0d598e0_0 .net/2u *"_ivl_6", 15 0, L_00000141b0d59dd8;  1 drivers
o00000141b0d17188 .functor BUFZ 16, C4<zzzzzzzzzzzzzzzz>; HiZ drive
v00000141b0d59a10_0 .net "imm16", 15 0, o00000141b0d17188;  0 drivers
v00000141b0d59ab0_0 .net "imm16_concat", 31 0, L_00000141b0d146d0;  1 drivers
v00000141b0d59b50_0 .net "imm16_extended", 31 0, L_00000141b0d59d30;  1 drivers
E_00000141b0ccc670/0 .event anyedge, v00000141b0ce2fb0_0, v00000141b0ce2e70_0, v00000141b0ce3490_0, v00000141b0ccbd70_0;
E_00000141b0ccc670/1 .event anyedge, v00000141b0ce2f10_0, v00000141b0d59b50_0, v00000141b0d59ab0_0;
E_00000141b0ccc670 .event/or E_00000141b0ccc670/0, E_00000141b0ccc670/1;
L_00000141b0d59bf0 .part o00000141b0d17188, 15, 1;
LS_00000141b0d59c90_0_0 .concat [ 1 1 1 1], L_00000141b0d59bf0, L_00000141b0d59bf0, L_00000141b0d59bf0, L_00000141b0d59bf0;
LS_00000141b0d59c90_0_4 .concat [ 1 1 1 1], L_00000141b0d59bf0, L_00000141b0d59bf0, L_00000141b0d59bf0, L_00000141b0d59bf0;
LS_00000141b0d59c90_0_8 .concat [ 1 1 1 1], L_00000141b0d59bf0, L_00000141b0d59bf0, L_00000141b0d59bf0, L_00000141b0d59bf0;
LS_00000141b0d59c90_0_12 .concat [ 1 1 1 1], L_00000141b0d59bf0, L_00000141b0d59bf0, L_00000141b0d59bf0, L_00000141b0d59bf0;
L_00000141b0d59c90 .concat [ 4 4 4 4], LS_00000141b0d59c90_0_0, LS_00000141b0d59c90_0_4, LS_00000141b0d59c90_0_8, LS_00000141b0d59c90_0_12;
L_00000141b0d59d30 .concat [ 16 16 0 0], o00000141b0d17188, L_00000141b0d59c90;
L_00000141b0d146d0 .concat [ 16 16 0 0], L_00000141b0d59dd8, o00000141b0d17188;
    .scope S_00000141b0ce2ce0;
T_0 ;
    %wait E_00000141b0ccc670;
    %load/vec4 v00000141b0ce2fb0_0;
    %dup/vec4;
    %pushi/vec4 0, 0, 3;
    %cmp/u;
    %jmp/1 T_0.0, 6;
    %dup/vec4;
    %pushi/vec4 1, 0, 3;
    %cmp/u;
    %jmp/1 T_0.1, 6;
    %dup/vec4;
    %pushi/vec4 2, 0, 3;
    %cmp/u;
    %jmp/1 T_0.2, 6;
    %dup/vec4;
    %pushi/vec4 3, 0, 3;
    %cmp/u;
    %jmp/1 T_0.3, 6;
    %dup/vec4;
    %pushi/vec4 4, 0, 3;
    %cmp/u;
    %jmp/1 T_0.4, 6;
    %dup/vec4;
    %pushi/vec4 5, 0, 3;
    %cmp/u;
    %jmp/1 T_0.5, 6;
    %pushi/vec4 0, 255, 8;
    %store/vec4 v00000141b0cc98d0_0, 0, 8;
    %jmp T_0.7;
T_0.0 ;
    %load/vec4 v00000141b0ce2e70_0;
    %pad/u 8;
    %store/vec4 v00000141b0cc98d0_0, 0, 8;
    %jmp T_0.7;
T_0.1 ;
    %load/vec4 v00000141b0ce3490_0;
    %pad/u 8;
    %store/vec4 v00000141b0cc98d0_0, 0, 8;
    %jmp T_0.7;
T_0.2 ;
    %load/vec4 v00000141b0ccbd70_0;
    %pad/u 8;
    %store/vec4 v00000141b0cc98d0_0, 0, 8;
    %jmp T_0.7;
T_0.3 ;
    %load/vec4 v00000141b0ce2f10_0;
    %pad/u 8;
    %store/vec4 v00000141b0cc98d0_0, 0, 8;
    %jmp T_0.7;
T_0.4 ;
    %load/vec4 v00000141b0d59b50_0;
    %pad/u 8;
    %store/vec4 v00000141b0cc98d0_0, 0, 8;
    %jmp T_0.7;
T_0.5 ;
    %load/vec4 v00000141b0d59ab0_0;
    %pad/u 8;
    %store/vec4 v00000141b0cc98d0_0, 0, 8;
    %jmp T_0.7;
T_0.7 ;
    %pop/vec4 1;
    %jmp T_0;
    .thread T_0, $push;
# The file index is used to find the file name in the following table.
:file_names 3;
    "N/A";
    "<interactive>";
    "Handler.v";
