#! /c/Source/iverilog-install/bin/vvp
:ivl_version "12.0 (devel)" "(s20150603-1539-g2693dd32b)";
:ivl_delay_selection "TYPICAL";
:vpi_time_precision + 0;
:vpi_module "C:\iverilog\lib\ivl\system.vpi";
:vpi_module "C:\iverilog\lib\ivl\vhdl_sys.vpi";
:vpi_module "C:\iverilog\lib\ivl\vhdl_textio.vpi";
:vpi_module "C:\iverilog\lib\ivl\v2005_math.vpi";
:vpi_module "C:\iverilog\lib\ivl\va_math.vpi";
S_000002665c91e7f0 .scope module, "Bitwise_AND_Logic_Box" "Bitwise_AND_Logic_Box" 2 22;
 .timescale 0 0;
    .port_info 0 /INPUT 32 "PC";
    .port_info 1 /INPUT 32 "Second_Value";
    .port_info 2 /OUTPUT 32 "Result";
o000002665c923fa8 .functor BUFZ 32, C4<zzzzzzzzzzzzzzzzzzzzzzzzzzzzzzzz>; HiZ drive
v000002665c923a80_0 .net "PC", 31 0, o000002665c923fa8;  0 drivers
v000002665c914a80_0 .var "Result", 31 0;
o000002665c924008 .functor BUFZ 32, C4<zzzzzzzzzzzzzzzzzzzzzzzzzzzzzzzz>; HiZ drive
v000002665c914080_0 .net "Second_Value", 31 0, o000002665c924008;  0 drivers
E_000002665c90ef30 .event anyedge, v000002665c923a80_0;
S_000002665c91e980 .scope module, "Bitwise_OR_Logic_Box" "Bitwise_OR_Logic_Box" 2 48;
 .timescale 0 0;
    .port_info 0 /INPUT 32 "AND_Output";
    .port_info 1 /INPUT 32 "Address26_x4_Output";
    .port_info 2 /OUTPUT 32 "Result";
L_000002665c90b650 .functor OR 1, L_000002665c978170, L_000002665c978e90, C4<0>, C4<0>;
o000002665c9240c8 .functor BUFZ 32, C4<zzzzzzzzzzzzzzzzzzzzzzzzzzzzzzzz>; HiZ drive
v000002665c914940_0 .net "AND_Output", 31 0, o000002665c9240c8;  0 drivers
o000002665c9240f8 .functor BUFZ 32, C4<zzzzzzzzzzzzzzzzzzzzzzzzzzzzzzzz>; HiZ drive
v000002665c9149e0_0 .net "Address26_x4_Output", 31 0, o000002665c9240f8;  0 drivers
v000002665c913ea0_0 .var "Result", 31 0;
L_000002665c979058 .functor BUFT 1, C4<00000000000000000000000000000000>, C4<0>, C4<0>, C4<0>;
v000002665c914620_0 .net/2u *"_ivl_1", 31 0, L_000002665c979058;  1 drivers
v000002665c914b20_0 .net *"_ivl_10", 0 0, L_000002665c90b650;  1 drivers
v000002665c914440_0 .net *"_ivl_3", 0 0, L_000002665c978170;  1 drivers
L_000002665c9790a0 .functor BUFT 1, C4<00000000000000000000000000000000>, C4<0>, C4<0>, C4<0>;
v000002665c913fe0_0 .net/2u *"_ivl_5", 31 0, L_000002665c9790a0;  1 drivers
v000002665c914bc0_0 .net *"_ivl_7", 0 0, L_000002665c978e90;  1 drivers
E_000002665c90ecb0 .event anyedge, L_000002665c90b650;
L_000002665c978170 .cmp/ne 32, o000002665c9240c8, L_000002665c979058;
L_000002665c978e90 .cmp/ne 32, o000002665c9240f8, L_000002665c9790a0;
S_000002665c91b9a0 .scope module, "HiRegister" "HiRegister" 2 102;
 .timescale 0 0;
    .port_info 0 /INPUT 1 "clk";
    .port_info 1 /INPUT 1 "HiEnable";
    .port_info 2 /INPUT 32 "PW";
    .port_info 3 /OUTPUT 32 "HiSignal";
o000002665c9242d8 .functor BUFZ 1, C4<z>; HiZ drive
v000002665c914c60_0 .net "HiEnable", 0 0, o000002665c9242d8;  0 drivers
v000002665c914d00_0 .var "HiSignal", 31 0;
o000002665c924338 .functor BUFZ 32, C4<zzzzzzzzzzzzzzzzzzzzzzzzzzzzzzzz>; HiZ drive
v000002665c9144e0_0 .net "PW", 31 0, o000002665c924338;  0 drivers
o000002665c924368 .functor BUFZ 1, C4<z>; HiZ drive
v000002665c914120_0 .net "clk", 0 0, o000002665c924368;  0 drivers
E_000002665c90ec70 .event posedge, v000002665c914120_0;
S_000002665c91bb30 .scope module, "LoRegister" "LoRegister" 2 118;
 .timescale 0 0;
    .port_info 0 /INPUT 1 "clk";
    .port_info 1 /INPUT 1 "LoEnable";
    .port_info 2 /INPUT 32 "PW";
    .port_info 3 /OUTPUT 32 "LoSignal";
o000002665c924458 .functor BUFZ 1, C4<z>; HiZ drive
v000002665c9143a0_0 .net "LoEnable", 0 0, o000002665c924458;  0 drivers
v000002665c913f40_0 .var "LoSignal", 31 0;
o000002665c9244b8 .functor BUFZ 32, C4<zzzzzzzzzzzzzzzzzzzzzzzzzzzzzzzz>; HiZ drive
v000002665c9141c0_0 .net "PW", 31 0, o000002665c9244b8;  0 drivers
o000002665c9244e8 .functor BUFZ 1, C4<z>; HiZ drive
v000002665c914da0_0 .net "clk", 0 0, o000002665c9244e8;  0 drivers
E_000002665c90e870 .event posedge, v000002665c914da0_0;
S_000002665c91abc0 .scope module, "OR_1_Bit" "OR_1_Bit" 2 34;
 .timescale 0 0;
    .port_info 0 /INPUT 1 "RESET";
    .port_info 1 /INPUT 1 "RESET_CONDITION_HANLDER";
    .port_info 2 /OUTPUT 1 "Result";
o000002665c9245d8 .functor BUFZ 1, C4<z>; HiZ drive
o000002665c924608 .functor BUFZ 1, C4<z>; HiZ drive
L_000002665c90b500 .functor OR 1, o000002665c9245d8, o000002665c924608, C4<0>, C4<0>;
v000002665c9146c0_0 .net "RESET", 0 0, o000002665c9245d8;  0 drivers
v000002665c914260_0 .net "RESET_CONDITION_HANLDER", 0 0, o000002665c924608;  0 drivers
v000002665c914760_0 .var "Result", 0 0;
v000002665c914580_0 .net *"_ivl_2", 0 0, L_000002665c90b500;  1 drivers
E_000002665c90edb0 .event anyedge, L_000002665c90b500;
S_000002665c91ad50 .scope module, "Plus_8_Logic_Box" "Plus_8_Logic_Box" 2 12;
 .timescale 0 0;
    .port_info 0 /INPUT 32 "PC";
    .port_info 1 /OUTPUT 32 "Result";
o000002665c924728 .functor BUFZ 32, C4<zzzzzzzzzzzzzzzzzzzzzzzzzzzzzzzz>; HiZ drive
v000002665c914800_0 .net "PC", 31 0, o000002665c924728;  0 drivers
v000002665c914300_0 .var "Result", 31 0;
E_000002665c90e970 .event anyedge, v000002665c914800_0;
S_000002665c915d40 .scope module, "Sum_Logic_Box" "Sum_Logic_Box" 2 1;
 .timescale 0 0;
    .port_info 0 /INPUT 32 "First_Value";
    .port_info 1 /INPUT 32 "Second_Value";
    .port_info 2 /OUTPUT 32 "Result";
o000002665c9247e8 .functor BUFZ 32, C4<zzzzzzzzzzzzzzzzzzzzzzzzzzzzzzzz>; HiZ drive
v000002665c9148a0_0 .net "First_Value", 31 0, o000002665c9247e8;  0 drivers
v000002665c978cb0_0 .var "Result", 31 0;
o000002665c924848 .functor BUFZ 32, C4<zzzzzzzzzzzzzzzzzzzzzzzzzzzzzzzz>; HiZ drive
v000002665c978530_0 .net "Second_Value", 31 0, o000002665c924848;  0 drivers
E_000002665c90edf0 .event anyedge, v000002665c9148a0_0, v000002665c978530_0;
S_000002665c915ed0 .scope module, "Times_Four_Logic_Box_Case_One" "Times_Four_Logic_Box_Case_One" 2 60;
 .timescale 0 0;
    .port_info 0 /INPUT 16 "Imm16";
    .port_info 1 /OUTPUT 32 "Result";
o000002665c924908 .functor BUFZ 16, C4<zzzzzzzzzzzzzzzz>; HiZ drive
v000002665c978710_0 .net "Imm16", 15 0, o000002665c924908;  0 drivers
v000002665c977310_0 .net "Imm16_extended", 31 0, L_000002665c977450;  1 drivers
v000002665c9774f0_0 .var "Result", 31 0;
v000002665c9780d0_0 .net *"_ivl_1", 0 0, L_000002665c977090;  1 drivers
v000002665c9787b0_0 .net *"_ivl_2", 15 0, L_000002665c978f30;  1 drivers
E_000002665c90f030 .event anyedge, v000002665c977310_0;
L_000002665c977090 .part o000002665c924908, 15, 1;
LS_000002665c978f30_0_0 .concat [ 1 1 1 1], L_000002665c977090, L_000002665c977090, L_000002665c977090, L_000002665c977090;
LS_000002665c978f30_0_4 .concat [ 1 1 1 1], L_000002665c977090, L_000002665c977090, L_000002665c977090, L_000002665c977090;
LS_000002665c978f30_0_8 .concat [ 1 1 1 1], L_000002665c977090, L_000002665c977090, L_000002665c977090, L_000002665c977090;
LS_000002665c978f30_0_12 .concat [ 1 1 1 1], L_000002665c977090, L_000002665c977090, L_000002665c977090, L_000002665c977090;
L_000002665c978f30 .concat [ 4 4 4 4], LS_000002665c978f30_0_0, LS_000002665c978f30_0_4, LS_000002665c978f30_0_8, LS_000002665c978f30_0_12;
L_000002665c977450 .concat [ 16 16 0 0], o000002665c924908, L_000002665c978f30;
S_000002665c74e780 .scope module, "Times_Four_Logic_Box_Case_Two" "Times_Four_Logic_Box_Case_Two" 2 75;
 .timescale 0 0;
    .port_info 0 /INPUT 26 "Address26";
    .port_info 1 /OUTPUT 32 "Result";
o000002665c924a58 .functor BUFZ 26, C4<zzzzzzzzzzzzzzzzzzzzzzzzzz>; HiZ drive
v000002665c977f90_0 .net "Address26", 25 0, o000002665c924a58;  0 drivers
v000002665c978670_0 .net "Address26_extended", 31 0, L_000002665c978d50;  1 drivers
v000002665c978b70_0 .var "Result", 31 0;
v000002665c978850_0 .net *"_ivl_1", 0 0, L_000002665c9788f0;  1 drivers
v000002665c978ad0_0 .net *"_ivl_2", 5 0, L_000002665c9782b0;  1 drivers
E_000002665c90f0b0 .event anyedge, v000002665c978670_0;
L_000002665c9788f0 .part o000002665c924a58, 25, 1;
LS_000002665c9782b0_0_0 .concat [ 1 1 1 1], L_000002665c9788f0, L_000002665c9788f0, L_000002665c9788f0, L_000002665c9788f0;
LS_000002665c9782b0_0_4 .concat [ 1 1 0 0], L_000002665c9788f0, L_000002665c9788f0;
L_000002665c9782b0 .concat [ 4 2 0 0], LS_000002665c9782b0_0_0, LS_000002665c9782b0_0_4;
L_000002665c978d50 .concat [ 26 6 0 0], o000002665c924a58, L_000002665c9782b0;
S_000002665c74e910 .scope module, "nPCLogicBox" "nPCLogicBox" 2 91;
 .timescale 0 0;
    .port_info 0 /INPUT 32 "nPC";
    .port_info 1 /OUTPUT 32 "result";
o000002665c924ba8 .functor BUFZ 32, C4<zzzzzzzzzzzzzzzzzzzzzzzzzzzzzzzz>; HiZ drive
v000002665c977ef0_0 .net "nPC", 31 0, o000002665c924ba8;  0 drivers
v000002665c978030_0 .var "result", 31 0;
E_000002665c90f230 .event anyedge, v000002665c977ef0_0;
    .scope S_000002665c91e7f0;
T_0 ;
    %wait E_000002665c90ef30;
    %load/vec4 v000002665c923a80_0;
    %load/vec4 v000002665c914080_0;
    %and;
    %store/vec4 v000002665c914a80_0, 0, 32;
    %jmp T_0;
    .thread T_0, $push;
    .scope S_000002665c91e980;
T_1 ;
    %wait E_000002665c90ecb0;
    %load/vec4 v000002665c914940_0;
    %load/vec4 v000002665c9149e0_0;
    %or;
    %store/vec4 v000002665c913ea0_0, 0, 32;
    %jmp T_1;
    .thread T_1, $push;
    .scope S_000002665c91b9a0;
T_2 ;
    %wait E_000002665c90ec70;
    %load/vec4 v000002665c914c60_0;
    %flag_set/vec4 8;
    %jmp/0xz  T_2.0, 8;
    %load/vec4 v000002665c9144e0_0;
    %assign/vec4 v000002665c914d00_0, 0;
    %jmp T_2.1;
T_2.0 ;
    %pushi/vec4 0, 0, 32;
    %assign/vec4 v000002665c914d00_0, 0;
T_2.1 ;
    %jmp T_2;
    .thread T_2;
    .scope S_000002665c91bb30;
T_3 ;
    %wait E_000002665c90e870;
    %load/vec4 v000002665c9143a0_0;
    %flag_set/vec4 8;
    %jmp/0xz  T_3.0, 8;
    %load/vec4 v000002665c9141c0_0;
    %assign/vec4 v000002665c913f40_0, 0;
    %jmp T_3.1;
T_3.0 ;
    %pushi/vec4 0, 0, 32;
    %assign/vec4 v000002665c913f40_0, 0;
T_3.1 ;
    %jmp T_3;
    .thread T_3;
    .scope S_000002665c91abc0;
T_4 ;
    %wait E_000002665c90edb0;
    %load/vec4 v000002665c9146c0_0;
    %flag_set/vec4 8;
    %flag_get/vec4 8;
    %jmp/1 T_4.0, 8;
    %load/vec4 v000002665c914260_0;
    %or;
T_4.0;
    %store/vec4 v000002665c914760_0, 0, 1;
    %jmp T_4;
    .thread T_4, $push;
    .scope S_000002665c91ad50;
T_5 ;
    %wait E_000002665c90e970;
    %load/vec4 v000002665c914800_0;
    %addi 8, 0, 32;
    %store/vec4 v000002665c914300_0, 0, 32;
    %jmp T_5;
    .thread T_5, $push;
    .scope S_000002665c915d40;
T_6 ;
    %wait E_000002665c90edf0;
    %load/vec4 v000002665c9148a0_0;
    %load/vec4 v000002665c978530_0;
    %add;
    %assign/vec4 v000002665c978cb0_0, 0;
    %jmp T_6;
    .thread T_6, $push;
    .scope S_000002665c915ed0;
T_7 ;
    %wait E_000002665c90f030;
    %load/vec4 v000002665c977310_0;
    %muli 4, 0, 32;
    %store/vec4 v000002665c9774f0_0, 0, 32;
    %jmp T_7;
    .thread T_7, $push;
    .scope S_000002665c74e780;
T_8 ;
    %wait E_000002665c90f0b0;
    %load/vec4 v000002665c978670_0;
    %muli 4, 0, 32;
    %store/vec4 v000002665c978b70_0, 0, 32;
    %jmp T_8;
    .thread T_8, $push;
    .scope S_000002665c74e910;
T_9 ;
    %wait E_000002665c90f230;
    %load/vec4 v000002665c977ef0_0;
    %addi 4, 0, 32;
    %store/vec4 v000002665c978030_0, 0, 32;
    %jmp T_9;
    .thread T_9, $push;
# The file index is used to find the file name in the following table.
:file_names 3;
    "N/A";
    "<interactive>";
    "Logic_Boxes.v";
