#! /c/Source/iverilog-install/bin/vvp
:ivl_version "12.0 (devel)" "(s20150603-1539-g2693dd32b)";
:ivl_delay_selection "TYPICAL";
:vpi_time_precision + 0;
:vpi_module "C:\iverilog\lib\ivl\system.vpi";
:vpi_module "C:\iverilog\lib\ivl\vhdl_sys.vpi";
:vpi_module "C:\iverilog\lib\ivl\vhdl_textio.vpi";
:vpi_module "C:\iverilog\lib\ivl\v2005_math.vpi";
:vpi_module "C:\iverilog\lib\ivl\va_math.vpi";
S_0000011a32bfefd0 .scope module, "ram_512x8" "ram_512x8" 2 57;
 .timescale 0 0;
    .port_info 0 /OUTPUT 32 "DataOut";
    .port_info 1 /INPUT 1 "Enable";
    .port_info 2 /INPUT 1 "ReadWrite";
    .port_info 3 /INPUT 1 "SignExtend";
    .port_info 4 /INPUT 9 "Address";
    .port_info 5 /INPUT 32 "DataIn";
    .port_info 6 /INPUT 2 "Size";
o0000011a32c25118 .functor BUFZ 9, C4<zzzzzzzzz>; HiZ drive
v0000011a32bd34d0_0 .net "Address", 8 0, o0000011a32c25118;  0 drivers
o0000011a32c25148 .functor BUFZ 32, C4<zzzzzzzzzzzzzzzzzzzzzzzzzzzzzzzz>; HiZ drive
v0000011a32bff2f0_0 .net "DataIn", 31 0, o0000011a32c25148;  0 drivers
v0000011a32bfc690_0 .var "DataOut", 31 0;
o0000011a32c251a8 .functor BUFZ 1, C4<z>; HiZ drive
v0000011a32c04c80_0 .net "Enable", 0 0, o0000011a32c251a8;  0 drivers
v0000011a32c04d20 .array "Mem", 511 0, 7 0;
o0000011a32c2b1d8 .functor BUFZ 1, C4<z>; HiZ drive
v0000011a32c04dc0_0 .net "ReadWrite", 0 0, o0000011a32c2b1d8;  0 drivers
o0000011a32c2b208 .functor BUFZ 1, C4<z>; HiZ drive
v0000011a32c04e60_0 .net "SignExtend", 0 0, o0000011a32c2b208;  0 drivers
o0000011a32c2b238 .functor BUFZ 2, C4<zz>; HiZ drive
v0000011a32c04f00_0 .net "Size", 1 0, o0000011a32c2b238;  0 drivers
E_0000011a32bf5870/0 .event anyedge, v0000011a32c04c80_0, v0000011a32c04dc0_0, v0000011a32c04f00_0, v0000011a32bff2f0_0;
v0000011a32c04d20_0 .array/port v0000011a32c04d20, 0;
v0000011a32c04d20_1 .array/port v0000011a32c04d20, 1;
E_0000011a32bf5870/1 .event anyedge, v0000011a32bd34d0_0, v0000011a32c04e60_0, v0000011a32c04d20_0, v0000011a32c04d20_1;
v0000011a32c04d20_2 .array/port v0000011a32c04d20, 2;
v0000011a32c04d20_3 .array/port v0000011a32c04d20, 3;
v0000011a32c04d20_4 .array/port v0000011a32c04d20, 4;
v0000011a32c04d20_5 .array/port v0000011a32c04d20, 5;
E_0000011a32bf5870/2 .event anyedge, v0000011a32c04d20_2, v0000011a32c04d20_3, v0000011a32c04d20_4, v0000011a32c04d20_5;
v0000011a32c04d20_6 .array/port v0000011a32c04d20, 6;
v0000011a32c04d20_7 .array/port v0000011a32c04d20, 7;
v0000011a32c04d20_8 .array/port v0000011a32c04d20, 8;
v0000011a32c04d20_9 .array/port v0000011a32c04d20, 9;
E_0000011a32bf5870/3 .event anyedge, v0000011a32c04d20_6, v0000011a32c04d20_7, v0000011a32c04d20_8, v0000011a32c04d20_9;
v0000011a32c04d20_10 .array/port v0000011a32c04d20, 10;
v0000011a32c04d20_11 .array/port v0000011a32c04d20, 11;
v0000011a32c04d20_12 .array/port v0000011a32c04d20, 12;
v0000011a32c04d20_13 .array/port v0000011a32c04d20, 13;
E_0000011a32bf5870/4 .event anyedge, v0000011a32c04d20_10, v0000011a32c04d20_11, v0000011a32c04d20_12, v0000011a32c04d20_13;
v0000011a32c04d20_14 .array/port v0000011a32c04d20, 14;
v0000011a32c04d20_15 .array/port v0000011a32c04d20, 15;
v0000011a32c04d20_16 .array/port v0000011a32c04d20, 16;
v0000011a32c04d20_17 .array/port v0000011a32c04d20, 17;
E_0000011a32bf5870/5 .event anyedge, v0000011a32c04d20_14, v0000011a32c04d20_15, v0000011a32c04d20_16, v0000011a32c04d20_17;
v0000011a32c04d20_18 .array/port v0000011a32c04d20, 18;
v0000011a32c04d20_19 .array/port v0000011a32c04d20, 19;
v0000011a32c04d20_20 .array/port v0000011a32c04d20, 20;
v0000011a32c04d20_21 .array/port v0000011a32c04d20, 21;
E_0000011a32bf5870/6 .event anyedge, v0000011a32c04d20_18, v0000011a32c04d20_19, v0000011a32c04d20_20, v0000011a32c04d20_21;
v0000011a32c04d20_22 .array/port v0000011a32c04d20, 22;
v0000011a32c04d20_23 .array/port v0000011a32c04d20, 23;
v0000011a32c04d20_24 .array/port v0000011a32c04d20, 24;
v0000011a32c04d20_25 .array/port v0000011a32c04d20, 25;
E_0000011a32bf5870/7 .event anyedge, v0000011a32c04d20_22, v0000011a32c04d20_23, v0000011a32c04d20_24, v0000011a32c04d20_25;
v0000011a32c04d20_26 .array/port v0000011a32c04d20, 26;
v0000011a32c04d20_27 .array/port v0000011a32c04d20, 27;
v0000011a32c04d20_28 .array/port v0000011a32c04d20, 28;
v0000011a32c04d20_29 .array/port v0000011a32c04d20, 29;
E_0000011a32bf5870/8 .event anyedge, v0000011a32c04d20_26, v0000011a32c04d20_27, v0000011a32c04d20_28, v0000011a32c04d20_29;
v0000011a32c04d20_30 .array/port v0000011a32c04d20, 30;
v0000011a32c04d20_31 .array/port v0000011a32c04d20, 31;
v0000011a32c04d20_32 .array/port v0000011a32c04d20, 32;
v0000011a32c04d20_33 .array/port v0000011a32c04d20, 33;
E_0000011a32bf5870/9 .event anyedge, v0000011a32c04d20_30, v0000011a32c04d20_31, v0000011a32c04d20_32, v0000011a32c04d20_33;
v0000011a32c04d20_34 .array/port v0000011a32c04d20, 34;
v0000011a32c04d20_35 .array/port v0000011a32c04d20, 35;
v0000011a32c04d20_36 .array/port v0000011a32c04d20, 36;
v0000011a32c04d20_37 .array/port v0000011a32c04d20, 37;
E_0000011a32bf5870/10 .event anyedge, v0000011a32c04d20_34, v0000011a32c04d20_35, v0000011a32c04d20_36, v0000011a32c04d20_37;
v0000011a32c04d20_38 .array/port v0000011a32c04d20, 38;
v0000011a32c04d20_39 .array/port v0000011a32c04d20, 39;
v0000011a32c04d20_40 .array/port v0000011a32c04d20, 40;
v0000011a32c04d20_41 .array/port v0000011a32c04d20, 41;
E_0000011a32bf5870/11 .event anyedge, v0000011a32c04d20_38, v0000011a32c04d20_39, v0000011a32c04d20_40, v0000011a32c04d20_41;
v0000011a32c04d20_42 .array/port v0000011a32c04d20, 42;
v0000011a32c04d20_43 .array/port v0000011a32c04d20, 43;
v0000011a32c04d20_44 .array/port v0000011a32c04d20, 44;
v0000011a32c04d20_45 .array/port v0000011a32c04d20, 45;
E_0000011a32bf5870/12 .event anyedge, v0000011a32c04d20_42, v0000011a32c04d20_43, v0000011a32c04d20_44, v0000011a32c04d20_45;
v0000011a32c04d20_46 .array/port v0000011a32c04d20, 46;
v0000011a32c04d20_47 .array/port v0000011a32c04d20, 47;
v0000011a32c04d20_48 .array/port v0000011a32c04d20, 48;
v0000011a32c04d20_49 .array/port v0000011a32c04d20, 49;
E_0000011a32bf5870/13 .event anyedge, v0000011a32c04d20_46, v0000011a32c04d20_47, v0000011a32c04d20_48, v0000011a32c04d20_49;
v0000011a32c04d20_50 .array/port v0000011a32c04d20, 50;
v0000011a32c04d20_51 .array/port v0000011a32c04d20, 51;
v0000011a32c04d20_52 .array/port v0000011a32c04d20, 52;
v0000011a32c04d20_53 .array/port v0000011a32c04d20, 53;
E_0000011a32bf5870/14 .event anyedge, v0000011a32c04d20_50, v0000011a32c04d20_51, v0000011a32c04d20_52, v0000011a32c04d20_53;
v0000011a32c04d20_54 .array/port v0000011a32c04d20, 54;
v0000011a32c04d20_55 .array/port v0000011a32c04d20, 55;
v0000011a32c04d20_56 .array/port v0000011a32c04d20, 56;
v0000011a32c04d20_57 .array/port v0000011a32c04d20, 57;
E_0000011a32bf5870/15 .event anyedge, v0000011a32c04d20_54, v0000011a32c04d20_55, v0000011a32c04d20_56, v0000011a32c04d20_57;
v0000011a32c04d20_58 .array/port v0000011a32c04d20, 58;
v0000011a32c04d20_59 .array/port v0000011a32c04d20, 59;
v0000011a32c04d20_60 .array/port v0000011a32c04d20, 60;
v0000011a32c04d20_61 .array/port v0000011a32c04d20, 61;
E_0000011a32bf5870/16 .event anyedge, v0000011a32c04d20_58, v0000011a32c04d20_59, v0000011a32c04d20_60, v0000011a32c04d20_61;
v0000011a32c04d20_62 .array/port v0000011a32c04d20, 62;
v0000011a32c04d20_63 .array/port v0000011a32c04d20, 63;
v0000011a32c04d20_64 .array/port v0000011a32c04d20, 64;
v0000011a32c04d20_65 .array/port v0000011a32c04d20, 65;
E_0000011a32bf5870/17 .event anyedge, v0000011a32c04d20_62, v0000011a32c04d20_63, v0000011a32c04d20_64, v0000011a32c04d20_65;
v0000011a32c04d20_66 .array/port v0000011a32c04d20, 66;
v0000011a32c04d20_67 .array/port v0000011a32c04d20, 67;
v0000011a32c04d20_68 .array/port v0000011a32c04d20, 68;
v0000011a32c04d20_69 .array/port v0000011a32c04d20, 69;
E_0000011a32bf5870/18 .event anyedge, v0000011a32c04d20_66, v0000011a32c04d20_67, v0000011a32c04d20_68, v0000011a32c04d20_69;
v0000011a32c04d20_70 .array/port v0000011a32c04d20, 70;
v0000011a32c04d20_71 .array/port v0000011a32c04d20, 71;
v0000011a32c04d20_72 .array/port v0000011a32c04d20, 72;
v0000011a32c04d20_73 .array/port v0000011a32c04d20, 73;
E_0000011a32bf5870/19 .event anyedge, v0000011a32c04d20_70, v0000011a32c04d20_71, v0000011a32c04d20_72, v0000011a32c04d20_73;
v0000011a32c04d20_74 .array/port v0000011a32c04d20, 74;
v0000011a32c04d20_75 .array/port v0000011a32c04d20, 75;
v0000011a32c04d20_76 .array/port v0000011a32c04d20, 76;
v0000011a32c04d20_77 .array/port v0000011a32c04d20, 77;
E_0000011a32bf5870/20 .event anyedge, v0000011a32c04d20_74, v0000011a32c04d20_75, v0000011a32c04d20_76, v0000011a32c04d20_77;
v0000011a32c04d20_78 .array/port v0000011a32c04d20, 78;
v0000011a32c04d20_79 .array/port v0000011a32c04d20, 79;
v0000011a32c04d20_80 .array/port v0000011a32c04d20, 80;
v0000011a32c04d20_81 .array/port v0000011a32c04d20, 81;
E_0000011a32bf5870/21 .event anyedge, v0000011a32c04d20_78, v0000011a32c04d20_79, v0000011a32c04d20_80, v0000011a32c04d20_81;
v0000011a32c04d20_82 .array/port v0000011a32c04d20, 82;
v0000011a32c04d20_83 .array/port v0000011a32c04d20, 83;
v0000011a32c04d20_84 .array/port v0000011a32c04d20, 84;
v0000011a32c04d20_85 .array/port v0000011a32c04d20, 85;
E_0000011a32bf5870/22 .event anyedge, v0000011a32c04d20_82, v0000011a32c04d20_83, v0000011a32c04d20_84, v0000011a32c04d20_85;
v0000011a32c04d20_86 .array/port v0000011a32c04d20, 86;
v0000011a32c04d20_87 .array/port v0000011a32c04d20, 87;
v0000011a32c04d20_88 .array/port v0000011a32c04d20, 88;
v0000011a32c04d20_89 .array/port v0000011a32c04d20, 89;
E_0000011a32bf5870/23 .event anyedge, v0000011a32c04d20_86, v0000011a32c04d20_87, v0000011a32c04d20_88, v0000011a32c04d20_89;
v0000011a32c04d20_90 .array/port v0000011a32c04d20, 90;
v0000011a32c04d20_91 .array/port v0000011a32c04d20, 91;
v0000011a32c04d20_92 .array/port v0000011a32c04d20, 92;
v0000011a32c04d20_93 .array/port v0000011a32c04d20, 93;
E_0000011a32bf5870/24 .event anyedge, v0000011a32c04d20_90, v0000011a32c04d20_91, v0000011a32c04d20_92, v0000011a32c04d20_93;
v0000011a32c04d20_94 .array/port v0000011a32c04d20, 94;
v0000011a32c04d20_95 .array/port v0000011a32c04d20, 95;
v0000011a32c04d20_96 .array/port v0000011a32c04d20, 96;
v0000011a32c04d20_97 .array/port v0000011a32c04d20, 97;
E_0000011a32bf5870/25 .event anyedge, v0000011a32c04d20_94, v0000011a32c04d20_95, v0000011a32c04d20_96, v0000011a32c04d20_97;
v0000011a32c04d20_98 .array/port v0000011a32c04d20, 98;
v0000011a32c04d20_99 .array/port v0000011a32c04d20, 99;
v0000011a32c04d20_100 .array/port v0000011a32c04d20, 100;
v0000011a32c04d20_101 .array/port v0000011a32c04d20, 101;
E_0000011a32bf5870/26 .event anyedge, v0000011a32c04d20_98, v0000011a32c04d20_99, v0000011a32c04d20_100, v0000011a32c04d20_101;
v0000011a32c04d20_102 .array/port v0000011a32c04d20, 102;
v0000011a32c04d20_103 .array/port v0000011a32c04d20, 103;
v0000011a32c04d20_104 .array/port v0000011a32c04d20, 104;
v0000011a32c04d20_105 .array/port v0000011a32c04d20, 105;
E_0000011a32bf5870/27 .event anyedge, v0000011a32c04d20_102, v0000011a32c04d20_103, v0000011a32c04d20_104, v0000011a32c04d20_105;
v0000011a32c04d20_106 .array/port v0000011a32c04d20, 106;
v0000011a32c04d20_107 .array/port v0000011a32c04d20, 107;
v0000011a32c04d20_108 .array/port v0000011a32c04d20, 108;
v0000011a32c04d20_109 .array/port v0000011a32c04d20, 109;
E_0000011a32bf5870/28 .event anyedge, v0000011a32c04d20_106, v0000011a32c04d20_107, v0000011a32c04d20_108, v0000011a32c04d20_109;
v0000011a32c04d20_110 .array/port v0000011a32c04d20, 110;
v0000011a32c04d20_111 .array/port v0000011a32c04d20, 111;
v0000011a32c04d20_112 .array/port v0000011a32c04d20, 112;
v0000011a32c04d20_113 .array/port v0000011a32c04d20, 113;
E_0000011a32bf5870/29 .event anyedge, v0000011a32c04d20_110, v0000011a32c04d20_111, v0000011a32c04d20_112, v0000011a32c04d20_113;
v0000011a32c04d20_114 .array/port v0000011a32c04d20, 114;
v0000011a32c04d20_115 .array/port v0000011a32c04d20, 115;
v0000011a32c04d20_116 .array/port v0000011a32c04d20, 116;
v0000011a32c04d20_117 .array/port v0000011a32c04d20, 117;
E_0000011a32bf5870/30 .event anyedge, v0000011a32c04d20_114, v0000011a32c04d20_115, v0000011a32c04d20_116, v0000011a32c04d20_117;
v0000011a32c04d20_118 .array/port v0000011a32c04d20, 118;
v0000011a32c04d20_119 .array/port v0000011a32c04d20, 119;
v0000011a32c04d20_120 .array/port v0000011a32c04d20, 120;
v0000011a32c04d20_121 .array/port v0000011a32c04d20, 121;
E_0000011a32bf5870/31 .event anyedge, v0000011a32c04d20_118, v0000011a32c04d20_119, v0000011a32c04d20_120, v0000011a32c04d20_121;
v0000011a32c04d20_122 .array/port v0000011a32c04d20, 122;
v0000011a32c04d20_123 .array/port v0000011a32c04d20, 123;
v0000011a32c04d20_124 .array/port v0000011a32c04d20, 124;
v0000011a32c04d20_125 .array/port v0000011a32c04d20, 125;
E_0000011a32bf5870/32 .event anyedge, v0000011a32c04d20_122, v0000011a32c04d20_123, v0000011a32c04d20_124, v0000011a32c04d20_125;
v0000011a32c04d20_126 .array/port v0000011a32c04d20, 126;
v0000011a32c04d20_127 .array/port v0000011a32c04d20, 127;
v0000011a32c04d20_128 .array/port v0000011a32c04d20, 128;
v0000011a32c04d20_129 .array/port v0000011a32c04d20, 129;
E_0000011a32bf5870/33 .event anyedge, v0000011a32c04d20_126, v0000011a32c04d20_127, v0000011a32c04d20_128, v0000011a32c04d20_129;
v0000011a32c04d20_130 .array/port v0000011a32c04d20, 130;
v0000011a32c04d20_131 .array/port v0000011a32c04d20, 131;
v0000011a32c04d20_132 .array/port v0000011a32c04d20, 132;
v0000011a32c04d20_133 .array/port v0000011a32c04d20, 133;
E_0000011a32bf5870/34 .event anyedge, v0000011a32c04d20_130, v0000011a32c04d20_131, v0000011a32c04d20_132, v0000011a32c04d20_133;
v0000011a32c04d20_134 .array/port v0000011a32c04d20, 134;
v0000011a32c04d20_135 .array/port v0000011a32c04d20, 135;
v0000011a32c04d20_136 .array/port v0000011a32c04d20, 136;
v0000011a32c04d20_137 .array/port v0000011a32c04d20, 137;
E_0000011a32bf5870/35 .event anyedge, v0000011a32c04d20_134, v0000011a32c04d20_135, v0000011a32c04d20_136, v0000011a32c04d20_137;
v0000011a32c04d20_138 .array/port v0000011a32c04d20, 138;
v0000011a32c04d20_139 .array/port v0000011a32c04d20, 139;
v0000011a32c04d20_140 .array/port v0000011a32c04d20, 140;
v0000011a32c04d20_141 .array/port v0000011a32c04d20, 141;
E_0000011a32bf5870/36 .event anyedge, v0000011a32c04d20_138, v0000011a32c04d20_139, v0000011a32c04d20_140, v0000011a32c04d20_141;
v0000011a32c04d20_142 .array/port v0000011a32c04d20, 142;
v0000011a32c04d20_143 .array/port v0000011a32c04d20, 143;
v0000011a32c04d20_144 .array/port v0000011a32c04d20, 144;
v0000011a32c04d20_145 .array/port v0000011a32c04d20, 145;
E_0000011a32bf5870/37 .event anyedge, v0000011a32c04d20_142, v0000011a32c04d20_143, v0000011a32c04d20_144, v0000011a32c04d20_145;
v0000011a32c04d20_146 .array/port v0000011a32c04d20, 146;
v0000011a32c04d20_147 .array/port v0000011a32c04d20, 147;
v0000011a32c04d20_148 .array/port v0000011a32c04d20, 148;
v0000011a32c04d20_149 .array/port v0000011a32c04d20, 149;
E_0000011a32bf5870/38 .event anyedge, v0000011a32c04d20_146, v0000011a32c04d20_147, v0000011a32c04d20_148, v0000011a32c04d20_149;
v0000011a32c04d20_150 .array/port v0000011a32c04d20, 150;
v0000011a32c04d20_151 .array/port v0000011a32c04d20, 151;
v0000011a32c04d20_152 .array/port v0000011a32c04d20, 152;
v0000011a32c04d20_153 .array/port v0000011a32c04d20, 153;
E_0000011a32bf5870/39 .event anyedge, v0000011a32c04d20_150, v0000011a32c04d20_151, v0000011a32c04d20_152, v0000011a32c04d20_153;
v0000011a32c04d20_154 .array/port v0000011a32c04d20, 154;
v0000011a32c04d20_155 .array/port v0000011a32c04d20, 155;
v0000011a32c04d20_156 .array/port v0000011a32c04d20, 156;
v0000011a32c04d20_157 .array/port v0000011a32c04d20, 157;
E_0000011a32bf5870/40 .event anyedge, v0000011a32c04d20_154, v0000011a32c04d20_155, v0000011a32c04d20_156, v0000011a32c04d20_157;
v0000011a32c04d20_158 .array/port v0000011a32c04d20, 158;
v0000011a32c04d20_159 .array/port v0000011a32c04d20, 159;
v0000011a32c04d20_160 .array/port v0000011a32c04d20, 160;
v0000011a32c04d20_161 .array/port v0000011a32c04d20, 161;
E_0000011a32bf5870/41 .event anyedge, v0000011a32c04d20_158, v0000011a32c04d20_159, v0000011a32c04d20_160, v0000011a32c04d20_161;
v0000011a32c04d20_162 .array/port v0000011a32c04d20, 162;
v0000011a32c04d20_163 .array/port v0000011a32c04d20, 163;
v0000011a32c04d20_164 .array/port v0000011a32c04d20, 164;
v0000011a32c04d20_165 .array/port v0000011a32c04d20, 165;
E_0000011a32bf5870/42 .event anyedge, v0000011a32c04d20_162, v0000011a32c04d20_163, v0000011a32c04d20_164, v0000011a32c04d20_165;
v0000011a32c04d20_166 .array/port v0000011a32c04d20, 166;
v0000011a32c04d20_167 .array/port v0000011a32c04d20, 167;
v0000011a32c04d20_168 .array/port v0000011a32c04d20, 168;
v0000011a32c04d20_169 .array/port v0000011a32c04d20, 169;
E_0000011a32bf5870/43 .event anyedge, v0000011a32c04d20_166, v0000011a32c04d20_167, v0000011a32c04d20_168, v0000011a32c04d20_169;
v0000011a32c04d20_170 .array/port v0000011a32c04d20, 170;
v0000011a32c04d20_171 .array/port v0000011a32c04d20, 171;
v0000011a32c04d20_172 .array/port v0000011a32c04d20, 172;
v0000011a32c04d20_173 .array/port v0000011a32c04d20, 173;
E_0000011a32bf5870/44 .event anyedge, v0000011a32c04d20_170, v0000011a32c04d20_171, v0000011a32c04d20_172, v0000011a32c04d20_173;
v0000011a32c04d20_174 .array/port v0000011a32c04d20, 174;
v0000011a32c04d20_175 .array/port v0000011a32c04d20, 175;
v0000011a32c04d20_176 .array/port v0000011a32c04d20, 176;
v0000011a32c04d20_177 .array/port v0000011a32c04d20, 177;
E_0000011a32bf5870/45 .event anyedge, v0000011a32c04d20_174, v0000011a32c04d20_175, v0000011a32c04d20_176, v0000011a32c04d20_177;
v0000011a32c04d20_178 .array/port v0000011a32c04d20, 178;
v0000011a32c04d20_179 .array/port v0000011a32c04d20, 179;
v0000011a32c04d20_180 .array/port v0000011a32c04d20, 180;
v0000011a32c04d20_181 .array/port v0000011a32c04d20, 181;
E_0000011a32bf5870/46 .event anyedge, v0000011a32c04d20_178, v0000011a32c04d20_179, v0000011a32c04d20_180, v0000011a32c04d20_181;
v0000011a32c04d20_182 .array/port v0000011a32c04d20, 182;
v0000011a32c04d20_183 .array/port v0000011a32c04d20, 183;
v0000011a32c04d20_184 .array/port v0000011a32c04d20, 184;
v0000011a32c04d20_185 .array/port v0000011a32c04d20, 185;
E_0000011a32bf5870/47 .event anyedge, v0000011a32c04d20_182, v0000011a32c04d20_183, v0000011a32c04d20_184, v0000011a32c04d20_185;
v0000011a32c04d20_186 .array/port v0000011a32c04d20, 186;
v0000011a32c04d20_187 .array/port v0000011a32c04d20, 187;
v0000011a32c04d20_188 .array/port v0000011a32c04d20, 188;
v0000011a32c04d20_189 .array/port v0000011a32c04d20, 189;
E_0000011a32bf5870/48 .event anyedge, v0000011a32c04d20_186, v0000011a32c04d20_187, v0000011a32c04d20_188, v0000011a32c04d20_189;
v0000011a32c04d20_190 .array/port v0000011a32c04d20, 190;
v0000011a32c04d20_191 .array/port v0000011a32c04d20, 191;
v0000011a32c04d20_192 .array/port v0000011a32c04d20, 192;
v0000011a32c04d20_193 .array/port v0000011a32c04d20, 193;
E_0000011a32bf5870/49 .event anyedge, v0000011a32c04d20_190, v0000011a32c04d20_191, v0000011a32c04d20_192, v0000011a32c04d20_193;
v0000011a32c04d20_194 .array/port v0000011a32c04d20, 194;
v0000011a32c04d20_195 .array/port v0000011a32c04d20, 195;
v0000011a32c04d20_196 .array/port v0000011a32c04d20, 196;
v0000011a32c04d20_197 .array/port v0000011a32c04d20, 197;
E_0000011a32bf5870/50 .event anyedge, v0000011a32c04d20_194, v0000011a32c04d20_195, v0000011a32c04d20_196, v0000011a32c04d20_197;
v0000011a32c04d20_198 .array/port v0000011a32c04d20, 198;
v0000011a32c04d20_199 .array/port v0000011a32c04d20, 199;
v0000011a32c04d20_200 .array/port v0000011a32c04d20, 200;
v0000011a32c04d20_201 .array/port v0000011a32c04d20, 201;
E_0000011a32bf5870/51 .event anyedge, v0000011a32c04d20_198, v0000011a32c04d20_199, v0000011a32c04d20_200, v0000011a32c04d20_201;
v0000011a32c04d20_202 .array/port v0000011a32c04d20, 202;
v0000011a32c04d20_203 .array/port v0000011a32c04d20, 203;
v0000011a32c04d20_204 .array/port v0000011a32c04d20, 204;
v0000011a32c04d20_205 .array/port v0000011a32c04d20, 205;
E_0000011a32bf5870/52 .event anyedge, v0000011a32c04d20_202, v0000011a32c04d20_203, v0000011a32c04d20_204, v0000011a32c04d20_205;
v0000011a32c04d20_206 .array/port v0000011a32c04d20, 206;
v0000011a32c04d20_207 .array/port v0000011a32c04d20, 207;
v0000011a32c04d20_208 .array/port v0000011a32c04d20, 208;
v0000011a32c04d20_209 .array/port v0000011a32c04d20, 209;
E_0000011a32bf5870/53 .event anyedge, v0000011a32c04d20_206, v0000011a32c04d20_207, v0000011a32c04d20_208, v0000011a32c04d20_209;
v0000011a32c04d20_210 .array/port v0000011a32c04d20, 210;
v0000011a32c04d20_211 .array/port v0000011a32c04d20, 211;
v0000011a32c04d20_212 .array/port v0000011a32c04d20, 212;
v0000011a32c04d20_213 .array/port v0000011a32c04d20, 213;
E_0000011a32bf5870/54 .event anyedge, v0000011a32c04d20_210, v0000011a32c04d20_211, v0000011a32c04d20_212, v0000011a32c04d20_213;
v0000011a32c04d20_214 .array/port v0000011a32c04d20, 214;
v0000011a32c04d20_215 .array/port v0000011a32c04d20, 215;
v0000011a32c04d20_216 .array/port v0000011a32c04d20, 216;
v0000011a32c04d20_217 .array/port v0000011a32c04d20, 217;
E_0000011a32bf5870/55 .event anyedge, v0000011a32c04d20_214, v0000011a32c04d20_215, v0000011a32c04d20_216, v0000011a32c04d20_217;
v0000011a32c04d20_218 .array/port v0000011a32c04d20, 218;
v0000011a32c04d20_219 .array/port v0000011a32c04d20, 219;
v0000011a32c04d20_220 .array/port v0000011a32c04d20, 220;
v0000011a32c04d20_221 .array/port v0000011a32c04d20, 221;
E_0000011a32bf5870/56 .event anyedge, v0000011a32c04d20_218, v0000011a32c04d20_219, v0000011a32c04d20_220, v0000011a32c04d20_221;
v0000011a32c04d20_222 .array/port v0000011a32c04d20, 222;
v0000011a32c04d20_223 .array/port v0000011a32c04d20, 223;
v0000011a32c04d20_224 .array/port v0000011a32c04d20, 224;
v0000011a32c04d20_225 .array/port v0000011a32c04d20, 225;
E_0000011a32bf5870/57 .event anyedge, v0000011a32c04d20_222, v0000011a32c04d20_223, v0000011a32c04d20_224, v0000011a32c04d20_225;
v0000011a32c04d20_226 .array/port v0000011a32c04d20, 226;
v0000011a32c04d20_227 .array/port v0000011a32c04d20, 227;
v0000011a32c04d20_228 .array/port v0000011a32c04d20, 228;
v0000011a32c04d20_229 .array/port v0000011a32c04d20, 229;
E_0000011a32bf5870/58 .event anyedge, v0000011a32c04d20_226, v0000011a32c04d20_227, v0000011a32c04d20_228, v0000011a32c04d20_229;
v0000011a32c04d20_230 .array/port v0000011a32c04d20, 230;
v0000011a32c04d20_231 .array/port v0000011a32c04d20, 231;
v0000011a32c04d20_232 .array/port v0000011a32c04d20, 232;
v0000011a32c04d20_233 .array/port v0000011a32c04d20, 233;
E_0000011a32bf5870/59 .event anyedge, v0000011a32c04d20_230, v0000011a32c04d20_231, v0000011a32c04d20_232, v0000011a32c04d20_233;
v0000011a32c04d20_234 .array/port v0000011a32c04d20, 234;
v0000011a32c04d20_235 .array/port v0000011a32c04d20, 235;
v0000011a32c04d20_236 .array/port v0000011a32c04d20, 236;
v0000011a32c04d20_237 .array/port v0000011a32c04d20, 237;
E_0000011a32bf5870/60 .event anyedge, v0000011a32c04d20_234, v0000011a32c04d20_235, v0000011a32c04d20_236, v0000011a32c04d20_237;
v0000011a32c04d20_238 .array/port v0000011a32c04d20, 238;
v0000011a32c04d20_239 .array/port v0000011a32c04d20, 239;
v0000011a32c04d20_240 .array/port v0000011a32c04d20, 240;
v0000011a32c04d20_241 .array/port v0000011a32c04d20, 241;
E_0000011a32bf5870/61 .event anyedge, v0000011a32c04d20_238, v0000011a32c04d20_239, v0000011a32c04d20_240, v0000011a32c04d20_241;
v0000011a32c04d20_242 .array/port v0000011a32c04d20, 242;
v0000011a32c04d20_243 .array/port v0000011a32c04d20, 243;
v0000011a32c04d20_244 .array/port v0000011a32c04d20, 244;
v0000011a32c04d20_245 .array/port v0000011a32c04d20, 245;
E_0000011a32bf5870/62 .event anyedge, v0000011a32c04d20_242, v0000011a32c04d20_243, v0000011a32c04d20_244, v0000011a32c04d20_245;
v0000011a32c04d20_246 .array/port v0000011a32c04d20, 246;
v0000011a32c04d20_247 .array/port v0000011a32c04d20, 247;
v0000011a32c04d20_248 .array/port v0000011a32c04d20, 248;
v0000011a32c04d20_249 .array/port v0000011a32c04d20, 249;
E_0000011a32bf5870/63 .event anyedge, v0000011a32c04d20_246, v0000011a32c04d20_247, v0000011a32c04d20_248, v0000011a32c04d20_249;
v0000011a32c04d20_250 .array/port v0000011a32c04d20, 250;
v0000011a32c04d20_251 .array/port v0000011a32c04d20, 251;
v0000011a32c04d20_252 .array/port v0000011a32c04d20, 252;
v0000011a32c04d20_253 .array/port v0000011a32c04d20, 253;
E_0000011a32bf5870/64 .event anyedge, v0000011a32c04d20_250, v0000011a32c04d20_251, v0000011a32c04d20_252, v0000011a32c04d20_253;
v0000011a32c04d20_254 .array/port v0000011a32c04d20, 254;
v0000011a32c04d20_255 .array/port v0000011a32c04d20, 255;
v0000011a32c04d20_256 .array/port v0000011a32c04d20, 256;
v0000011a32c04d20_257 .array/port v0000011a32c04d20, 257;
E_0000011a32bf5870/65 .event anyedge, v0000011a32c04d20_254, v0000011a32c04d20_255, v0000011a32c04d20_256, v0000011a32c04d20_257;
v0000011a32c04d20_258 .array/port v0000011a32c04d20, 258;
v0000011a32c04d20_259 .array/port v0000011a32c04d20, 259;
v0000011a32c04d20_260 .array/port v0000011a32c04d20, 260;
v0000011a32c04d20_261 .array/port v0000011a32c04d20, 261;
E_0000011a32bf5870/66 .event anyedge, v0000011a32c04d20_258, v0000011a32c04d20_259, v0000011a32c04d20_260, v0000011a32c04d20_261;
v0000011a32c04d20_262 .array/port v0000011a32c04d20, 262;
v0000011a32c04d20_263 .array/port v0000011a32c04d20, 263;
v0000011a32c04d20_264 .array/port v0000011a32c04d20, 264;
v0000011a32c04d20_265 .array/port v0000011a32c04d20, 265;
E_0000011a32bf5870/67 .event anyedge, v0000011a32c04d20_262, v0000011a32c04d20_263, v0000011a32c04d20_264, v0000011a32c04d20_265;
v0000011a32c04d20_266 .array/port v0000011a32c04d20, 266;
v0000011a32c04d20_267 .array/port v0000011a32c04d20, 267;
v0000011a32c04d20_268 .array/port v0000011a32c04d20, 268;
v0000011a32c04d20_269 .array/port v0000011a32c04d20, 269;
E_0000011a32bf5870/68 .event anyedge, v0000011a32c04d20_266, v0000011a32c04d20_267, v0000011a32c04d20_268, v0000011a32c04d20_269;
v0000011a32c04d20_270 .array/port v0000011a32c04d20, 270;
v0000011a32c04d20_271 .array/port v0000011a32c04d20, 271;
v0000011a32c04d20_272 .array/port v0000011a32c04d20, 272;
v0000011a32c04d20_273 .array/port v0000011a32c04d20, 273;
E_0000011a32bf5870/69 .event anyedge, v0000011a32c04d20_270, v0000011a32c04d20_271, v0000011a32c04d20_272, v0000011a32c04d20_273;
v0000011a32c04d20_274 .array/port v0000011a32c04d20, 274;
v0000011a32c04d20_275 .array/port v0000011a32c04d20, 275;
v0000011a32c04d20_276 .array/port v0000011a32c04d20, 276;
v0000011a32c04d20_277 .array/port v0000011a32c04d20, 277;
E_0000011a32bf5870/70 .event anyedge, v0000011a32c04d20_274, v0000011a32c04d20_275, v0000011a32c04d20_276, v0000011a32c04d20_277;
v0000011a32c04d20_278 .array/port v0000011a32c04d20, 278;
v0000011a32c04d20_279 .array/port v0000011a32c04d20, 279;
v0000011a32c04d20_280 .array/port v0000011a32c04d20, 280;
v0000011a32c04d20_281 .array/port v0000011a32c04d20, 281;
E_0000011a32bf5870/71 .event anyedge, v0000011a32c04d20_278, v0000011a32c04d20_279, v0000011a32c04d20_280, v0000011a32c04d20_281;
v0000011a32c04d20_282 .array/port v0000011a32c04d20, 282;
v0000011a32c04d20_283 .array/port v0000011a32c04d20, 283;
v0000011a32c04d20_284 .array/port v0000011a32c04d20, 284;
v0000011a32c04d20_285 .array/port v0000011a32c04d20, 285;
E_0000011a32bf5870/72 .event anyedge, v0000011a32c04d20_282, v0000011a32c04d20_283, v0000011a32c04d20_284, v0000011a32c04d20_285;
v0000011a32c04d20_286 .array/port v0000011a32c04d20, 286;
v0000011a32c04d20_287 .array/port v0000011a32c04d20, 287;
v0000011a32c04d20_288 .array/port v0000011a32c04d20, 288;
v0000011a32c04d20_289 .array/port v0000011a32c04d20, 289;
E_0000011a32bf5870/73 .event anyedge, v0000011a32c04d20_286, v0000011a32c04d20_287, v0000011a32c04d20_288, v0000011a32c04d20_289;
v0000011a32c04d20_290 .array/port v0000011a32c04d20, 290;
v0000011a32c04d20_291 .array/port v0000011a32c04d20, 291;
v0000011a32c04d20_292 .array/port v0000011a32c04d20, 292;
v0000011a32c04d20_293 .array/port v0000011a32c04d20, 293;
E_0000011a32bf5870/74 .event anyedge, v0000011a32c04d20_290, v0000011a32c04d20_291, v0000011a32c04d20_292, v0000011a32c04d20_293;
v0000011a32c04d20_294 .array/port v0000011a32c04d20, 294;
v0000011a32c04d20_295 .array/port v0000011a32c04d20, 295;
v0000011a32c04d20_296 .array/port v0000011a32c04d20, 296;
v0000011a32c04d20_297 .array/port v0000011a32c04d20, 297;
E_0000011a32bf5870/75 .event anyedge, v0000011a32c04d20_294, v0000011a32c04d20_295, v0000011a32c04d20_296, v0000011a32c04d20_297;
v0000011a32c04d20_298 .array/port v0000011a32c04d20, 298;
v0000011a32c04d20_299 .array/port v0000011a32c04d20, 299;
v0000011a32c04d20_300 .array/port v0000011a32c04d20, 300;
v0000011a32c04d20_301 .array/port v0000011a32c04d20, 301;
E_0000011a32bf5870/76 .event anyedge, v0000011a32c04d20_298, v0000011a32c04d20_299, v0000011a32c04d20_300, v0000011a32c04d20_301;
v0000011a32c04d20_302 .array/port v0000011a32c04d20, 302;
v0000011a32c04d20_303 .array/port v0000011a32c04d20, 303;
v0000011a32c04d20_304 .array/port v0000011a32c04d20, 304;
v0000011a32c04d20_305 .array/port v0000011a32c04d20, 305;
E_0000011a32bf5870/77 .event anyedge, v0000011a32c04d20_302, v0000011a32c04d20_303, v0000011a32c04d20_304, v0000011a32c04d20_305;
v0000011a32c04d20_306 .array/port v0000011a32c04d20, 306;
v0000011a32c04d20_307 .array/port v0000011a32c04d20, 307;
v0000011a32c04d20_308 .array/port v0000011a32c04d20, 308;
v0000011a32c04d20_309 .array/port v0000011a32c04d20, 309;
E_0000011a32bf5870/78 .event anyedge, v0000011a32c04d20_306, v0000011a32c04d20_307, v0000011a32c04d20_308, v0000011a32c04d20_309;
v0000011a32c04d20_310 .array/port v0000011a32c04d20, 310;
v0000011a32c04d20_311 .array/port v0000011a32c04d20, 311;
v0000011a32c04d20_312 .array/port v0000011a32c04d20, 312;
v0000011a32c04d20_313 .array/port v0000011a32c04d20, 313;
E_0000011a32bf5870/79 .event anyedge, v0000011a32c04d20_310, v0000011a32c04d20_311, v0000011a32c04d20_312, v0000011a32c04d20_313;
v0000011a32c04d20_314 .array/port v0000011a32c04d20, 314;
v0000011a32c04d20_315 .array/port v0000011a32c04d20, 315;
v0000011a32c04d20_316 .array/port v0000011a32c04d20, 316;
v0000011a32c04d20_317 .array/port v0000011a32c04d20, 317;
E_0000011a32bf5870/80 .event anyedge, v0000011a32c04d20_314, v0000011a32c04d20_315, v0000011a32c04d20_316, v0000011a32c04d20_317;
v0000011a32c04d20_318 .array/port v0000011a32c04d20, 318;
v0000011a32c04d20_319 .array/port v0000011a32c04d20, 319;
v0000011a32c04d20_320 .array/port v0000011a32c04d20, 320;
v0000011a32c04d20_321 .array/port v0000011a32c04d20, 321;
E_0000011a32bf5870/81 .event anyedge, v0000011a32c04d20_318, v0000011a32c04d20_319, v0000011a32c04d20_320, v0000011a32c04d20_321;
v0000011a32c04d20_322 .array/port v0000011a32c04d20, 322;
v0000011a32c04d20_323 .array/port v0000011a32c04d20, 323;
v0000011a32c04d20_324 .array/port v0000011a32c04d20, 324;
v0000011a32c04d20_325 .array/port v0000011a32c04d20, 325;
E_0000011a32bf5870/82 .event anyedge, v0000011a32c04d20_322, v0000011a32c04d20_323, v0000011a32c04d20_324, v0000011a32c04d20_325;
v0000011a32c04d20_326 .array/port v0000011a32c04d20, 326;
v0000011a32c04d20_327 .array/port v0000011a32c04d20, 327;
v0000011a32c04d20_328 .array/port v0000011a32c04d20, 328;
v0000011a32c04d20_329 .array/port v0000011a32c04d20, 329;
E_0000011a32bf5870/83 .event anyedge, v0000011a32c04d20_326, v0000011a32c04d20_327, v0000011a32c04d20_328, v0000011a32c04d20_329;
v0000011a32c04d20_330 .array/port v0000011a32c04d20, 330;
v0000011a32c04d20_331 .array/port v0000011a32c04d20, 331;
v0000011a32c04d20_332 .array/port v0000011a32c04d20, 332;
v0000011a32c04d20_333 .array/port v0000011a32c04d20, 333;
E_0000011a32bf5870/84 .event anyedge, v0000011a32c04d20_330, v0000011a32c04d20_331, v0000011a32c04d20_332, v0000011a32c04d20_333;
v0000011a32c04d20_334 .array/port v0000011a32c04d20, 334;
v0000011a32c04d20_335 .array/port v0000011a32c04d20, 335;
v0000011a32c04d20_336 .array/port v0000011a32c04d20, 336;
v0000011a32c04d20_337 .array/port v0000011a32c04d20, 337;
E_0000011a32bf5870/85 .event anyedge, v0000011a32c04d20_334, v0000011a32c04d20_335, v0000011a32c04d20_336, v0000011a32c04d20_337;
v0000011a32c04d20_338 .array/port v0000011a32c04d20, 338;
v0000011a32c04d20_339 .array/port v0000011a32c04d20, 339;
v0000011a32c04d20_340 .array/port v0000011a32c04d20, 340;
v0000011a32c04d20_341 .array/port v0000011a32c04d20, 341;
E_0000011a32bf5870/86 .event anyedge, v0000011a32c04d20_338, v0000011a32c04d20_339, v0000011a32c04d20_340, v0000011a32c04d20_341;
v0000011a32c04d20_342 .array/port v0000011a32c04d20, 342;
v0000011a32c04d20_343 .array/port v0000011a32c04d20, 343;
v0000011a32c04d20_344 .array/port v0000011a32c04d20, 344;
v0000011a32c04d20_345 .array/port v0000011a32c04d20, 345;
E_0000011a32bf5870/87 .event anyedge, v0000011a32c04d20_342, v0000011a32c04d20_343, v0000011a32c04d20_344, v0000011a32c04d20_345;
v0000011a32c04d20_346 .array/port v0000011a32c04d20, 346;
v0000011a32c04d20_347 .array/port v0000011a32c04d20, 347;
v0000011a32c04d20_348 .array/port v0000011a32c04d20, 348;
v0000011a32c04d20_349 .array/port v0000011a32c04d20, 349;
E_0000011a32bf5870/88 .event anyedge, v0000011a32c04d20_346, v0000011a32c04d20_347, v0000011a32c04d20_348, v0000011a32c04d20_349;
v0000011a32c04d20_350 .array/port v0000011a32c04d20, 350;
v0000011a32c04d20_351 .array/port v0000011a32c04d20, 351;
v0000011a32c04d20_352 .array/port v0000011a32c04d20, 352;
v0000011a32c04d20_353 .array/port v0000011a32c04d20, 353;
E_0000011a32bf5870/89 .event anyedge, v0000011a32c04d20_350, v0000011a32c04d20_351, v0000011a32c04d20_352, v0000011a32c04d20_353;
v0000011a32c04d20_354 .array/port v0000011a32c04d20, 354;
v0000011a32c04d20_355 .array/port v0000011a32c04d20, 355;
v0000011a32c04d20_356 .array/port v0000011a32c04d20, 356;
v0000011a32c04d20_357 .array/port v0000011a32c04d20, 357;
E_0000011a32bf5870/90 .event anyedge, v0000011a32c04d20_354, v0000011a32c04d20_355, v0000011a32c04d20_356, v0000011a32c04d20_357;
v0000011a32c04d20_358 .array/port v0000011a32c04d20, 358;
v0000011a32c04d20_359 .array/port v0000011a32c04d20, 359;
v0000011a32c04d20_360 .array/port v0000011a32c04d20, 360;
v0000011a32c04d20_361 .array/port v0000011a32c04d20, 361;
E_0000011a32bf5870/91 .event anyedge, v0000011a32c04d20_358, v0000011a32c04d20_359, v0000011a32c04d20_360, v0000011a32c04d20_361;
v0000011a32c04d20_362 .array/port v0000011a32c04d20, 362;
v0000011a32c04d20_363 .array/port v0000011a32c04d20, 363;
v0000011a32c04d20_364 .array/port v0000011a32c04d20, 364;
v0000011a32c04d20_365 .array/port v0000011a32c04d20, 365;
E_0000011a32bf5870/92 .event anyedge, v0000011a32c04d20_362, v0000011a32c04d20_363, v0000011a32c04d20_364, v0000011a32c04d20_365;
v0000011a32c04d20_366 .array/port v0000011a32c04d20, 366;
v0000011a32c04d20_367 .array/port v0000011a32c04d20, 367;
v0000011a32c04d20_368 .array/port v0000011a32c04d20, 368;
v0000011a32c04d20_369 .array/port v0000011a32c04d20, 369;
E_0000011a32bf5870/93 .event anyedge, v0000011a32c04d20_366, v0000011a32c04d20_367, v0000011a32c04d20_368, v0000011a32c04d20_369;
v0000011a32c04d20_370 .array/port v0000011a32c04d20, 370;
v0000011a32c04d20_371 .array/port v0000011a32c04d20, 371;
v0000011a32c04d20_372 .array/port v0000011a32c04d20, 372;
v0000011a32c04d20_373 .array/port v0000011a32c04d20, 373;
E_0000011a32bf5870/94 .event anyedge, v0000011a32c04d20_370, v0000011a32c04d20_371, v0000011a32c04d20_372, v0000011a32c04d20_373;
v0000011a32c04d20_374 .array/port v0000011a32c04d20, 374;
v0000011a32c04d20_375 .array/port v0000011a32c04d20, 375;
v0000011a32c04d20_376 .array/port v0000011a32c04d20, 376;
v0000011a32c04d20_377 .array/port v0000011a32c04d20, 377;
E_0000011a32bf5870/95 .event anyedge, v0000011a32c04d20_374, v0000011a32c04d20_375, v0000011a32c04d20_376, v0000011a32c04d20_377;
v0000011a32c04d20_378 .array/port v0000011a32c04d20, 378;
v0000011a32c04d20_379 .array/port v0000011a32c04d20, 379;
v0000011a32c04d20_380 .array/port v0000011a32c04d20, 380;
v0000011a32c04d20_381 .array/port v0000011a32c04d20, 381;
E_0000011a32bf5870/96 .event anyedge, v0000011a32c04d20_378, v0000011a32c04d20_379, v0000011a32c04d20_380, v0000011a32c04d20_381;
v0000011a32c04d20_382 .array/port v0000011a32c04d20, 382;
v0000011a32c04d20_383 .array/port v0000011a32c04d20, 383;
v0000011a32c04d20_384 .array/port v0000011a32c04d20, 384;
v0000011a32c04d20_385 .array/port v0000011a32c04d20, 385;
E_0000011a32bf5870/97 .event anyedge, v0000011a32c04d20_382, v0000011a32c04d20_383, v0000011a32c04d20_384, v0000011a32c04d20_385;
v0000011a32c04d20_386 .array/port v0000011a32c04d20, 386;
v0000011a32c04d20_387 .array/port v0000011a32c04d20, 387;
v0000011a32c04d20_388 .array/port v0000011a32c04d20, 388;
v0000011a32c04d20_389 .array/port v0000011a32c04d20, 389;
E_0000011a32bf5870/98 .event anyedge, v0000011a32c04d20_386, v0000011a32c04d20_387, v0000011a32c04d20_388, v0000011a32c04d20_389;
v0000011a32c04d20_390 .array/port v0000011a32c04d20, 390;
v0000011a32c04d20_391 .array/port v0000011a32c04d20, 391;
v0000011a32c04d20_392 .array/port v0000011a32c04d20, 392;
v0000011a32c04d20_393 .array/port v0000011a32c04d20, 393;
E_0000011a32bf5870/99 .event anyedge, v0000011a32c04d20_390, v0000011a32c04d20_391, v0000011a32c04d20_392, v0000011a32c04d20_393;
v0000011a32c04d20_394 .array/port v0000011a32c04d20, 394;
v0000011a32c04d20_395 .array/port v0000011a32c04d20, 395;
v0000011a32c04d20_396 .array/port v0000011a32c04d20, 396;
v0000011a32c04d20_397 .array/port v0000011a32c04d20, 397;
E_0000011a32bf5870/100 .event anyedge, v0000011a32c04d20_394, v0000011a32c04d20_395, v0000011a32c04d20_396, v0000011a32c04d20_397;
v0000011a32c04d20_398 .array/port v0000011a32c04d20, 398;
v0000011a32c04d20_399 .array/port v0000011a32c04d20, 399;
v0000011a32c04d20_400 .array/port v0000011a32c04d20, 400;
v0000011a32c04d20_401 .array/port v0000011a32c04d20, 401;
E_0000011a32bf5870/101 .event anyedge, v0000011a32c04d20_398, v0000011a32c04d20_399, v0000011a32c04d20_400, v0000011a32c04d20_401;
v0000011a32c04d20_402 .array/port v0000011a32c04d20, 402;
v0000011a32c04d20_403 .array/port v0000011a32c04d20, 403;
v0000011a32c04d20_404 .array/port v0000011a32c04d20, 404;
v0000011a32c04d20_405 .array/port v0000011a32c04d20, 405;
E_0000011a32bf5870/102 .event anyedge, v0000011a32c04d20_402, v0000011a32c04d20_403, v0000011a32c04d20_404, v0000011a32c04d20_405;
v0000011a32c04d20_406 .array/port v0000011a32c04d20, 406;
v0000011a32c04d20_407 .array/port v0000011a32c04d20, 407;
v0000011a32c04d20_408 .array/port v0000011a32c04d20, 408;
v0000011a32c04d20_409 .array/port v0000011a32c04d20, 409;
E_0000011a32bf5870/103 .event anyedge, v0000011a32c04d20_406, v0000011a32c04d20_407, v0000011a32c04d20_408, v0000011a32c04d20_409;
v0000011a32c04d20_410 .array/port v0000011a32c04d20, 410;
v0000011a32c04d20_411 .array/port v0000011a32c04d20, 411;
v0000011a32c04d20_412 .array/port v0000011a32c04d20, 412;
v0000011a32c04d20_413 .array/port v0000011a32c04d20, 413;
E_0000011a32bf5870/104 .event anyedge, v0000011a32c04d20_410, v0000011a32c04d20_411, v0000011a32c04d20_412, v0000011a32c04d20_413;
v0000011a32c04d20_414 .array/port v0000011a32c04d20, 414;
v0000011a32c04d20_415 .array/port v0000011a32c04d20, 415;
v0000011a32c04d20_416 .array/port v0000011a32c04d20, 416;
v0000011a32c04d20_417 .array/port v0000011a32c04d20, 417;
E_0000011a32bf5870/105 .event anyedge, v0000011a32c04d20_414, v0000011a32c04d20_415, v0000011a32c04d20_416, v0000011a32c04d20_417;
v0000011a32c04d20_418 .array/port v0000011a32c04d20, 418;
v0000011a32c04d20_419 .array/port v0000011a32c04d20, 419;
v0000011a32c04d20_420 .array/port v0000011a32c04d20, 420;
v0000011a32c04d20_421 .array/port v0000011a32c04d20, 421;
E_0000011a32bf5870/106 .event anyedge, v0000011a32c04d20_418, v0000011a32c04d20_419, v0000011a32c04d20_420, v0000011a32c04d20_421;
v0000011a32c04d20_422 .array/port v0000011a32c04d20, 422;
v0000011a32c04d20_423 .array/port v0000011a32c04d20, 423;
v0000011a32c04d20_424 .array/port v0000011a32c04d20, 424;
v0000011a32c04d20_425 .array/port v0000011a32c04d20, 425;
E_0000011a32bf5870/107 .event anyedge, v0000011a32c04d20_422, v0000011a32c04d20_423, v0000011a32c04d20_424, v0000011a32c04d20_425;
v0000011a32c04d20_426 .array/port v0000011a32c04d20, 426;
v0000011a32c04d20_427 .array/port v0000011a32c04d20, 427;
v0000011a32c04d20_428 .array/port v0000011a32c04d20, 428;
v0000011a32c04d20_429 .array/port v0000011a32c04d20, 429;
E_0000011a32bf5870/108 .event anyedge, v0000011a32c04d20_426, v0000011a32c04d20_427, v0000011a32c04d20_428, v0000011a32c04d20_429;
v0000011a32c04d20_430 .array/port v0000011a32c04d20, 430;
v0000011a32c04d20_431 .array/port v0000011a32c04d20, 431;
v0000011a32c04d20_432 .array/port v0000011a32c04d20, 432;
v0000011a32c04d20_433 .array/port v0000011a32c04d20, 433;
E_0000011a32bf5870/109 .event anyedge, v0000011a32c04d20_430, v0000011a32c04d20_431, v0000011a32c04d20_432, v0000011a32c04d20_433;
v0000011a32c04d20_434 .array/port v0000011a32c04d20, 434;
v0000011a32c04d20_435 .array/port v0000011a32c04d20, 435;
v0000011a32c04d20_436 .array/port v0000011a32c04d20, 436;
v0000011a32c04d20_437 .array/port v0000011a32c04d20, 437;
E_0000011a32bf5870/110 .event anyedge, v0000011a32c04d20_434, v0000011a32c04d20_435, v0000011a32c04d20_436, v0000011a32c04d20_437;
v0000011a32c04d20_438 .array/port v0000011a32c04d20, 438;
v0000011a32c04d20_439 .array/port v0000011a32c04d20, 439;
v0000011a32c04d20_440 .array/port v0000011a32c04d20, 440;
v0000011a32c04d20_441 .array/port v0000011a32c04d20, 441;
E_0000011a32bf5870/111 .event anyedge, v0000011a32c04d20_438, v0000011a32c04d20_439, v0000011a32c04d20_440, v0000011a32c04d20_441;
v0000011a32c04d20_442 .array/port v0000011a32c04d20, 442;
v0000011a32c04d20_443 .array/port v0000011a32c04d20, 443;
v0000011a32c04d20_444 .array/port v0000011a32c04d20, 444;
v0000011a32c04d20_445 .array/port v0000011a32c04d20, 445;
E_0000011a32bf5870/112 .event anyedge, v0000011a32c04d20_442, v0000011a32c04d20_443, v0000011a32c04d20_444, v0000011a32c04d20_445;
v0000011a32c04d20_446 .array/port v0000011a32c04d20, 446;
v0000011a32c04d20_447 .array/port v0000011a32c04d20, 447;
v0000011a32c04d20_448 .array/port v0000011a32c04d20, 448;
v0000011a32c04d20_449 .array/port v0000011a32c04d20, 449;
E_0000011a32bf5870/113 .event anyedge, v0000011a32c04d20_446, v0000011a32c04d20_447, v0000011a32c04d20_448, v0000011a32c04d20_449;
v0000011a32c04d20_450 .array/port v0000011a32c04d20, 450;
v0000011a32c04d20_451 .array/port v0000011a32c04d20, 451;
v0000011a32c04d20_452 .array/port v0000011a32c04d20, 452;
v0000011a32c04d20_453 .array/port v0000011a32c04d20, 453;
E_0000011a32bf5870/114 .event anyedge, v0000011a32c04d20_450, v0000011a32c04d20_451, v0000011a32c04d20_452, v0000011a32c04d20_453;
v0000011a32c04d20_454 .array/port v0000011a32c04d20, 454;
v0000011a32c04d20_455 .array/port v0000011a32c04d20, 455;
v0000011a32c04d20_456 .array/port v0000011a32c04d20, 456;
v0000011a32c04d20_457 .array/port v0000011a32c04d20, 457;
E_0000011a32bf5870/115 .event anyedge, v0000011a32c04d20_454, v0000011a32c04d20_455, v0000011a32c04d20_456, v0000011a32c04d20_457;
v0000011a32c04d20_458 .array/port v0000011a32c04d20, 458;
v0000011a32c04d20_459 .array/port v0000011a32c04d20, 459;
v0000011a32c04d20_460 .array/port v0000011a32c04d20, 460;
v0000011a32c04d20_461 .array/port v0000011a32c04d20, 461;
E_0000011a32bf5870/116 .event anyedge, v0000011a32c04d20_458, v0000011a32c04d20_459, v0000011a32c04d20_460, v0000011a32c04d20_461;
v0000011a32c04d20_462 .array/port v0000011a32c04d20, 462;
v0000011a32c04d20_463 .array/port v0000011a32c04d20, 463;
v0000011a32c04d20_464 .array/port v0000011a32c04d20, 464;
v0000011a32c04d20_465 .array/port v0000011a32c04d20, 465;
E_0000011a32bf5870/117 .event anyedge, v0000011a32c04d20_462, v0000011a32c04d20_463, v0000011a32c04d20_464, v0000011a32c04d20_465;
v0000011a32c04d20_466 .array/port v0000011a32c04d20, 466;
v0000011a32c04d20_467 .array/port v0000011a32c04d20, 467;
v0000011a32c04d20_468 .array/port v0000011a32c04d20, 468;
v0000011a32c04d20_469 .array/port v0000011a32c04d20, 469;
E_0000011a32bf5870/118 .event anyedge, v0000011a32c04d20_466, v0000011a32c04d20_467, v0000011a32c04d20_468, v0000011a32c04d20_469;
v0000011a32c04d20_470 .array/port v0000011a32c04d20, 470;
v0000011a32c04d20_471 .array/port v0000011a32c04d20, 471;
v0000011a32c04d20_472 .array/port v0000011a32c04d20, 472;
v0000011a32c04d20_473 .array/port v0000011a32c04d20, 473;
E_0000011a32bf5870/119 .event anyedge, v0000011a32c04d20_470, v0000011a32c04d20_471, v0000011a32c04d20_472, v0000011a32c04d20_473;
v0000011a32c04d20_474 .array/port v0000011a32c04d20, 474;
v0000011a32c04d20_475 .array/port v0000011a32c04d20, 475;
v0000011a32c04d20_476 .array/port v0000011a32c04d20, 476;
v0000011a32c04d20_477 .array/port v0000011a32c04d20, 477;
E_0000011a32bf5870/120 .event anyedge, v0000011a32c04d20_474, v0000011a32c04d20_475, v0000011a32c04d20_476, v0000011a32c04d20_477;
v0000011a32c04d20_478 .array/port v0000011a32c04d20, 478;
v0000011a32c04d20_479 .array/port v0000011a32c04d20, 479;
v0000011a32c04d20_480 .array/port v0000011a32c04d20, 480;
v0000011a32c04d20_481 .array/port v0000011a32c04d20, 481;
E_0000011a32bf5870/121 .event anyedge, v0000011a32c04d20_478, v0000011a32c04d20_479, v0000011a32c04d20_480, v0000011a32c04d20_481;
v0000011a32c04d20_482 .array/port v0000011a32c04d20, 482;
v0000011a32c04d20_483 .array/port v0000011a32c04d20, 483;
v0000011a32c04d20_484 .array/port v0000011a32c04d20, 484;
v0000011a32c04d20_485 .array/port v0000011a32c04d20, 485;
E_0000011a32bf5870/122 .event anyedge, v0000011a32c04d20_482, v0000011a32c04d20_483, v0000011a32c04d20_484, v0000011a32c04d20_485;
v0000011a32c04d20_486 .array/port v0000011a32c04d20, 486;
v0000011a32c04d20_487 .array/port v0000011a32c04d20, 487;
v0000011a32c04d20_488 .array/port v0000011a32c04d20, 488;
v0000011a32c04d20_489 .array/port v0000011a32c04d20, 489;
E_0000011a32bf5870/123 .event anyedge, v0000011a32c04d20_486, v0000011a32c04d20_487, v0000011a32c04d20_488, v0000011a32c04d20_489;
v0000011a32c04d20_490 .array/port v0000011a32c04d20, 490;
v0000011a32c04d20_491 .array/port v0000011a32c04d20, 491;
v0000011a32c04d20_492 .array/port v0000011a32c04d20, 492;
v0000011a32c04d20_493 .array/port v0000011a32c04d20, 493;
E_0000011a32bf5870/124 .event anyedge, v0000011a32c04d20_490, v0000011a32c04d20_491, v0000011a32c04d20_492, v0000011a32c04d20_493;
v0000011a32c04d20_494 .array/port v0000011a32c04d20, 494;
v0000011a32c04d20_495 .array/port v0000011a32c04d20, 495;
v0000011a32c04d20_496 .array/port v0000011a32c04d20, 496;
v0000011a32c04d20_497 .array/port v0000011a32c04d20, 497;
E_0000011a32bf5870/125 .event anyedge, v0000011a32c04d20_494, v0000011a32c04d20_495, v0000011a32c04d20_496, v0000011a32c04d20_497;
v0000011a32c04d20_498 .array/port v0000011a32c04d20, 498;
v0000011a32c04d20_499 .array/port v0000011a32c04d20, 499;
v0000011a32c04d20_500 .array/port v0000011a32c04d20, 500;
v0000011a32c04d20_501 .array/port v0000011a32c04d20, 501;
E_0000011a32bf5870/126 .event anyedge, v0000011a32c04d20_498, v0000011a32c04d20_499, v0000011a32c04d20_500, v0000011a32c04d20_501;
v0000011a32c04d20_502 .array/port v0000011a32c04d20, 502;
v0000011a32c04d20_503 .array/port v0000011a32c04d20, 503;
v0000011a32c04d20_504 .array/port v0000011a32c04d20, 504;
v0000011a32c04d20_505 .array/port v0000011a32c04d20, 505;
E_0000011a32bf5870/127 .event anyedge, v0000011a32c04d20_502, v0000011a32c04d20_503, v0000011a32c04d20_504, v0000011a32c04d20_505;
v0000011a32c04d20_506 .array/port v0000011a32c04d20, 506;
v0000011a32c04d20_507 .array/port v0000011a32c04d20, 507;
v0000011a32c04d20_508 .array/port v0000011a32c04d20, 508;
v0000011a32c04d20_509 .array/port v0000011a32c04d20, 509;
E_0000011a32bf5870/128 .event anyedge, v0000011a32c04d20_506, v0000011a32c04d20_507, v0000011a32c04d20_508, v0000011a32c04d20_509;
v0000011a32c04d20_510 .array/port v0000011a32c04d20, 510;
v0000011a32c04d20_511 .array/port v0000011a32c04d20, 511;
E_0000011a32bf5870/129 .event anyedge, v0000011a32c04d20_510, v0000011a32c04d20_511;
E_0000011a32bf5870 .event/or E_0000011a32bf5870/0, E_0000011a32bf5870/1, E_0000011a32bf5870/2, E_0000011a32bf5870/3, E_0000011a32bf5870/4, E_0000011a32bf5870/5, E_0000011a32bf5870/6, E_0000011a32bf5870/7, E_0000011a32bf5870/8, E_0000011a32bf5870/9, E_0000011a32bf5870/10, E_0000011a32bf5870/11, E_0000011a32bf5870/12, E_0000011a32bf5870/13, E_0000011a32bf5870/14, E_0000011a32bf5870/15, E_0000011a32bf5870/16, E_0000011a32bf5870/17, E_0000011a32bf5870/18, E_0000011a32bf5870/19, E_0000011a32bf5870/20, E_0000011a32bf5870/21, E_0000011a32bf5870/22, E_0000011a32bf5870/23, E_0000011a32bf5870/24, E_0000011a32bf5870/25, E_0000011a32bf5870/26, E_0000011a32bf5870/27, E_0000011a32bf5870/28, E_0000011a32bf5870/29, E_0000011a32bf5870/30, E_0000011a32bf5870/31, E_0000011a32bf5870/32, E_0000011a32bf5870/33, E_0000011a32bf5870/34, E_0000011a32bf5870/35, E_0000011a32bf5870/36, E_0000011a32bf5870/37, E_0000011a32bf5870/38, E_0000011a32bf5870/39, E_0000011a32bf5870/40, E_0000011a32bf5870/41, E_0000011a32bf5870/42, E_0000011a32bf5870/43, E_0000011a32bf5870/44, E_0000011a32bf5870/45, E_0000011a32bf5870/46, E_0000011a32bf5870/47, E_0000011a32bf5870/48, E_0000011a32bf5870/49, E_0000011a32bf5870/50, E_0000011a32bf5870/51, E_0000011a32bf5870/52, E_0000011a32bf5870/53, E_0000011a32bf5870/54, E_0000011a32bf5870/55, E_0000011a32bf5870/56, E_0000011a32bf5870/57, E_0000011a32bf5870/58, E_0000011a32bf5870/59, E_0000011a32bf5870/60, E_0000011a32bf5870/61, E_0000011a32bf5870/62, E_0000011a32bf5870/63, E_0000011a32bf5870/64, E_0000011a32bf5870/65, E_0000011a32bf5870/66, E_0000011a32bf5870/67, E_0000011a32bf5870/68, E_0000011a32bf5870/69, E_0000011a32bf5870/70, E_0000011a32bf5870/71, E_0000011a32bf5870/72, E_0000011a32bf5870/73, E_0000011a32bf5870/74, E_0000011a32bf5870/75, E_0000011a32bf5870/76, E_0000011a32bf5870/77, E_0000011a32bf5870/78, E_0000011a32bf5870/79, E_0000011a32bf5870/80, E_0000011a32bf5870/81, E_0000011a32bf5870/82, E_0000011a32bf5870/83, E_0000011a32bf5870/84, E_0000011a32bf5870/85, E_0000011a32bf5870/86, E_0000011a32bf5870/87, E_0000011a32bf5870/88, E_0000011a32bf5870/89, E_0000011a32bf5870/90, E_0000011a32bf5870/91, E_0000011a32bf5870/92, E_0000011a32bf5870/93, E_0000011a32bf5870/94, E_0000011a32bf5870/95, E_0000011a32bf5870/96, E_0000011a32bf5870/97, E_0000011a32bf5870/98, E_0000011a32bf5870/99, E_0000011a32bf5870/100, E_0000011a32bf5870/101, E_0000011a32bf5870/102, E_0000011a32bf5870/103, E_0000011a32bf5870/104, E_0000011a32bf5870/105, E_0000011a32bf5870/106, E_0000011a32bf5870/107, E_0000011a32bf5870/108, E_0000011a32bf5870/109, E_0000011a32bf5870/110, E_0000011a32bf5870/111, E_0000011a32bf5870/112, E_0000011a32bf5870/113, E_0000011a32bf5870/114, E_0000011a32bf5870/115, E_0000011a32bf5870/116, E_0000011a32bf5870/117, E_0000011a32bf5870/118, E_0000011a32bf5870/119, E_0000011a32bf5870/120, E_0000011a32bf5870/121, E_0000011a32bf5870/122, E_0000011a32bf5870/123, E_0000011a32bf5870/124, E_0000011a32bf5870/125, E_0000011a32bf5870/126, E_0000011a32bf5870/127, E_0000011a32bf5870/128, E_0000011a32bf5870/129;
S_0000011a32bff160 .scope module, "rom_512x8" "rom_512x8" 2 1;
 .timescale 0 0;
    .port_info 0 /INPUT 9 "Address";
    .port_info 1 /OUTPUT 32 "DataOut";
o0000011a32c2b3b8 .functor BUFZ 9, C4<zzzzzzzzz>; HiZ drive
v0000011a32c05d20_0 .net "Address", 8 0, o0000011a32c2b3b8;  0 drivers
v0000011a32c05dc0_0 .var "DataOut", 31 0;
v0000011a32c05e60 .array "Mem", 511 0, 7 0;
E_0000011a32bf52f0 .event anyedge, v0000011a32c05d20_0;
    .scope S_0000011a32bfefd0;
T_0 ;
    %wait E_0000011a32bf5870;
    %load/vec4 v0000011a32c04c80_0;
    %flag_set/vec4 8;
    %jmp/0xz  T_0.0, 8;
    %load/vec4 v0000011a32c04dc0_0;
    %flag_set/vec4 8;
    %jmp/0xz  T_0.2, 8;
    %vpi_call 2 71 "$display", "Storing" {0 0 0};
    %load/vec4 v0000011a32c04f00_0;
    %dup/vec4;
    %pushi/vec4 0, 0, 2;
    %cmp/u;
    %jmp/1 T_0.4, 6;
    %dup/vec4;
    %pushi/vec4 1, 0, 2;
    %cmp/u;
    %jmp/1 T_0.5, 6;
    %dup/vec4;
    %pushi/vec4 2, 0, 2;
    %cmp/u;
    %jmp/1 T_0.6, 6;
    %jmp T_0.7;
T_0.4 ;
    %load/vec4 v0000011a32bff2f0_0;
    %parti/s 8, 0, 2;
    %load/vec4 v0000011a32bd34d0_0;
    %pad/u 11;
    %ix/vec4 3;
    %ix/load 4, 0, 0; Constant delay
    %assign/vec4/a/d v0000011a32c04d20, 0, 4;
    %vpi_call 2 75 "$display", "%d    %h", v0000011a32bd34d0_0, v0000011a32bff2f0_0 {0 0 0};
    %jmp T_0.7;
T_0.5 ;
    %load/vec4 v0000011a32bff2f0_0;
    %parti/s 8, 8, 5;
    %load/vec4 v0000011a32bd34d0_0;
    %pad/u 11;
    %ix/vec4 3;
    %ix/load 4, 0, 0; Constant delay
    %assign/vec4/a/d v0000011a32c04d20, 0, 4;
    %load/vec4 v0000011a32bff2f0_0;
    %parti/s 8, 0, 2;
    %load/vec4 v0000011a32bd34d0_0;
    %pad/u 32;
    %addi 1, 0, 32;
    %ix/vec4 3;
    %ix/load 4, 0, 0; Constant delay
    %assign/vec4/a/d v0000011a32c04d20, 0, 4;
    %jmp T_0.7;
T_0.6 ;
    %load/vec4 v0000011a32bff2f0_0;
    %parti/s 8, 24, 6;
    %load/vec4 v0000011a32bd34d0_0;
    %pad/u 11;
    %ix/vec4 3;
    %ix/load 4, 0, 0; Constant delay
    %assign/vec4/a/d v0000011a32c04d20, 0, 4;
    %load/vec4 v0000011a32bff2f0_0;
    %parti/s 8, 16, 6;
    %load/vec4 v0000011a32bd34d0_0;
    %pad/u 32;
    %addi 1, 0, 32;
    %ix/vec4 3;
    %ix/load 4, 0, 0; Constant delay
    %assign/vec4/a/d v0000011a32c04d20, 0, 4;
    %load/vec4 v0000011a32bff2f0_0;
    %parti/s 8, 8, 5;
    %load/vec4 v0000011a32bd34d0_0;
    %pad/u 32;
    %addi 2, 0, 32;
    %ix/vec4 3;
    %ix/load 4, 0, 0; Constant delay
    %assign/vec4/a/d v0000011a32c04d20, 0, 4;
    %load/vec4 v0000011a32bff2f0_0;
    %parti/s 8, 0, 2;
    %load/vec4 v0000011a32bd34d0_0;
    %pad/u 32;
    %addi 3, 0, 32;
    %ix/vec4 3;
    %ix/load 4, 0, 0; Constant delay
    %assign/vec4/a/d v0000011a32c04d20, 0, 4;
    %jmp T_0.7;
T_0.7 ;
    %pop/vec4 1;
    %jmp T_0.3;
T_0.2 ;
    %vpi_call 2 90 "$display", "Reading" {0 0 0};
    %load/vec4 v0000011a32c04f00_0;
    %load/vec4 v0000011a32c04e60_0;
    %concat/vec4; draw_concat_vec4
    %dup/vec4;
    %pushi/vec4 0, 0, 3;
    %cmp/u;
    %jmp/1 T_0.8, 6;
    %dup/vec4;
    %pushi/vec4 1, 0, 3;
    %cmp/u;
    %jmp/1 T_0.9, 6;
    %dup/vec4;
    %pushi/vec4 2, 0, 3;
    %cmp/u;
    %jmp/1 T_0.10, 6;
    %dup/vec4;
    %pushi/vec4 3, 0, 3;
    %cmp/u;
    %jmp/1 T_0.11, 6;
    %load/vec4 v0000011a32bd34d0_0;
    %pad/u 11;
    %ix/vec4 4;
    %load/vec4a v0000011a32c04d20, 4;
    %load/vec4 v0000011a32bd34d0_0;
    %pad/u 32;
    %addi 1, 0, 32;
    %ix/vec4 4;
    %load/vec4a v0000011a32c04d20, 4;
    %concat/vec4; draw_concat_vec4
    %load/vec4 v0000011a32bd34d0_0;
    %pad/u 32;
    %addi 2, 0, 32;
    %ix/vec4 4;
    %load/vec4a v0000011a32c04d20, 4;
    %concat/vec4; draw_concat_vec4
    %load/vec4 v0000011a32bd34d0_0;
    %pad/u 32;
    %addi 3, 0, 32;
    %ix/vec4 4;
    %load/vec4a v0000011a32c04d20, 4;
    %concat/vec4; draw_concat_vec4
    %assign/vec4 v0000011a32bfc690_0, 0;
    %jmp T_0.13;
T_0.8 ;
    %pushi/vec4 0, 0, 24;
    %load/vec4 v0000011a32bd34d0_0;
    %pad/u 11;
    %ix/vec4 4;
    %load/vec4a v0000011a32c04d20, 4;
    %concat/vec4; draw_concat_vec4
    %assign/vec4 v0000011a32bfc690_0, 0;
    %jmp T_0.13;
T_0.9 ;
    %load/vec4 v0000011a32bd34d0_0;
    %pad/u 11;
    %ix/vec4 4;
    %load/vec4a v0000011a32c04d20, 4;
    %parti/s 1, 7, 4;
    %replicate 24;
    %load/vec4 v0000011a32bd34d0_0;
    %pad/u 11;
    %ix/vec4 4;
    %load/vec4a v0000011a32c04d20, 4;
    %concat/vec4; draw_concat_vec4
    %assign/vec4 v0000011a32bfc690_0, 0;
    %jmp T_0.13;
T_0.10 ;
    %pushi/vec4 0, 0, 16;
    %load/vec4 v0000011a32bd34d0_0;
    %pad/u 11;
    %ix/vec4 4;
    %load/vec4a v0000011a32c04d20, 4;
    %concat/vec4; draw_concat_vec4
    %load/vec4 v0000011a32bd34d0_0;
    %pad/u 32;
    %addi 1, 0, 32;
    %ix/vec4 4;
    %load/vec4a v0000011a32c04d20, 4;
    %concat/vec4; draw_concat_vec4
    %assign/vec4 v0000011a32bfc690_0, 0;
    %jmp T_0.13;
T_0.11 ;
    %pushi/vec4 65535, 65535, 16;
    %load/vec4 v0000011a32bd34d0_0;
    %pad/u 11;
    %ix/vec4 4;
    %load/vec4a v0000011a32c04d20, 4;
    %concat/vec4; draw_concat_vec4
    %load/vec4 v0000011a32bd34d0_0;
    %pad/u 32;
    %addi 1, 0, 32;
    %ix/vec4 4;
    %load/vec4a v0000011a32c04d20, 4;
    %concat/vec4; draw_concat_vec4
    %assign/vec4 v0000011a32bfc690_0, 0;
    %jmp T_0.13;
T_0.13 ;
    %pop/vec4 1;
T_0.3 ;
T_0.0 ;
    %jmp T_0;
    .thread T_0, $push;
    .scope S_0000011a32bff160;
T_1 ;
    %wait E_0000011a32bf52f0;
    %load/vec4 v0000011a32c05d20_0;
    %pad/u 11;
    %ix/vec4 4;
    %load/vec4a v0000011a32c05e60, 4;
    %load/vec4 v0000011a32c05d20_0;
    %pad/u 32;
    %addi 1, 0, 32;
    %ix/vec4 4;
    %load/vec4a v0000011a32c05e60, 4;
    %concat/vec4; draw_concat_vec4
    %load/vec4 v0000011a32c05d20_0;
    %pad/u 32;
    %addi 2, 0, 32;
    %ix/vec4 4;
    %load/vec4a v0000011a32c05e60, 4;
    %concat/vec4; draw_concat_vec4
    %load/vec4 v0000011a32c05d20_0;
    %pad/u 32;
    %addi 3, 0, 32;
    %ix/vec4 4;
    %load/vec4a v0000011a32c05e60, 4;
    %concat/vec4; draw_concat_vec4
    %assign/vec4 v0000011a32c05dc0_0, 0;
    %jmp T_1;
    .thread T_1, $push;
# The file index is used to find the file name in the following table.
:file_names 3;
    "N/A";
    "<interactive>";
    "Memory.v";
