#! /c/Source/iverilog-install/bin/vvp
:ivl_version "12.0 (devel)" "(s20150603-1539-g2693dd32b)";
:ivl_delay_selection "TYPICAL";
:vpi_time_precision + 0;
:vpi_module "C:\iverilog\lib\ivl\system.vpi";
:vpi_module "C:\iverilog\lib\ivl\vhdl_sys.vpi";
:vpi_module "C:\iverilog\lib\ivl\vhdl_textio.vpi";
:vpi_module "C:\iverilog\lib\ivl\v2005_math.vpi";
:vpi_module "C:\iverilog\lib\ivl\va_math.vpi";
S_0000029253f368f0 .scope module, "Register_32bit_PC" "Register_32bit_PC" 2 1;
 .timescale 0 0;
    .port_info 0 /INPUT 9 "DS";
    .port_info 1 /INPUT 1 "Ld";
    .port_info 2 /INPUT 1 "Clk";
    .port_info 3 /INPUT 1 "Reset";
    .port_info 4 /OUTPUT 9 "Qs";
o0000029253f36fb8 .functor BUFZ 1, C4<z>; HiZ drive
v0000029253f034b0_0 .net "Clk", 0 0, o0000029253f36fb8;  0 drivers
o0000029253f36fe8 .functor BUFZ 9, C4<zzzzzzzzz>; HiZ drive
v0000029253f030e0_0 .net "DS", 8 0, o0000029253f36fe8;  0 drivers
o0000029253f37018 .functor BUFZ 1, C4<z>; HiZ drive
v0000029253f036d0_0 .net "Ld", 0 0, o0000029253f37018;  0 drivers
v0000029253eeb6c0_0 .var "Qs", 8 0;
o0000029253f37078 .functor BUFZ 1, C4<z>; HiZ drive
v0000029253eeb760_0 .net "Reset", 0 0, o0000029253f37078;  0 drivers
E_0000029253eecd70 .event posedge, v0000029253f034b0_0;
S_0000029253f36a80 .scope module, "Register_32bit_nPC" "Register_32bit_nPC" 2 24;
 .timescale 0 0;
    .port_info 0 /INPUT 9 "DS";
    .port_info 1 /INPUT 1 "stallnPC";
    .port_info 2 /INPUT 1 "Clk";
    .port_info 3 /INPUT 1 "Reset";
    .port_info 4 /OUTPUT 9 "Qs";
o0000029253f37198 .functor BUFZ 1, C4<z>; HiZ drive
v0000029253eeb800_0 .net "Clk", 0 0, o0000029253f37198;  0 drivers
o0000029253f371c8 .functor BUFZ 9, C4<zzzzzzzzz>; HiZ drive
v0000029253eeb8a0_0 .net "DS", 8 0, o0000029253f371c8;  0 drivers
v0000029253eeb940_0 .var "Qs", 8 0;
o0000029253f37228 .functor BUFZ 1, C4<z>; HiZ drive
v0000029253eeb9e0_0 .net "Reset", 0 0, o0000029253f37228;  0 drivers
o0000029253f37258 .functor BUFZ 1, C4<z>; HiZ drive
v0000029253eeba80_0 .net "stallnPC", 0 0, o0000029253f37258;  0 drivers
E_0000029253eecc70 .event posedge, v0000029253eeb800_0;
    .scope S_0000029253f368f0;
T_0 ;
    %wait E_0000029253eecd70;
    %load/vec4 v0000029253f036d0_0;
    %flag_set/vec4 9;
    %flag_get/vec4 9;
    %jmp/0 T_0.2, 9;
    %load/vec4 v0000029253eeb760_0;
    %nor/r;
    %and;
T_0.2;
    %flag_set/vec4 8;
    %jmp/0xz  T_0.0, 8;
    %load/vec4 v0000029253f030e0_0;
    %assign/vec4 v0000029253eeb6c0_0, 0;
    %jmp T_0.1;
T_0.0 ;
    %load/vec4 v0000029253eeb760_0;
    %flag_set/vec4 8;
    %jmp/0xz  T_0.3, 8;
    %pushi/vec4 0, 0, 9;
    %assign/vec4 v0000029253eeb6c0_0, 0;
T_0.3 ;
T_0.1 ;
    %jmp T_0;
    .thread T_0;
    .scope S_0000029253f36a80;
T_1 ;
    %wait E_0000029253eecc70;
    %load/vec4 v0000029253eeb9e0_0;
    %flag_set/vec4 8;
    %jmp/0xz  T_1.0, 8;
    %pushi/vec4 4, 0, 9;
    %assign/vec4 v0000029253eeb940_0, 0;
    %jmp T_1.1;
T_1.0 ;
    %load/vec4 v0000029253eeba80_0;
    %flag_set/vec4 8;
    %jmp/0xz  T_1.2, 8;
    %load/vec4 v0000029253eeb8a0_0;
    %assign/vec4 v0000029253eeb940_0, 0;
T_1.2 ;
T_1.1 ;
    %jmp T_1;
    .thread T_1;
# The file index is used to find the file name in the following table.
:file_names 3;
    "N/A";
    "<interactive>";
    "PC_nPC.v";
