#! /c/Source/iverilog-install/bin/vvp
:ivl_version "12.0 (devel)" "(s20150603-1539-g2693dd32b)";
:ivl_delay_selection "TYPICAL";
:vpi_time_precision + 0;
:vpi_module "C:\iverilog\lib\ivl\system.vpi";
:vpi_module "C:\iverilog\lib\ivl\vhdl_sys.vpi";
:vpi_module "C:\iverilog\lib\ivl\vhdl_textio.vpi";
:vpi_module "C:\iverilog\lib\ivl\v2005_math.vpi";
:vpi_module "C:\iverilog\lib\ivl\va_math.vpi";
S_000001904ea3e070 .scope module, "Pipeline_Register_32bit_EX_MEM" "Pipeline_Register_32bit_EX_MEM" 2 134;
 .timescale 0 0;
    .port_info 0 /INPUT 1 "Clk";
    .port_info 1 /INPUT 1 "Reset";
    .port_info 2 /INPUT 1 "EX_LOAD_INSTR";
    .port_info 3 /INPUT 1 "EX_RF_ENABLE";
    .port_info 4 /INPUT 1 "EX_HI_ENABLE";
    .port_info 5 /INPUT 1 "EX_LO_ENABLE";
    .port_info 6 /INPUT 1 "EX_PC_PLUS8_INSTR";
    .port_info 7 /INPUT 1 "EX_MEM_ENABLE";
    .port_info 8 /INPUT 1 "EX_MEM_READWRITE";
    .port_info 9 /INPUT 2 "EX_MEM_SIZE";
    .port_info 10 /INPUT 1 "EX_MEM_SIGNE";
    .port_info 11 /INPUT 9 "EX_ADDRESS";
    .port_info 12 /OUTPUT 1 "OUT_EX_LOAD_INSTR";
    .port_info 13 /OUTPUT 1 "OUT_EX_RF_ENABLE";
    .port_info 14 /OUTPUT 1 "OUT_EX_HI_ENABLE";
    .port_info 15 /OUTPUT 1 "OUT_EX_LO_ENABLE";
    .port_info 16 /OUTPUT 1 "OUT_EX_PC_PLUS8_INSTR";
    .port_info 17 /OUTPUT 1 "OUT_EX_MEM_ENABLE";
    .port_info 18 /OUTPUT 1 "OUT_EX_MEM_READWRITE";
    .port_info 19 /OUTPUT 2 "OUT_EX_MEM_SIZE";
    .port_info 20 /OUTPUT 1 "OUT_EX_MEM_SIGNE";
    .port_info 21 /OUTPUT 1 "OUT_EnableMEM";
o000001904ea41fd8 .functor BUFZ 1, C4<z>; HiZ drive
v000001904e9f34b0_0 .net "Clk", 0 0, o000001904ea41fd8;  0 drivers
o000001904ea42008 .functor BUFZ 9, C4<zzzzzzzzz>; HiZ drive
v000001904ea24c30_0 .net "EX_ADDRESS", 8 0, o000001904ea42008;  0 drivers
o000001904ea42038 .functor BUFZ 1, C4<z>; HiZ drive
v000001904ea24cd0_0 .net "EX_HI_ENABLE", 0 0, o000001904ea42038;  0 drivers
o000001904ea42068 .functor BUFZ 1, C4<z>; HiZ drive
v000001904ea24d70_0 .net "EX_LOAD_INSTR", 0 0, o000001904ea42068;  0 drivers
o000001904ea42098 .functor BUFZ 1, C4<z>; HiZ drive
v000001904ea24e10_0 .net "EX_LO_ENABLE", 0 0, o000001904ea42098;  0 drivers
o000001904ea420c8 .functor BUFZ 1, C4<z>; HiZ drive
v000001904ea24eb0_0 .net "EX_MEM_ENABLE", 0 0, o000001904ea420c8;  0 drivers
o000001904ea420f8 .functor BUFZ 1, C4<z>; HiZ drive
v000001904ea24f50_0 .net "EX_MEM_READWRITE", 0 0, o000001904ea420f8;  0 drivers
o000001904ea42128 .functor BUFZ 1, C4<z>; HiZ drive
v000001904ea96c80_0 .net "EX_MEM_SIGNE", 0 0, o000001904ea42128;  0 drivers
o000001904ea42158 .functor BUFZ 2, C4<zz>; HiZ drive
v000001904ea96d20_0 .net "EX_MEM_SIZE", 1 0, o000001904ea42158;  0 drivers
o000001904ea42188 .functor BUFZ 1, C4<z>; HiZ drive
v000001904ea96dc0_0 .net "EX_PC_PLUS8_INSTR", 0 0, o000001904ea42188;  0 drivers
o000001904ea421b8 .functor BUFZ 1, C4<z>; HiZ drive
v000001904ea96e60_0 .net "EX_RF_ENABLE", 0 0, o000001904ea421b8;  0 drivers
v000001904ea96f00_0 .var "OUT_EX_HI_ENABLE", 0 0;
v000001904ea96fa0_0 .var "OUT_EX_LOAD_INSTR", 0 0;
v000001904ea97c70_0 .var "OUT_EX_LO_ENABLE", 0 0;
v000001904ea97f90_0 .var "OUT_EX_MEM_ENABLE", 0 0;
v000001904ea97b30_0 .var "OUT_EX_MEM_READWRITE", 0 0;
v000001904ea97090_0 .var "OUT_EX_MEM_SIGNE", 0 0;
v000001904ea97e50_0 .var "OUT_EX_MEM_SIZE", 1 0;
v000001904ea97130_0 .var "OUT_EX_PC_PLUS8_INSTR", 0 0;
v000001904ea97bd0_0 .var "OUT_EX_RF_ENABLE", 0 0;
v000001904ea971d0_0 .var "OUT_EnableMEM", 0 0;
o000001904ea423c8 .functor BUFZ 1, C4<z>; HiZ drive
v000001904ea97d10_0 .net "Reset", 0 0, o000001904ea423c8;  0 drivers
E_000001904ea1d180 .event posedge, v000001904e9f34b0_0;
S_000001904ea35550 .scope module, "Pipeline_Register_32bit_ID_EX" "Pipeline_Register_32bit_ID_EX" 2 36;
 .timescale 0 0;
    .port_info 0 /INPUT 1 "Clk";
    .port_info 1 /INPUT 1 "Reset";
    .port_info 2 /INPUT 4 "ID_ALU_OP";
    .port_info 3 /INPUT 1 "ID_LOAD_INSTR";
    .port_info 4 /INPUT 1 "ID_RF_ENABLE";
    .port_info 5 /INPUT 1 "ID_HI_ENABLE";
    .port_info 6 /INPUT 1 "ID_LO_ENABLE";
    .port_info 7 /INPUT 1 "ID_PC_PLUS8_INSTR";
    .port_info 8 /INPUT 3 "ID_OP_H_S";
    .port_info 9 /INPUT 1 "ID_MEM_ENABLE";
    .port_info 10 /INPUT 1 "ID_MEM_READWRITE";
    .port_info 11 /INPUT 2 "ID_MEM_SIZE";
    .port_info 12 /INPUT 1 "ID_MEM_SIGNE";
    .port_info 13 /INPUT 32 "ID_PC_PLUS8_RESULT";
    .port_info 14 /INPUT 32 "MX1_RESULT";
    .port_info 15 /INPUT 32 "MX2_RESULT";
    .port_info 16 /INPUT 32 "ID_HI_QS";
    .port_info 17 /INPUT 32 "ID_LO_QS";
    .port_info 18 /INPUT 32 "ID_PC";
    .port_info 19 /INPUT 16 "ID_IMM16";
    .port_info 20 /INPUT 5 "ID_REG";
    .port_info 21 /INPUT 5 "ID_RT";
    .port_info 22 /OUTPUT 4 "OUT_ID_ALU_OP";
    .port_info 23 /OUTPUT 1 "OUT_ID_LOAD_INSTR";
    .port_info 24 /OUTPUT 1 "OUT_ID_RF_ENABLE";
    .port_info 25 /OUTPUT 1 "OUT_ID_HI_ENABLE";
    .port_info 26 /OUTPUT 1 "OUT_ID_LO_ENABLE";
    .port_info 27 /OUTPUT 1 "OUT_ID_PC_PLUS8_INSTR";
    .port_info 28 /OUTPUT 3 "OUT_ID_OP_H_S";
    .port_info 29 /OUTPUT 1 "OUT_ID_MEM_ENABLE";
    .port_info 30 /OUTPUT 1 "OUT_ID_MEM_READWRITE";
    .port_info 31 /OUTPUT 2 "OUT_ID_MEM_SIZE";
    .port_info 32 /OUTPUT 1 "OUT_ID_MEM_SIGNE";
    .port_info 33 /OUTPUT 32 "OUT_ID_PC_PLUS8_RESULT";
    .port_info 34 /OUTPUT 32 "OUT_ID_HI_QS";
    .port_info 35 /OUTPUT 32 "OUT_ID_LO_QS";
    .port_info 36 /OUTPUT 1 "OUT_EnableEX";
    .port_info 37 /OUTPUT 5 "OUT_regEX";
    .port_info 38 /OUTPUT 5 "OUT_regMEM";
    .port_info 39 /OUTPUT 5 "OUT_regWB";
    .port_info 40 /OUTPUT 5 "OUT_ID_RT";
o000001904ea42818 .functor BUFZ 1, C4<z>; HiZ drive
v000001904ea97db0_0 .net "Clk", 0 0, o000001904ea42818;  0 drivers
o000001904ea42848 .functor BUFZ 4, C4<zzzz>; HiZ drive
v000001904ea97ef0_0 .net "ID_ALU_OP", 3 0, o000001904ea42848;  0 drivers
o000001904ea42878 .functor BUFZ 1, C4<z>; HiZ drive
v000001904ea97810_0 .net "ID_HI_ENABLE", 0 0, o000001904ea42878;  0 drivers
o000001904ea428a8 .functor BUFZ 32, C4<zzzzzzzzzzzzzzzzzzzzzzzzzzzzzzzz>; HiZ drive
v000001904ea974f0_0 .net "ID_HI_QS", 31 0, o000001904ea428a8;  0 drivers
o000001904ea428d8 .functor BUFZ 16, C4<zzzzzzzzzzzzzzzz>; HiZ drive
v000001904ea97270_0 .net "ID_IMM16", 15 0, o000001904ea428d8;  0 drivers
o000001904ea42908 .functor BUFZ 1, C4<z>; HiZ drive
v000001904ea97450_0 .net "ID_LOAD_INSTR", 0 0, o000001904ea42908;  0 drivers
o000001904ea42938 .functor BUFZ 1, C4<z>; HiZ drive
v000001904ea97310_0 .net "ID_LO_ENABLE", 0 0, o000001904ea42938;  0 drivers
o000001904ea42968 .functor BUFZ 32, C4<zzzzzzzzzzzzzzzzzzzzzzzzzzzzzzzz>; HiZ drive
v000001904ea973b0_0 .net "ID_LO_QS", 31 0, o000001904ea42968;  0 drivers
o000001904ea42998 .functor BUFZ 1, C4<z>; HiZ drive
v000001904ea97590_0 .net "ID_MEM_ENABLE", 0 0, o000001904ea42998;  0 drivers
o000001904ea429c8 .functor BUFZ 1, C4<z>; HiZ drive
v000001904ea97630_0 .net "ID_MEM_READWRITE", 0 0, o000001904ea429c8;  0 drivers
o000001904ea429f8 .functor BUFZ 1, C4<z>; HiZ drive
v000001904ea976d0_0 .net "ID_MEM_SIGNE", 0 0, o000001904ea429f8;  0 drivers
o000001904ea42a28 .functor BUFZ 2, C4<zz>; HiZ drive
v000001904ea97770_0 .net "ID_MEM_SIZE", 1 0, o000001904ea42a28;  0 drivers
o000001904ea42a58 .functor BUFZ 3, C4<zzz>; HiZ drive
v000001904ea978b0_0 .net "ID_OP_H_S", 2 0, o000001904ea42a58;  0 drivers
o000001904ea42a88 .functor BUFZ 32, C4<zzzzzzzzzzzzzzzzzzzzzzzzzzzzzzzz>; HiZ drive
v000001904ea97950_0 .net "ID_PC", 31 0, o000001904ea42a88;  0 drivers
o000001904ea42ab8 .functor BUFZ 1, C4<z>; HiZ drive
v000001904ea979f0_0 .net "ID_PC_PLUS8_INSTR", 0 0, o000001904ea42ab8;  0 drivers
o000001904ea42ae8 .functor BUFZ 32, C4<zzzzzzzzzzzzzzzzzzzzzzzzzzzzzzzz>; HiZ drive
v000001904ea97a90_0 .net "ID_PC_PLUS8_RESULT", 31 0, o000001904ea42ae8;  0 drivers
o000001904ea42b18 .functor BUFZ 5, C4<zzzzz>; HiZ drive
v000001904ea9a070_0 .net "ID_REG", 4 0, o000001904ea42b18;  0 drivers
o000001904ea42b48 .functor BUFZ 1, C4<z>; HiZ drive
v000001904ea98e50_0 .net "ID_RF_ENABLE", 0 0, o000001904ea42b48;  0 drivers
o000001904ea42b78 .functor BUFZ 5, C4<zzzzz>; HiZ drive
v000001904ea99f30_0 .net "ID_RT", 4 0, o000001904ea42b78;  0 drivers
o000001904ea42ba8 .functor BUFZ 32, C4<zzzzzzzzzzzzzzzzzzzzzzzzzzzzzzzz>; HiZ drive
v000001904ea983b0_0 .net "MX1_RESULT", 31 0, o000001904ea42ba8;  0 drivers
o000001904ea42bd8 .functor BUFZ 32, C4<zzzzzzzzzzzzzzzzzzzzzzzzzzzzzzzz>; HiZ drive
v000001904ea99cb0_0 .net "MX2_RESULT", 31 0, o000001904ea42bd8;  0 drivers
v000001904ea98a90_0 .var "OUT_EnableEX", 0 0;
v000001904ea986d0_0 .var "OUT_ID_ALU_OP", 3 0;
v000001904ea98c70_0 .var "OUT_ID_HI_ENABLE", 0 0;
v000001904ea98ef0_0 .var "OUT_ID_HI_QS", 31 0;
v000001904ea992b0_0 .var "OUT_ID_LOAD_INSTR", 0 0;
v000001904ea993f0_0 .var "OUT_ID_LO_ENABLE", 0 0;
v000001904ea99df0_0 .var "OUT_ID_LO_QS", 31 0;
v000001904ea99d50_0 .var "OUT_ID_MEM_ENABLE", 0 0;
v000001904ea99c10_0 .var "OUT_ID_MEM_READWRITE", 0 0;
v000001904ea989f0_0 .var "OUT_ID_MEM_SIGNE", 0 0;
v000001904ea98db0_0 .var "OUT_ID_MEM_SIZE", 1 0;
v000001904ea99710_0 .var "OUT_ID_OP_H_S", 2 0;
v000001904ea997b0_0 .var "OUT_ID_PC_PLUS8_INSTR", 0 0;
v000001904ea99490_0 .var "OUT_ID_PC_PLUS8_RESULT", 31 0;
v000001904ea9a110_0 .var "OUT_ID_RF_ENABLE", 0 0;
v000001904ea98f90_0 .var "OUT_ID_RT", 4 0;
v000001904ea99fd0_0 .var "OUT_regEX", 4 0;
v000001904ea98d10_0 .var "OUT_regMEM", 4 0;
v000001904ea98770_0 .var "OUT_regWB", 4 0;
o000001904ea42f98 .functor BUFZ 1, C4<z>; HiZ drive
v000001904ea98270_0 .net "Reset", 0 0, o000001904ea42f98;  0 drivers
E_000001904ea1d000 .event posedge, v000001904ea97db0_0;
S_000001904e9f2ce0 .scope module, "Pipeline_Register_32bit_IF_ID" "Pipeline_Register_32bit_IF_ID" 2 1;
 .timescale 0 0;
    .port_info 0 /INPUT 32 "DS";
    .port_info 1 /INPUT 32 "PC";
    .port_info 2 /INPUT 1 "Clk";
    .port_info 3 /INPUT 1 "LE";
    .port_info 4 /INPUT 1 "Reset";
    .port_info 5 /OUTPUT 32 "Qs";
    .port_info 6 /OUTPUT 32 "PC_out";
    .port_info 7 /OUTPUT 16 "OUT_IF_IMM16";
    .port_info 8 /OUTPUT 32 "OUT_IF_OPERAND_A";
    .port_info 9 /OUTPUT 32 "OUT_IF_OPERAND_B";
o000001904ea43778 .functor BUFZ 1, C4<z>; HiZ drive
v000001904ea99e90_0 .net "Clk", 0 0, o000001904ea43778;  0 drivers
o000001904ea437a8 .functor BUFZ 32, C4<zzzzzzzzzzzzzzzzzzzzzzzzzzzzzzzz>; HiZ drive
v000001904ea98b30_0 .net "DS", 31 0, o000001904ea437a8;  0 drivers
o000001904ea437d8 .functor BUFZ 1, C4<z>; HiZ drive
v000001904ea99850_0 .net "LE", 0 0, o000001904ea437d8;  0 drivers
v000001904ea98bd0_0 .var "OUT_IF_IMM16", 15 0;
v000001904ea98630_0 .var "OUT_IF_OPERAND_A", 31 0;
v000001904ea99170_0 .var "OUT_IF_OPERAND_B", 31 0;
o000001904ea43898 .functor BUFZ 32, C4<zzzzzzzzzzzzzzzzzzzzzzzzzzzzzzzz>; HiZ drive
v000001904ea99030_0 .net "PC", 31 0, o000001904ea43898;  0 drivers
v000001904ea98310_0 .var "PC_out", 31 0;
v000001904ea988b0_0 .var "Qs", 31 0;
o000001904ea43928 .functor BUFZ 1, C4<z>; HiZ drive
v000001904ea99530_0 .net "Reset", 0 0, o000001904ea43928;  0 drivers
E_000001904ea1d6c0 .event posedge, v000001904ea99e90_0;
S_000001904e9f2f20 .scope module, "Pipeline_Register_32bit_MEM_WB" "Pipeline_Register_32bit_MEM_WB" 2 202;
 .timescale 0 0;
    .port_info 0 /INPUT 1 "Clk";
    .port_info 1 /INPUT 1 "Reset";
    .port_info 2 /INPUT 1 "MEM_RF_ENABLE";
    .port_info 3 /INPUT 1 "MEM_HI_ENABLE";
    .port_info 4 /INPUT 1 "MEM_LO_ENABLE";
    .port_info 5 /OUTPUT 1 "OUT_MEM_RF_ENABLE";
    .port_info 6 /OUTPUT 1 "OUT_MEM_HI_ENABLE";
    .port_info 7 /OUTPUT 1 "OUT_MEM_LO_ENABLE";
    .port_info 8 /OUTPUT 1 "OUT_WB_LO_ENABLE";
    .port_info 9 /OUTPUT 1 "OUT_WB_HI_ENABLE";
    .port_info 10 /OUTPUT 1 "OUT_RW_REGISTER_FILE";
    .port_info 11 /OUTPUT 1 "OUT_EnableMEM";
o000001904ea43b38 .functor BUFZ 1, C4<z>; HiZ drive
v000001904ea98450_0 .net "Clk", 0 0, o000001904ea43b38;  0 drivers
o000001904ea43b68 .functor BUFZ 1, C4<z>; HiZ drive
v000001904ea984f0_0 .net "MEM_HI_ENABLE", 0 0, o000001904ea43b68;  0 drivers
o000001904ea43b98 .functor BUFZ 1, C4<z>; HiZ drive
v000001904ea990d0_0 .net "MEM_LO_ENABLE", 0 0, o000001904ea43b98;  0 drivers
o000001904ea43bc8 .functor BUFZ 1, C4<z>; HiZ drive
v000001904ea99210_0 .net "MEM_RF_ENABLE", 0 0, o000001904ea43bc8;  0 drivers
v000001904ea98590_0 .var "OUT_EnableMEM", 0 0;
v000001904ea99350_0 .var "OUT_MEM_HI_ENABLE", 0 0;
v000001904ea98810_0 .var "OUT_MEM_LO_ENABLE", 0 0;
v000001904ea98950_0 .var "OUT_MEM_RF_ENABLE", 0 0;
v000001904ea995d0_0 .var "OUT_RW_REGISTER_FILE", 0 0;
v000001904ea99670_0 .var "OUT_WB_HI_ENABLE", 0 0;
v000001904ea998f0_0 .var "OUT_WB_LO_ENABLE", 0 0;
o000001904ea43d48 .functor BUFZ 1, C4<z>; HiZ drive
v000001904ea99990_0 .net "Reset", 0 0, o000001904ea43d48;  0 drivers
E_000001904ea1cd40 .event posedge, v000001904ea98450_0;
    .scope S_000001904ea3e070;
T_0 ;
    %wait E_000001904ea1d180;
    %load/vec4 v000001904ea97d10_0;
    %flag_set/vec4 8;
    %jmp/0xz  T_0.0, 8;
    %pushi/vec4 0, 0, 1;
    %assign/vec4 v000001904ea96fa0_0, 0;
    %pushi/vec4 0, 0, 1;
    %assign/vec4 v000001904ea97bd0_0, 0;
    %pushi/vec4 0, 0, 1;
    %assign/vec4 v000001904ea96f00_0, 0;
    %pushi/vec4 0, 0, 1;
    %assign/vec4 v000001904ea97c70_0, 0;
    %pushi/vec4 0, 0, 1;
    %assign/vec4 v000001904ea97130_0, 0;
    %pushi/vec4 0, 0, 1;
    %assign/vec4 v000001904ea97f90_0, 0;
    %pushi/vec4 0, 0, 1;
    %assign/vec4 v000001904ea97b30_0, 0;
    %pushi/vec4 0, 0, 2;
    %assign/vec4 v000001904ea97e50_0, 0;
    %pushi/vec4 0, 0, 1;
    %assign/vec4 v000001904ea97090_0, 0;
    %jmp T_0.1;
T_0.0 ;
    %load/vec4 v000001904ea24d70_0;
    %assign/vec4 v000001904ea96fa0_0, 0;
    %load/vec4 v000001904ea96e60_0;
    %assign/vec4 v000001904ea97bd0_0, 0;
    %load/vec4 v000001904ea24cd0_0;
    %assign/vec4 v000001904ea96f00_0, 0;
    %load/vec4 v000001904ea24e10_0;
    %assign/vec4 v000001904ea97c70_0, 0;
    %load/vec4 v000001904ea96dc0_0;
    %assign/vec4 v000001904ea97130_0, 0;
    %load/vec4 v000001904ea24eb0_0;
    %assign/vec4 v000001904ea97f90_0, 0;
    %load/vec4 v000001904ea24f50_0;
    %assign/vec4 v000001904ea97b30_0, 0;
    %load/vec4 v000001904ea96d20_0;
    %assign/vec4 v000001904ea97e50_0, 0;
    %load/vec4 v000001904ea96c80_0;
    %assign/vec4 v000001904ea97090_0, 0;
T_0.1 ;
    %jmp T_0;
    .thread T_0;
    .scope S_000001904ea35550;
T_1 ;
    %wait E_000001904ea1d000;
    %load/vec4 v000001904ea98270_0;
    %flag_set/vec4 8;
    %jmp/0xz  T_1.0, 8;
    %pushi/vec4 0, 0, 4;
    %assign/vec4 v000001904ea986d0_0, 0;
    %pushi/vec4 0, 0, 1;
    %assign/vec4 v000001904ea992b0_0, 0;
    %pushi/vec4 0, 0, 1;
    %assign/vec4 v000001904ea9a110_0, 0;
    %pushi/vec4 0, 0, 1;
    %assign/vec4 v000001904ea98c70_0, 0;
    %pushi/vec4 0, 0, 1;
    %assign/vec4 v000001904ea993f0_0, 0;
    %pushi/vec4 0, 0, 1;
    %assign/vec4 v000001904ea997b0_0, 0;
    %pushi/vec4 0, 0, 3;
    %assign/vec4 v000001904ea99710_0, 0;
    %pushi/vec4 0, 0, 1;
    %assign/vec4 v000001904ea99d50_0, 0;
    %pushi/vec4 0, 0, 1;
    %assign/vec4 v000001904ea99c10_0, 0;
    %pushi/vec4 0, 0, 2;
    %assign/vec4 v000001904ea98db0_0, 0;
    %pushi/vec4 0, 0, 1;
    %assign/vec4 v000001904ea989f0_0, 0;
    %jmp T_1.1;
T_1.0 ;
    %load/vec4 v000001904ea97ef0_0;
    %assign/vec4 v000001904ea986d0_0, 0;
    %load/vec4 v000001904ea97450_0;
    %assign/vec4 v000001904ea992b0_0, 0;
    %load/vec4 v000001904ea98e50_0;
    %assign/vec4 v000001904ea9a110_0, 0;
    %load/vec4 v000001904ea97810_0;
    %assign/vec4 v000001904ea98c70_0, 0;
    %load/vec4 v000001904ea97310_0;
    %assign/vec4 v000001904ea993f0_0, 0;
    %load/vec4 v000001904ea979f0_0;
    %assign/vec4 v000001904ea997b0_0, 0;
    %load/vec4 v000001904ea978b0_0;
    %assign/vec4 v000001904ea99710_0, 0;
    %load/vec4 v000001904ea97590_0;
    %assign/vec4 v000001904ea99d50_0, 0;
    %load/vec4 v000001904ea97630_0;
    %assign/vec4 v000001904ea99c10_0, 0;
    %load/vec4 v000001904ea97770_0;
    %assign/vec4 v000001904ea98db0_0, 0;
    %load/vec4 v000001904ea976d0_0;
    %assign/vec4 v000001904ea989f0_0, 0;
    %load/vec4 v000001904ea99f30_0;
    %assign/vec4 v000001904ea98f90_0, 0;
T_1.1 ;
    %jmp T_1;
    .thread T_1;
    .scope S_000001904e9f2ce0;
T_2 ;
    %wait E_000001904ea1d6c0;
    %load/vec4 v000001904ea98b30_0;
    %assign/vec4 v000001904ea988b0_0, 0;
    %load/vec4 v000001904ea99530_0;
    %flag_set/vec4 8;
    %jmp/0xz  T_2.0, 8;
    %pushi/vec4 0, 0, 32;
    %assign/vec4 v000001904ea988b0_0, 0;
    %pushi/vec4 0, 0, 32;
    %assign/vec4 v000001904ea98310_0, 0;
    %jmp T_2.1;
T_2.0 ;
    %load/vec4 v000001904ea99850_0;
    %flag_set/vec4 8;
    %jmp/0xz  T_2.2, 8;
    %load/vec4 v000001904ea98b30_0;
    %assign/vec4 v000001904ea988b0_0, 0;
    %load/vec4 v000001904ea99030_0;
    %assign/vec4 v000001904ea98310_0, 0;
T_2.2 ;
T_2.1 ;
    %jmp T_2;
    .thread T_2;
    .scope S_000001904e9f2f20;
T_3 ;
    %wait E_000001904ea1cd40;
    %load/vec4 v000001904ea99990_0;
    %flag_set/vec4 8;
    %jmp/0xz  T_3.0, 8;
    %pushi/vec4 0, 0, 1;
    %assign/vec4 v000001904ea98950_0, 0;
    %pushi/vec4 0, 0, 1;
    %assign/vec4 v000001904ea99350_0, 0;
    %pushi/vec4 0, 0, 1;
    %assign/vec4 v000001904ea98810_0, 0;
    %jmp T_3.1;
T_3.0 ;
    %load/vec4 v000001904ea99210_0;
    %assign/vec4 v000001904ea98950_0, 0;
    %load/vec4 v000001904ea984f0_0;
    %assign/vec4 v000001904ea99350_0, 0;
    %load/vec4 v000001904ea990d0_0;
    %assign/vec4 v000001904ea98810_0, 0;
T_3.1 ;
    %jmp T_3;
    .thread T_3;
# The file index is used to find the file name in the following table.
:file_names 3;
    "N/A";
    "<interactive>";
    "Stages.v";
